#
# A fatal error has been detected by the Java Runtime Environment:
#
#  EXCEPTION_ACCESS_VIOLATION (0xc0000005) at pc=0xffffffffa3405120, pid=6084, tid=5624
#
# JRE version: Java(TM) SE Runtime Environment (8.0_45-b15) (build 1.8.0_45-b15)
# Java VM: Java HotSpot(TM) 64-Bit Server VM (25.45-b02 mixed mode windows-amd64 compressed oops)
# Problematic frame:
# C  0xffffffffa3405120
#
# Failed to write core dump. Minidumps are not enabled by default on client versions of Windows
#
# If you would like to submit a bug report, please visit:
#   http://bugreport.java.com/bugreport/crash.jsp
#

---------------  T H R E A D  ---------------

Current thread (0x0000000019af5000):  JavaThread "Thread-6" [_thread_in_Java, id=5624, stack(0x00000000234a0000,0x00000000235a0000)]

siginfo: ExceptionCode=0xc0000005, ExceptionInformation=0x0000000000000008 0xffffffffa3405120

Registers:
RAX=0x000000001b2f1328, RBX=0x000000001b2f1328, RCX=0x00000000211c7f60, RDX=0x00000000024077b0
RSP=0x000000002359ee68, RBP=0x000000002359eec8, RSI=0x0000000021480040, RDI=0x0000000000000008
R8 =0x00000000ffffffff, R9 =0x0000000000000000, R10=0x00000000704fbba0, R11=0x00000000025604e0
R12=0x0000000000000000, R13=0x000000002359ee78, R14=0x000000002359ef40, R15=0x0000000019af5000
RIP=0xffffffffa3405120, EFLAGS=0x0000000000010202

Top of Stack: (sp=0x000000002359ee68)
0x000000002359ee68:   00000000024077b0 00000000024077b0
0x000000002359ee78:   0000000000000001 0000000000000000
0x000000002359ee88:   000000002359ee78 00000000211c751d
0x000000002359ee98:   000000002359ef40 00000000211c7f60
0x000000002359eea8:   0000000000000000 00000000211c76e0
0x000000002359eeb8:   000000002359ee78 000000002359ef38
0x000000002359eec8:   000000002359ef90 0000000002407a2d
0x000000002359eed8:   0000000000000000 0000000000000054
0x000000002359eee8:   0000000000000014 00000000e4f69ac0
0x000000002359eef8:   0000000000000000 0000000000000000
0x000000002359ef08:   0000000000000080 00000000e4f54c10
0x000000002359ef18:   00000000e4f53138 00000000e4f527e0
0x000000002359ef28:   00000000e4f4e348 00000000e4f4caa0
0x000000002359ef38:   00000000e3e22878 00000000e4f47680
0x000000002359ef48:   00000000e4f47680 000000002359ef50
0x000000002359ef58:   0000000021198a64 000000002359efe8 

Instructions: (pc=0xffffffffa3405120)
0xffffffffa3405100:   
[error occurred during error reporting (printing registers, top of stack, instructions near pc), id 0xc0000005]

Register to memory mapping:

RAX={method} {0x000000001b2f1330} 'access$1700' '()Ljava/nio/IntBuffer;' in 'cpw/mods/fml/client/SplashProgress'
RBX={method} {0x000000001b2f1330} 'access$1700' '()Ljava/nio/IntBuffer;' in 'cpw/mods/fml/client/SplashProgress'
RCX=0x00000000211c7f60 is pointing into metadata
RDX=0x00000000024077b0 is at code_begin+1456 in an Interpreter codelet
invoke return entry points  [0x0000000002407200, 0x0000000002407b00]  2304 bytes
RSP=0x000000002359ee68 is pointing into the stack for thread: 0x0000000019af5000
RBP=0x000000002359eec8 is pointing into the stack for thread: 0x0000000019af5000
RSI=0x0000000021480040 is an unknown value
RDI=0x0000000000000008 is an unknown value
R8 =0x00000000ffffffff is an unallocated location in the heap
R9 =0x0000000000000000 is an unknown value
R10=0x00000000704fbba0 is an unknown value
R11=0x00000000025604e0 is at entry_point+0 in (nmethod*)0x0000000002560390
R12=0x0000000000000000 is an unknown value
R13=0x000000002359ee78 is pointing into the stack for thread: 0x0000000019af5000
R14=0x000000002359ef40 is pointing into the stack for thread: 0x0000000019af5000
R15=0x0000000019af5000 is a thread


Stack: [0x00000000234a0000,0x00000000235a0000],  sp=0x000000002359ee68,  free space=1019k
Native frames: (J=compiled Java code, j=interpreted, Vv=VM code, C=native code)
C  0xffffffffa3405120


---------------  P R O C E S S  ---------------

Java Threads: ( => current thread )
=>0x0000000019af5000 JavaThread "Thread-6" [_thread_in_Java, id=5624, stack(0x00000000234a0000,0x00000000235a0000)]
  0x0000000018cca800 JavaThread "Java2D Disposer" daemon [_thread_blocked, id=4148, stack(0x000000001aba0000,0x000000001aca0000)]
  0x00000000187bf800 JavaThread "Timer hack thread" daemon [_thread_blocked, id=7164, stack(0x000000001aaa0000,0x000000001aba0000)]
  0x0000000019642000 JavaThread "Snooper Timer" daemon [_thread_blocked, id=6924, stack(0x000000001a560000,0x000000001a660000)]
  0x00000000172c8800 JavaThread "Service Thread" daemon [_thread_blocked, id=4144, stack(0x00000000170c0000,0x00000000171c0000)]
  0x0000000015d85800 JavaThread "C1 CompilerThread1" daemon [_thread_in_native, id=6624, stack(0x00000000171c0000,0x00000000172c0000)]
  0x0000000015d7e000 JavaThread "C2 CompilerThread0" daemon [_thread_in_native, id=2196, stack(0x0000000016fb0000,0x00000000170b0000)]
  0x0000000015d7c800 JavaThread "Attach Listener" daemon [_thread_blocked, id=6328, stack(0x0000000016ea0000,0x0000000016fa0000)]
  0x0000000015d7b000 JavaThread "Signal Dispatcher" daemon [_thread_blocked, id=6468, stack(0x0000000016c50000,0x0000000016d50000)]
  0x0000000015d1f800 JavaThread "Finalizer" daemon [_thread_blocked, id=2920, stack(0x0000000016ae0000,0x0000000016be0000)]
  0x0000000015d18800 JavaThread "Reference Handler" daemon [_thread_blocked, id=6764, stack(0x0000000016970000,0x0000000016a70000)]
  0x0000000001de2000 JavaThread "Client thread" [_thread_in_native, id=6956, stack(0x0000000001ec0000,0x0000000001fc0000)]

Other Threads:
  0x0000000015d11000 VMThread [stack: 0x0000000016780000,0x0000000016880000] [id=3816]
  0x0000000015dde000 WatcherThread [stack: 0x0000000016da0000,0x0000000016ea0000] [id=4604]

VM state:not at safepoint (normal execution)

VM Mutex/Monitor currently owned by a thread: None

Heap:
 PSYoungGen      total 194048K, used 104232K [0x00000000e0000000, 0x00000000f7c00000, 0x0000000100000000)
  eden space 182272K, 57% used [0x00000000e0000000,0x00000000e65ca068,0x00000000eb200000)
  from space 11776K, 0% used [0x00000000eb200000,0x00000000eb200000,0x00000000ebd80000)
  to   space 12288K, 0% used [0x00000000f7000000,0x00000000f7000000,0x00000000f7c00000)
 ParOldGen       total 72192K, used 28432K [0x00000000a0000000, 0x00000000a4680000, 0x00000000e0000000)
  object space 72192K, 39% used [0x00000000a0000000,0x00000000a1bc4180,0x00000000a4680000)
 Metaspace       used 24176K, capacity 24495K, committed 24960K, reserved 1071104K
  class space    used 3033K, capacity 3114K, committed 3200K, reserved 1048576K

Card table byte_map: [0x00000000117c0000,0x0000000011ad0000] byte_map_base: 0x00000000112c0000

Marking Bits: (ParMarkBitMap*) 0x0000000070514040
 Begin Bits: [0x00000000120e0000, 0x00000000138e0000)
 End Bits:   [0x00000000138e0000, 0x00000000150e0000)

Polling page: 0x0000000000110000

CodeCache: size=245760Kb used=9777Kb max_used=9777Kb free=235982Kb
 bounds [0x0000000002400000, 0x0000000002db0000, 0x0000000011400000]
 total_blobs=3193 nmethods=2602 adapters=505
 compilation: enabled

Compilation events (10 events):
Event: 10.759 Thread 0x0000000015d85800 2634       2       java.nio.DirectIntBufferU::ix (10 bytes)
Event: 10.759 Thread 0x0000000015d85800 nmethod 2634 0x0000000002560750 code [0x00000000025608a0, 0x00000000025609f0]
Event: 10.759 Thread 0x0000000015d85800 2638       2       java.nio.DirectIntBufferU::put (17 bytes)
Event: 10.759 Thread 0x0000000015d85800 nmethod 2638 0x00000000027c0010 code [0x00000000027c0180, 0x00000000027c0368]
Event: 10.759 Thread 0x0000000015d85800 2636       2       cpw.mods.fml.client.SplashProgress::access$1700 (4 bytes)
Event: 10.759 Thread 0x0000000015d85800 nmethod 2636 0x0000000002560390 code [0x00000000025604e0, 0x0000000002560610]
Event: 10.759 Thread 0x0000000015d85800 2637       2       java.awt.image.BufferedImage::getRGB (18 bytes)
Event: 10.759 Thread 0x0000000015d85800 nmethod 2637 0x00000000027bfc10 code [0x00000000027bfd80, 0x00000000027bff38]
Event: 10.760 Thread 0x0000000015d85800 2639       1       cpw.mods.fml.client.SplashProgress::access$1700 (4 bytes)
Event: 10.760 Thread 0x0000000015d85800 nmethod 2639 0x0000000002514650 code [0x00000000025147a0, 0x0000000002514890]

GC Heap History (10 events):
Event: 5.006 GC heap before
{Heap before GC invocations=7 (full 1):
 PSYoungGen      total 53248K, used 53238K [0x00000000e0000000, 0x00000000e6800000, 0x0000000100000000)
  eden space 49152K, 100% used [0x00000000e0000000,0x00000000e3000000,0x00000000e3000000)
  from space 4096K, 99% used [0x00000000e3000000,0x00000000e33fdaa0,0x00000000e3400000)
  to   space 4096K, 0% used [0x00000000e6400000,0x00000000e6400000,0x00000000e6800000)
 ParOldGen       total 65536K, used 17549K [0x00000000a0000000, 0x00000000a4000000, 0x00000000e0000000)
  object space 65536K, 26% used [0x00000000a0000000,0x00000000a1123740,0x00000000a4000000)
 Metaspace       used 13391K, capacity 13524K, committed 13696K, reserved 1060864K
  class space    used 1572K, capacity 1600K, committed 1664K, reserved 1048576K
Event: 5.081 GC heap after
Heap after GC invocations=7 (full 1):
 PSYoungGen      total 95744K, used 4064K [0x00000000e0000000, 0x00000000e7500000, 0x0000000100000000)
  eden space 91648K, 0% used [0x00000000e0000000,0x00000000e0000000,0x00000000e5980000)
  from space 4096K, 99% used [0x00000000e6400000,0x00000000e67f8128,0x00000000e6800000)
  to   space 10752K, 0% used [0x00000000e5980000,0x00000000e5980000,0x00000000e6400000)
 ParOldGen       total 65536K, used 19373K [0x00000000a0000000, 0x00000000a4000000, 0x00000000e0000000)
  object space 65536K, 29% used [0x00000000a0000000,0x00000000a12eb5d8,0x00000000a4000000)
 Metaspace       used 13391K, capacity 13524K, committed 13696K, reserved 1060864K
  class space    used 1572K, capacity 1600K, committed 1664K, reserved 1048576K
}
Event: 6.352 GC heap before
{Heap before GC invocations=8 (full 1):
 PSYoungGen      total 95744K, used 95712K [0x00000000e0000000, 0x00000000e7500000, 0x0000000100000000)
  eden space 91648K, 100% used [0x00000000e0000000,0x00000000e5980000,0x00000000e5980000)
  from space 4096K, 99% used [0x00000000e6400000,0x00000000e67f8128,0x00000000e6800000)
  to   space 10752K, 0% used [0x00000000e5980000,0x00000000e5980000,0x00000000e6400000)
 ParOldGen       total 65536K, used 19373K [0x00000000a0000000, 0x00000000a4000000, 0x00000000e0000000)
  object space 65536K, 29% used [0x00000000a0000000,0x00000000a12eb5d8,0x00000000a4000000)
 Metaspace       used 16489K, capacity 16672K, committed 16896K, reserved 1064960K
  class space    used 1942K, capacity 1986K, committed 2048K, reserved 1048576K
Event: 6.374 GC heap after
Heap after GC invocations=8 (full 1):
 PSYoungGen      total 102400K, used 7758K [0x00000000e0000000, 0x00000000ec800000, 0x0000000100000000)
  eden space 91648K, 0% used [0x00000000e0000000,0x00000000e0000000,0x00000000e5980000)
  from space 10752K, 72% used [0x00000000e5980000,0x00000000e6113858,0x00000000e6400000)
  to   space 10752K, 0% used [0x00000000ebd80000,0x00000000ebd80000,0x00000000ec800000)
 ParOldGen       total 65536K, used 29621K [0x00000000a0000000, 0x00000000a4000000, 0x00000000e0000000)
  object space 65536K, 45% used [0x00000000a0000000,0x00000000a1ced5e8,0x00000000a4000000)
 Metaspace       used 16489K, capacity 16672K, committed 16896K, reserved 1064960K
  class space    used 1942K, capacity 1986K, committed 2048K, reserved 1048576K
}
Event: 7.206 GC heap before
{Heap before GC invocations=9 (full 1):
 PSYoungGen      total 102400K, used 99406K [0x00000000e0000000, 0x00000000ec800000, 0x0000000100000000)
  eden space 91648K, 100% used [0x00000000e0000000,0x00000000e5980000,0x00000000e5980000)
  from space 10752K, 72% used [0x00000000e5980000,0x00000000e6113858,0x00000000e6400000)
  to   space 10752K, 0% used [0x00000000ebd80000,0x00000000ebd80000,0x00000000ec800000)
 ParOldGen       total 65536K, used 29621K [0x00000000a0000000, 0x00000000a4000000, 0x00000000e0000000)
  object space 65536K, 45% used [0x00000000a0000000,0x00000000a1ced5e8,0x00000000a4000000)
 Metaspace       used 18372K, capacity 18598K, committed 18816K, reserved 1064960K
  class space    used 2330K, capacity 2371K, committed 2432K, reserved 1048576K
Event: 7.229 GC heap after
Heap after GC invocations=9 (full 1):
 PSYoungGen      total 193024K, used 10024K [0x00000000e0000000, 0x00000000eca00000, 0x0000000100000000)
  eden space 182272K, 0% used [0x00000000e0000000,0x00000000e0000000,0x00000000eb200000)
  from space 10752K, 93% used [0x00000000ebd80000,0x00000000ec74a1b0,0x00000000ec800000)
  to   space 11776K, 0% used [0x00000000eb200000,0x00000000eb200000,0x00000000ebd80000)
 ParOldGen       total 65536K, used 29930K [0x00000000a0000000, 0x00000000a4000000, 0x00000000e0000000)
  object space 65536K, 45% used [0x00000000a0000000,0x00000000a1d3a8e0,0x00000000a4000000)
 Metaspace       used 18372K, capacity 18598K, committed 18816K, reserved 1064960K
  class space    used 2330K, capacity 2371K, committed 2432K, reserved 1048576K
}
Event: 8.053 GC heap before
{Heap before GC invocations=10 (full 1):
 PSYoungGen      total 193024K, used 85847K [0x00000000e0000000, 0x00000000eca00000, 0x0000000100000000)
  eden space 182272K, 41% used [0x00000000e0000000,0x00000000e4a0bce8,0x00000000eb200000)
  from space 10752K, 93% used [0x00000000ebd80000,0x00000000ec74a1b0,0x00000000ec800000)
  to   space 11776K, 0% used [0x00000000eb200000,0x00000000eb200000,0x00000000ebd80000)
 ParOldGen       total 65536K, used 29930K [0x00000000a0000000, 0x00000000a4000000, 0x00000000e0000000)
  object space 65536K, 45% used [0x00000000a0000000,0x00000000a1d3a8e0,0x00000000a4000000)
 Metaspace       used 20830K, capacity 21038K, committed 21248K, reserved 1067008K
  class space    used 2691K, capacity 2759K, committed 2816K, reserved 1048576K
Event: 8.153 GC heap after
Heap after GC invocations=10 (full 1):
 PSYoungGen      total 194048K, used 10133K [0x00000000e0000000, 0x00000000f7c00000, 0x0000000100000000)
  eden space 182272K, 0% used [0x00000000e0000000,0x00000000e0000000,0x00000000eb200000)
  from space 11776K, 86% used [0x00000000eb200000,0x00000000ebbe5568,0x00000000ebd80000)
  to   space 12288K, 0% used [0x00000000f7000000,0x00000000f7000000,0x00000000f7c00000)
 ParOldGen       total 65536K, used 32930K [0x00000000a0000000, 0x00000000a4000000, 0x00000000e0000000)
  object space 65536K, 50% used [0x00000000a0000000,0x00000000a2028a88,0x00000000a4000000)
 Metaspace       used 20830K, capacity 21038K, committed 21248K, reserved 1067008K
  class space    used 2691K, capacity 2759K, committed 2816K, reserved 1048576K
}
Event: 8.153 GC heap before
{Heap before GC invocations=11 (full 2):
 PSYoungGen      total 194048K, used 10133K [0x00000000e0000000, 0x00000000f7c00000, 0x0000000100000000)
  eden space 182272K, 0% used [0x00000000e0000000,0x00000000e0000000,0x00000000eb200000)
  from space 11776K, 86% used [0x00000000eb200000,0x00000000ebbe5568,0x00000000ebd80000)
  to   space 12288K, 0% used [0x00000000f7000000,0x00000000f7000000,0x00000000f7c00000)
 ParOldGen       total 65536K, used 32930K [0x00000000a0000000, 0x00000000a4000000, 0x00000000e0000000)
  object space 65536K, 50% used [0x00000000a0000000,0x00000000a2028a88,0x00000000a4000000)
 Metaspace       used 20830K, capacity 21038K, committed 21248K, reserved 1067008K
  class space    used 2691K, capacity 2759K, committed 2816K, reserved 1048576K
Event: 8.409 GC heap after
Heap after GC invocations=11 (full 2):
 PSYoungGen      total 194048K, used 0K [0x00000000e0000000, 0x00000000f7c00000, 0x0000000100000000)
  eden space 182272K, 0% used [0x00000000e0000000,0x00000000e0000000,0x00000000eb200000)
  from space 11776K, 0% used [0x00000000eb200000,0x00000000eb200000,0x00000000ebd80000)
  to   space 12288K, 0% used [0x00000000f7000000,0x00000000f7000000,0x00000000f7c00000)
 ParOldGen       total 72192K, used 28432K [0x00000000a0000000, 0x00000000a4680000, 0x00000000e0000000)
  object space 72192K, 39% used [0x00000000a0000000,0x00000000a1bc4180,0x00000000a4680000)
 Metaspace       used 20830K, capacity 21038K, committed 21248K, reserved 1067008K
  class space    used 2691K, capacity 2759K, committed 2816K, reserved 1048576K
}

Deoptimization events (10 events):
Event: 7.511 Thread 0x0000000001de2000 Uncommon trap: reason=unstable_if action=reinterpret pc=0x00000000029f5ad8 method=org.objectweb.asm.ByteVector.putUTF8(Ljava/lang/String;)Lorg/objectweb/asm/ByteVector; @ 98
Event: 7.511 Thread 0x0000000001de2000 Uncommon trap: reason=unstable_if action=reinterpret pc=0x0000000002827a5c method=org.objectweb.asm.ClassReader.readUTF(II[C)Ljava/lang/String; @ 77
Event: 7.511 Thread 0x0000000001de2000 Uncommon trap: reason=unstable_if action=reinterpret pc=0x00000000029f45d8 method=org.objectweb.asm.ByteVector.putUTF8(Ljava/lang/String;)Lorg/objectweb/asm/ByteVector; @ 98
Event: 8.034 Thread 0x0000000001de2000 Uncommon trap: reason=unstable_if action=reinterpret pc=0x000000000286d200 method=java.util.ArrayList.toArray([Ljava/lang/Object;)[Ljava/lang/Object; @ 48
Event: 8.488 Thread 0x0000000001de2000 Uncommon trap: reason=unstable_if action=reinterpret pc=0x0000000002c5bc48 method=org.objectweb.asm.MethodWriter.visitMethodInsn(ILjava/lang/String;Ljava/lang/String;Ljava/lang/String;Z)V @ 161
Event: 9.280 Thread 0x0000000001de2000 Uncommon trap: reason=unstable_if action=reinterpret pc=0x0000000002cd8598 method=org.lwjgl.opengl.WindowsDisplay.setIcon([Ljava/nio/ByteBuffer;)I @ 189
Event: 9.606 Thread 0x0000000001de2000 Uncommon trap: reason=unstable_if action=reinterpret pc=0x0000000002b0f35c method=org.objectweb.asm.Type.getArgumentsAndReturnSizes(Ljava/lang/String;)I @ 100
Event: 9.608 Thread 0x0000000001de2000 Uncommon trap: reason=unstable_if action=reinterpret pc=0x0000000002bf851c method=org.objectweb.asm.Type.getArgumentsAndReturnSizes(Ljava/lang/String;)I @ 100
Event: 9.901 Thread 0x0000000001de2000 Uncommon trap: reason=unstable_if action=reinterpret pc=0x0000000002c6d550 method=net.minecraftforge.classloading.FluidIdTransformer.transform(Ljava/lang/String;Ljava/lang/String;[B)[B @ 1
Event: 10.690 Thread 0x0000000001de2000 Uncommon trap: reason=unstable_if action=reinterpret pc=0x000000000267117c method=java.lang.CharacterDataLatin1.isWhitespace(I)Z @ 14

Internal exceptions (10 events):
Event: 9.901 Thread 0x0000000001de2000 Exception <a 'java/lang/NullPointerException'> (0x00000000e3d13c50) thrown at [C:\re\workspace\8-2-build-windows-amd64-cygwin\jdk8u45\3627\hotspot\src\share\vm\runtime\sharedRuntime.cpp, line 605]
Event: 10.372 Thread 0x0000000001de2000 Implicit null exception at 0x0000000002bdd06c to 0x0000000002bde320
Event: 10.372 Thread 0x0000000001de2000 Exception <a 'java/lang/NullPointerException'> (0x00000000e4b693d0) thrown at [C:\re\workspace\8-2-build-windows-amd64-cygwin\jdk8u45\3627\hotspot\src\share\vm\runtime\sharedRuntime.cpp, line 605]
Event: 10.373 Thread 0x0000000001de2000 Implicit null exception at 0x0000000002bdd06c to 0x0000000002bde320
Event: 10.373 Thread 0x0000000001de2000 Exception <a 'java/lang/NullPointerException'> (0x00000000e4b79d00) thrown at [C:\re\workspace\8-2-build-windows-amd64-cygwin\jdk8u45\3627\hotspot\src\share\vm\runtime\sharedRuntime.cpp, line 605]
Event: 10.379 Thread 0x0000000001de2000 Implicit null exception at 0x0000000002bdd06c to 0x0000000002bde320
Event: 10.379 Thread 0x0000000001de2000 Exception <a 'java/lang/NullPointerException'> (0x00000000e4b8a980) thrown at [C:\re\workspace\8-2-build-windows-amd64-cygwin\jdk8u45\3627\hotspot\src\share\vm\runtime\sharedRuntime.cpp, line 605]
Event: 10.381 Thread 0x0000000001de2000 Implicit null exception at 0x0000000002bdd06c to 0x0000000002bde320
Event: 10.381 Thread 0x0000000001de2000 Exception <a 'java/lang/NullPointerException'> (0x00000000e4b9b2b0) thrown at [C:\re\workspace\8-2-build-windows-amd64-cygwin\jdk8u45\3627\hotspot\src\share\vm\runtime\sharedRuntime.cpp, line 605]
Event: 10.537 Thread 0x0000000019af5000 Exception <a 'java/io/FileNotFoundException'> (0x00000000e4f4b090) thrown at [C:\re\workspace\8-2-build-windows-amd64-cygwin\jdk8u45\3627\hotspot\src\share\vm\prims\jni.cpp, line 709]

Events (10 events):
Event: 10.730 loading class cpw/mods/fml/common/discovery/ModCandidate
Event: 10.730 loading class cpw/mods/fml/common/discovery/ModCandidate done
Event: 10.732 loading class cpw/mods/fml/common/discovery/ContainerType
Event: 10.732 loading class cpw/mods/fml/common/discovery/ContainerType done
Event: 10.733 loading class cpw/mods/fml/common/discovery/JarDiscoverer
Event: 10.733 loading class cpw/mods/fml/common/discovery/JarDiscoverer done
Event: 10.736 loading class cpw/mods/fml/common/discovery/ITypeDiscoverer
Event: 10.736 loading class cpw/mods/fml/common/discovery/ITypeDiscoverer done
Event: 10.738 loading class cpw/mods/fml/common/discovery/DirectoryDiscoverer
Event: 10.738 loading class cpw/mods/fml/common/discovery/DirectoryDiscoverer done


Dynamic libraries:
0x000000013fea0000 - 0x000000013fed7000 	C:\Program Files\Java\jre1.8.0_45\bin\javaw.exe
0x0000000077460000 - 0x0000000077609000 	C:\Windows\SYSTEM32\ntdll.dll
0x0000000077340000 - 0x000000007745f000 	C:\Windows\system32\kernel32.dll
0x000007fefd3a0000 - 0x000007fefd40c000 	C:\Windows\system32\KERNELBASE.dll
0x000007fefee70000 - 0x000007fefef4b000 	C:\Windows\system32\ADVAPI32.dll
0x000007fefeab0000 - 0x000007fefeb4f000 	C:\Windows\system32\msvcrt.dll
0x000007feff2f0000 - 0x000007feff30f000 	C:\Windows\SYSTEM32\sechost.dll
0x000007fefe6b0000 - 0x000007fefe7dd000 	C:\Windows\system32\RPCRT4.dll
0x0000000077240000 - 0x000000007733a000 	C:\Windows\system32\USER32.dll
0x000007fefeb50000 - 0x000007fefebb7000 	C:\Windows\system32\GDI32.dll
0x000007fefe5c0000 - 0x000007fefe5ce000 	C:\Windows\system32\LPK.dll
0x000007feff160000 - 0x000007feff229000 	C:\Windows\system32\USP10.dll
0x000007fefbdc0000 - 0x000007fefbfb4000 	C:\Windows\WinSxS\amd64_microsoft.windows.common-controls_6595b64144ccf1df_6.0.7601.18837_none_fa3b1e3d17594757\COMCTL32.dll
0x000007feff6f0000 - 0x000007feff761000 	C:\Windows\system32\SHLWAPI.dll
0x000007fefeda0000 - 0x000007fefedce000 	C:\Windows\system32\IMM32.DLL
0x000007feff3b0000 - 0x000007feff4b9000 	C:\Windows\system32\MSCTF.dll
0x00000000532e0000 - 0x00000000533b2000 	C:\Program Files\Java\jre1.8.0_45\bin\msvcr100.dll
0x000000006fd10000 - 0x0000000070593000 	C:\Program Files\Java\jre1.8.0_45\bin\server\jvm.dll
0x000007fef2fa0000 - 0x000007fef2fa9000 	C:\Windows\system32\WSOCK32.dll
0x000007feff230000 - 0x000007feff27d000 	C:\Windows\system32\WS2_32.dll
0x000007feff280000 - 0x000007feff288000 	C:\Windows\system32\NSI.dll
0x000007fef8e80000 - 0x000007fef8ebb000 	C:\Windows\system32\WINMM.dll
0x000007fefc2b0000 - 0x000007fefc2bc000 	C:\Windows\system32\VERSION.dll
0x0000000077630000 - 0x0000000077637000 	C:\Windows\system32\PSAPI.DLL
0x0000000074360000 - 0x000000007436f000 	C:\Program Files\Java\jre1.8.0_45\bin\verify.dll
0x000000005d7a0000 - 0x000000005d7c9000 	C:\Program Files\Java\jre1.8.0_45\bin\java.dll
0x000000005e3f0000 - 0x000000005e406000 	C:\Program Files\Java\jre1.8.0_45\bin\zip.dll
0x000007fefd5d0000 - 0x000007fefe359000 	C:\Windows\system32\SHELL32.dll
0x000007feff4c0000 - 0x000007feff6c3000 	C:\Windows\system32\ole32.dll
0x000007fefd210000 - 0x000007fefd21f000 	C:\Windows\system32\profapi.dll
0x0000000057790000 - 0x000000005779d000 	C:\Program Files\Java\jre1.8.0_45\bin\management.dll
0x000000005d780000 - 0x000000005d79a000 	C:\Program Files\Java\jre1.8.0_45\bin\net.dll
0x000007fefc9b0000 - 0x000007fefca05000 	C:\Windows\system32\mswsock.dll
0x000007fefc9a0000 - 0x000007fefc9a7000 	C:\Windows\System32\wship6.dll
0x0000000056ce0000 - 0x0000000056cf1000 	C:\Program Files\Java\jre1.8.0_45\bin\nio.dll
0x000007fefb1b0000 - 0x000007fefb1c5000 	C:\Windows\system32\NLAapi.dll
0x000007fef9f60000 - 0x000007fef9f75000 	C:\Windows\system32\napinsp.dll
0x000007fef9e70000 - 0x000007fef9e89000 	C:\Windows\system32\pnrpnsp.dll
0x000007fefc830000 - 0x000007fefc88b000 	C:\Windows\system32\DNSAPI.dll
0x000007fef8f90000 - 0x000007fef8f9b000 	C:\Windows\System32\winrnr.dll
0x000007fefc3d0000 - 0x000007fefc3d7000 	C:\Windows\System32\wshtcpip.dll
0x000007fefad60000 - 0x000007fefad87000 	C:\Windows\system32\IPHLPAPI.DLL
0x000007fefad50000 - 0x000007fefad5b000 	C:\Windows\system32\WINNSI.DLL
0x000007fefa240000 - 0x000007fefa248000 	C:\Windows\system32\rasadhlp.dll
0x000007fefac50000 - 0x000007fefaca3000 	C:\Windows\System32\fwpuclnt.dll
0x0000000180000000 - 0x0000000180051000 	C:\Users\Ale\.gradle\caches\minecraft\net\minecraft\minecraft_natives\1.7.10\lwjgl64.dll
0x000007fedefb0000 - 0x000007fedf0cd000 	C:\Windows\system32\OPENGL32.dll
0x000007feecb70000 - 0x000007feecb9d000 	C:\Windows\system32\GLU32.dll
0x000007feedb60000 - 0x000007feedc51000 	C:\Windows\system32\DDRAW.dll
0x000007fef7780000 - 0x000007fef7788000 	C:\Windows\system32\DCIMAN32.dll
0x000007fefebc0000 - 0x000007fefed97000 	C:\Windows\system32\SETUPAPI.dll
0x000007fefd590000 - 0x000007fefd5c6000 	C:\Windows\system32\CFGMGR32.dll
0x000007fefe5d0000 - 0x000007fefe6a7000 	C:\Windows\system32\OLEAUT32.dll
0x000007fefd250000 - 0x000007fefd26a000 	C:\Windows\system32\DEVOBJ.dll
0x000007fefb760000 - 0x000007fefb778000 	C:\Windows\system32\dwmapi.dll
0x000007fefca10000 - 0x000007fefca28000 	C:\Windows\system32\CRYPTSP.dll
0x000007fefc710000 - 0x000007fefc757000 	C:\Windows\system32\rsaenh.dll
0x000007fefd230000 - 0x000007fefd24e000 	C:\Windows\system32\USERENV.dll
0x000007fefd070000 - 0x000007fefd07f000 	C:\Windows\system32\CRYPTBASE.dll
0x000007fefabd0000 - 0x000007fefabe8000 	C:\Windows\system32\dhcpcsvc.DLL
0x000007fefab30000 - 0x000007fefab41000 	C:\Windows\system32\dhcpcsvc6.DLL
0x000000006c750000 - 0x000000006c8e8000 	C:\Program Files\Java\jre1.8.0_45\bin\awt.dll
0x000007fefba40000 - 0x000007fefba96000 	C:\Windows\system32\uxtheme.dll
0x000007fef7a90000 - 0x000007fef7ab7000 	C:\Program Files (x86)\Raptr\ltc_help64-96675.dll
0x000007fefd2b0000 - 0x000007fefd2eb000 	C:\Windows\system32\WINTRUST.dll
0x000007fefd410000 - 0x000007fefd57d000 	C:\Windows\system32\CRYPT32.dll
0x000007fefd220000 - 0x000007fefd22f000 	C:\Windows\system32\MSASN1.dll
0x000007feecbb0000 - 0x000007feecbc8000 	C:\Windows\system32\atig6pxx.dll
0x0000000068c30000 - 0x000000006a7de000 	C:\Windows\system32\atio6axx.dll
0x000007fef2b60000 - 0x000007fef2c98000 	C:\Windows\system32\atiadlxx.dll
0x000007fefbaa0000 - 0x000007fefbbcc000 	C:\Windows\system32\PROPSYS.dll
0x000007fefc2f0000 - 0x000007fefc301000 	C:\Windows\system32\WTSAPI32.dll
0x000007feea0e0000 - 0x000007feea109000 	C:\Windows\system32\atig6txx.dll
0x000007fef81b0000 - 0x000007fef824c000 	C:\Windows\system32\mscms.dll
0x000007fee20d0000 - 0x000007fee2112000 	C:\Windows\system32\icm32.dll
0x0000000070a40000 - 0x0000000070adc000 	C:\Users\Ale\.gradle\caches\minecraft\net\minecraft\minecraft_natives\1.7.10\avutil-ttv-51.dll
0x0000000065980000 - 0x00000000659d6000 	C:\Users\Ale\.gradle\caches\minecraft\net\minecraft\minecraft_natives\1.7.10\swresample-ttv-0.dll
0x000000006eb80000 - 0x000000006ec50000 	C:\Users\Ale\.gradle\caches\minecraft\net\minecraft\minecraft_natives\1.7.10\libmp3lame-ttv.dll
0x000007feda940000 - 0x000007fedbce4000 	C:\Users\Ale\.gradle\caches\minecraft\net\minecraft\minecraft_natives\1.7.10\libmfxsw64.dll
0x000007fedd760000 - 0x000007fedd88b000 	C:\Users\Ale\.gradle\caches\minecraft\net\minecraft\minecraft_natives\1.7.10\twitchsdk.dll
0x000007fefe360000 - 0x000007fefe5ba000 	C:\Windows\system32\WININET.dll
0x000007fefd290000 - 0x000007fefd294000 	C:\Windows\system32\api-ms-win-downlevel-user32-l1-1-0.dll
0x000007fefd270000 - 0x000007fefd274000 	C:\Windows\system32\api-ms-win-downlevel-shlwapi-l1-1-0.dll
0x000007fefd2f0000 - 0x000007fefd2f4000 	C:\Windows\system32\api-ms-win-downlevel-version-l1-1-0.dll
0x000007fefd280000 - 0x000007fefd283000 	C:\Windows\system32\api-ms-win-downlevel-normaliz-l1-1-0.dll
0x0000000077620000 - 0x0000000077623000 	C:\Windows\system32\normaliz.DLL
0x000007fefe7e0000 - 0x000007fefeaa7000 	C:\Windows\system32\iertutil.dll
0x000007fefd580000 - 0x000007fefd585000 	C:\Windows\system32\api-ms-win-downlevel-advapi32-l1-1-0.dll
0x000007fee9e90000 - 0x000007fee9fb5000 	C:\Windows\system32\dbghelp.dll

VM Arguments:
jvm_args: -Dfile.encoding=Cp1252 
java_command: GradleStart
java_class_path (initial): C:\Users\Ale\Desktop\Workspace\FactoryCraft\bin;C:\Users\Ale\.gradle\caches\minecraft\net\minecraftforge\forge\1.7.10-10.13.4.1448-1.7.10\forgeSrc-1.7.10-10.13.4.1448-1.7.10.jar;C:\Users\Ale\.gradle\caches\modules-2\files-2.1\net.minecraft\launchwrapper\1.11\9c0592c6e1e9ea296a70948081bd4cc84dda1289\launchwrapper-1.11.jar;C:\Users\Ale\.gradle\caches\modules-2\files-2.1\com.google.code.findbugs\jsr305\1.3.9\40719ea6961c0cb6afaeb6a921eaa1f6afd4cfdf\jsr305-1.3.9.jar;C:\Users\Ale\.gradle\caches\modules-2\files-2.1\org.ow2.asm\asm-debug-all\5.0.3\f9e364ae2a66ce2a543012a4668856e84e5dab74\asm-debug-all-5.0.3.jar;C:\Users\Ale\.gradle\caches\modules-2\files-2.1\com.typesafe.akka\akka-actor_2.11\2.3.3\ed62e9fc709ca0f2ff1a3220daa8b70a2870078e\akka-actor_2.11-2.3.3.jar;C:\Users\Ale\.gradle\caches\modules-2\files-2.1\com.typesafe\config\1.2.1\f771f71fdae3df231bcd54d5ca2d57f0bf93f467\config-1.2.1.jar;C:\Users\Ale\.gradle\caches\modules-2\files-2.1\org.scala-lang\scala-actors-migration_2.11\1.1.0\dfa8bc42b181d5b9f1a5dd147f8ae308b893eb6f\scala-actors-migration_2.11-1.1.0.jar;C:\Users\Ale\.gradle\caches\modules-2\files-2.1\org.scala-lang\scala-compiler\2.11.1\56ea2e6c025e0821f28d73ca271218b8dd04926a\scala-compiler-2.11.1.jar;C:\Users\Ale\.gradle\caches\modules-2\files-2.1\org.scala-lang.plugins\scala-continuations-library_2.11\1.0.2\e517c53a7e9acd6b1668c5a35eccbaa3bab9aac\scala-continuations-library_2.11-1.0.2.jar;C:\Users\Ale\.gradle\caches\modules-2\files-2.1\org.scala-lang.plugins\scala-continuations-plugin_2.11.1\1.0.2\f361a3283452c57fa30c1ee69448995de23c60f7\scala-continuations-plugin_2.11.1-1.0.2.jar;C:\Users\Ale\.gradle\caches\modules-2\files-2.1\org.scala-lang\scala-library\2.11.1\e11da23da3eabab9f4777b9220e60d44c1aab6a\scala-library-2.11.1.jar;C:\Users\Ale\.gradle\caches\modules-2\files-2.1\org.scala-lang\scala-parser-combinators_2.11\1.0.1\f05d7345bf5a58924f2837c6c1f4d73a938e1ff0\scala-parser-combinators_2.11-1.0.1.jar;C:\Users\Ale\.gradle\cache
Launcher Type: SUN_STANDARD

Environment Variables:
PATH=C:/Program Files/Java/jre1.8.0_45/bin/server;C:/Program Files/Java/jre1.8.0_45/bin;C:/Program Files/Java/jre1.8.0_45/lib/amd64;C:\ProgramData\Oracle\Java\javapath;C:\Windows\system32;C:\Windows;C:\Windows\System32\Wbem;C:\Windows\System32\WindowsPowerShell\v1.0\;C:\Program Files (x86)\AMD\ATI.ACE\Core-Static;C:\Users\Ale\Desktop\Nuova cartella\eclipse;
USERNAME=Ale
OS=Windows_NT
PROCESSOR_IDENTIFIER=Intel64 Family 6 Model 15 Stepping 6, GenuineIntel



---------------  S Y S T E M  ---------------

OS: Windows 7 , 64 bit Build 7601 (6.1.7601.18869)

CPU:total 2 (2 cores per cpu, 1 threads per core) family 6 model 15 stepping 6, cmov, cx8, fxsr, mmx, sse, sse2, sse3, ssse3, tsc

Memory: 4k page, physical 6289964k(2760980k free), swap 12578092k(7905460k free)

vm_info: Java HotSpot(TM) 64-Bit Server VM (25.45-b02) for windows-amd64 JRE (1.8.0_45-b15), built on Apr 30 2015 12:40:44 by "java_re" with MS VC++ 10.0 (VS2010)

time: Fri Jun 19 21:00:40 2015
elapsed time: 11 seconds (0d 0h 0m 11s)

