#
# A fatal error has been detected by the Java Runtime Environment:
#
#  EXCEPTION_ACCESS_VIOLATION (0xc0000005) at pc=0xffffffffa3355120, pid=4792, tid=1824
#
# JRE version: Java(TM) SE Runtime Environment (8.0_45-b15) (build 1.8.0_45-b15)
# Java VM: Java HotSpot(TM) 64-Bit Server VM (25.45-b02 mixed mode windows-amd64 compressed oops)
# Problematic frame:
# C  0xffffffffa3355120
#
# Failed to write core dump. Minidumps are not enabled by default on client versions of Windows
#
# If you would like to submit a bug report, please visit:
#   http://bugreport.java.com/bugreport/crash.jsp
#

---------------  T H R E A D  ---------------

Current thread (0x0000000019c13800):  JavaThread "Server thread" [_thread_in_Java, id=1824, stack(0x0000000022430000,0x0000000022530000)]

siginfo: ExceptionCode=0xc0000005, ExceptionInformation=0x0000000000000008 0xffffffffa3355120

Registers:
RAX=0x0000000000000000, RBX=0x00000000e3693570, RCX=0x000000000000003a, RDX=0x00000000e36843f8
RSP=0x000000002252e608, RBP=0x000000002252e928, RSI=0x00000000e36843f8, RDI=0x00000000a1377858
R8 =0x00000000e3693570, R9 =0x00000000e3693570, R10=0x00000000e3686588, R11=0x00000000152a0630
R12=0x0000000000000000, R13=0x000000002252e8c0, R14=0x000000001b27d9c8, R15=0x0000000019c13800
RIP=0xffffffffa3355120, EFLAGS=0x0000000000010293

Top of Stack: (sp=0x000000002252e608)
0x000000002252e608:   0000000002b8cf34 000000002252e6d8
0x000000002252e618:   0000000000000000 0000000000000000
0x000000002252e628:   0000000019c13800 0000000019251910
0x000000002252e638:   0000000019c13800 000000001af98180
0x000000002252e648:   0000000019c13800 000000001af98180
0x000000002252e658:   0000000019c13800 00000000ffffffff
0x000000002252e668:   0000000001e36e50 000000001af98180
0x000000002252e678:   0000000000000000 000000002252e719
0x000000002252e688:   000000006f7f8cf8 000000002252e6f8
0x000000002252e698:   0000000002357a2d 00000000ffffffff
0x000000002252e6a8:   00000000a15d7168 00000000e36935f0
0x000000002252e6b8:   000000002252e6b8 00000000194ae9a1
0x000000002252e6c8:   000000002252e708 000000001afa8b00
0x000000002252e6d8:   0000000000000000 00000000194ae9c8
0x000000002252e6e8:   000000000245e959 000000002252e708
0x000000002252e6f8:   000000002252e750 0000000002357a2d 

Instructions: (pc=0xffffffffa3355120)
0xffffffffa3355100:   
[error occurred during error reporting (printing registers, top of stack, instructions near pc), id 0xc0000005]

Register to memory mapping:

RAX=0x0000000000000000 is an unknown value
RBX=0x00000000e3693570 is an oop
java.lang.String 
 - klass: 'java/lang/String'
RCX=0x000000000000003a is an unknown value
RDX=0x00000000e36843f8 is an oop
cpw.mods.fml.common.registry.FMLControlledNamespacedRegistry 
 - klass: 'cpw/mods/fml/common/registry/FMLControlledNamespacedRegistry'
RSP=0x000000002252e608 is pointing into the stack for thread: 0x0000000019c13800
RBP=0x000000002252e928 is pointing into the stack for thread: 0x0000000019c13800
RSI=0x00000000e36843f8 is an oop
cpw.mods.fml.common.registry.FMLControlledNamespacedRegistry 
 - klass: 'cpw/mods/fml/common/registry/FMLControlledNamespacedRegistry'
RDI=0x00000000a1377858 is an oop
net.minecraft.block.BlockStainedGlassPane 
 - klass: 'net/minecraft/block/BlockStainedGlassPane'
R8 =0x00000000e3693570 is an oop
java.lang.String 
 - klass: 'java/lang/String'
R9 =0x00000000e3693570 is an oop
java.lang.String 
 - klass: 'java/lang/String'
R10=0x00000000e3686588 is an oop
java.util.HashMap 
 - klass: 'java/util/HashMap'
R11={method} {0x00000000152a0638} 'hashCode' '()I' in 'java/lang/Object'
R12=0x0000000000000000 is an unknown value
R13=0x000000002252e8c0 is pointing into the stack for thread: 0x0000000019c13800
R14=0x000000001b27d9c8 is pointing into metadata
R15=0x0000000019c13800 is a thread


Stack: [0x0000000022430000,0x0000000022530000],  sp=0x000000002252e608,  free space=1017k
Native frames: (J=compiled Java code, j=interpreted, Vv=VM code, C=native code)
C  0xffffffffa3355120


---------------  P R O C E S S  ---------------

Java Threads: ( => current thread )
=>0x0000000019c13800 JavaThread "Server thread" [_thread_in_Java, id=1824, stack(0x0000000022430000,0x0000000022530000)]
  0x0000000019c11800 JavaThread "Snooper Timer" daemon [_thread_blocked, id=4428, stack(0x000000002d670000,0x000000002d770000)]
  0x0000000019c13000 JavaThread "Thread-11" [_thread_blocked, id=2096, stack(0x000000002b8e0000,0x000000002b9e0000)]
  0x0000000019c12000 JavaThread "Thread-10" [_thread_blocked, id=6904, stack(0x0000000028900000,0x0000000028a00000)]
  0x0000000025505800 JavaThread "LWJGL Timer" daemon [_thread_blocked, id=1960, stack(0x0000000020340000,0x0000000020440000)]
  0x0000000019c95000 JavaThread "Java2D Disposer" daemon [_thread_blocked, id=7012, stack(0x000000001ac90000,0x000000001ad90000)]
  0x0000000019dcb800 JavaThread "Timer hack thread" daemon [_thread_blocked, id=6704, stack(0x000000001a9a0000,0x000000001aaa0000)]
  0x00000000190e1000 JavaThread "Snooper Timer" daemon [_thread_blocked, id=2996, stack(0x000000001ae60000,0x000000001af60000)]
  0x0000000015c9b800 JavaThread "Service Thread" daemon [_thread_blocked, id=7132, stack(0x0000000016aa0000,0x0000000016ba0000)]
  0x0000000015c98800 JavaThread "C1 CompilerThread1" daemon [_thread_blocked, id=3280, stack(0x0000000016f00000,0x0000000017000000)]
  0x0000000015c40000 JavaThread "C2 CompilerThread0" daemon [_thread_blocked, id=3604, stack(0x0000000016d10000,0x0000000016e10000)]
  0x0000000015c3d800 JavaThread "Attach Listener" daemon [_thread_blocked, id=680, stack(0x0000000016ba0000,0x0000000016ca0000)]
  0x0000000015c3f800 JavaThread "Signal Dispatcher" daemon [_thread_blocked, id=6204, stack(0x00000000169a0000,0x0000000016aa0000)]
  0x0000000015bdf800 JavaThread "Finalizer" daemon [_thread_blocked, id=4568, stack(0x00000000166a0000,0x00000000167a0000)]
  0x0000000015bd8800 JavaThread "Reference Handler" daemon [_thread_blocked, id=5508, stack(0x0000000016820000,0x0000000016920000)]
  0x0000000001e22000 JavaThread "Client thread" [_thread_blocked, id=2228, stack(0x0000000001f80000,0x0000000002080000)]

Other Threads:
  0x0000000015bd1000 VMThread [stack: 0x00000000165a0000,0x00000000166a0000] [id=5628]
  0x0000000017024800 WatcherThread [stack: 0x0000000017480000,0x0000000017580000] [id=1708]

VM state:not at safepoint (normal execution)

VM Mutex/Monitor currently owned by a thread: None

Heap:
 PSYoungGen      total 457216K, used 56847K [0x00000000e0000000, 0x00000000fe000000, 0x0000000100000000)
  eden space 422912K, 13% used [0x00000000e0000000,0x00000000e3783f98,0x00000000f9d00000)
  from space 34304K, 0% used [0x00000000f9d00000,0x00000000f9d00000,0x00000000fbe80000)
  to   space 34304K, 0% used [0x00000000fbe80000,0x00000000fbe80000,0x00000000fe000000)
 ParOldGen       total 152064K, used 56877K [0x00000000a0000000, 0x00000000a9480000, 0x00000000e0000000)
  object space 152064K, 37% used [0x00000000a0000000,0x00000000a378b4a8,0x00000000a9480000)
 Metaspace       used 31056K, capacity 31279K, committed 31616K, reserved 1077248K
  class space    used 3870K, capacity 3922K, committed 3968K, reserved 1048576K

Card table byte_map: [0x0000000011710000,0x0000000011a20000] byte_map_base: 0x0000000011210000

Marking Bits: (ParMarkBitMap*) 0x000000006ff44040
 Begin Bits: [0x0000000011fa0000, 0x00000000137a0000)
 End Bits:   [0x00000000137a0000, 0x0000000014fa0000)

Polling page: 0x0000000000100000

CodeCache: size=245760Kb used=12641Kb max_used=13186Kb free=233118Kb
 bounds [0x0000000002350000, 0x0000000003040000, 0x0000000011350000]
 total_blobs=4439 nmethods=3735 adapters=618
 compilation: enabled

Compilation events (10 events):
Event: 34.508 Thread 0x0000000015c98800 nmethod 4970 0x0000000002bc0b10 code [0x0000000002bc0ca0, 0x0000000002bc1118]
Event: 34.509 Thread 0x0000000015c98800 4967       3       com.google.common.collect.TransformedIterator::next (14 bytes)
Event: 34.509 Thread 0x0000000015c98800 nmethod 4967 0x00000000026ae310 code [0x00000000026ae480, 0x00000000026ae758]
Event: 34.510 Thread 0x0000000015c98800 4968       3       com.google.common.collect.Iterators$8::transform (11 bytes)
Event: 34.510 Thread 0x0000000015c98800 nmethod 4968 0x0000000002479b10 code [0x0000000002479c80, 0x0000000002479ea8]
Event: 34.510 Thread 0x0000000015c98800 4969       3       cpw.mods.fml.common.functions.TypeCastFunction::apply (9 bytes)
Event: 34.510 Thread 0x0000000015c98800 nmethod 4969 0x000000000263a890 code [0x000000000263aa20, 0x000000000263ae78]
Event: 34.510 Thread 0x0000000015c98800 4964       3       cpw.mods.fml.common.registry.FMLControlledNamespacedRegistry::getRaw (40 bytes)
Event: 34.511 Thread 0x0000000015c98800 nmethod 4964 0x0000000002e1b3d0 code [0x0000000002e1b5a0, 0x0000000002e1bb98]
Event: 34.511 Thread 0x0000000015c98800 4965       3       com.google.common.collect.HashBiMap::get (23 bytes)

GC Heap History (10 events):
Event: 23.886 GC heap before
{Heap before GC invocations=16 (full 3):
 PSYoungGen      total 341504K, used 341475K [0x00000000e0000000, 0x00000000fcd00000, 0x0000000100000000)
  eden space 338944K, 100% used [0x00000000e0000000,0x00000000f4b00000,0x00000000f4b00000)
  from space 2560K, 98% used [0x00000000f6e00000,0x00000000f7078f88,0x00000000f7080000)
  to   space 35840K, 0% used [0x00000000f4b00000,0x00000000f4b00000,0x00000000f6e00000)
 ParOldGen       total 152064K, used 100380K [0x00000000a0000000, 0x00000000a9480000, 0x00000000e0000000)
  object space 152064K, 66% used [0x00000000a0000000,0x00000000a6207020,0x00000000a9480000)
 Metaspace       used 28980K, capacity 29261K, committed 29568K, reserved 1075200K
  class space    used 3616K, capacity 3697K, committed 3712K, reserved 1048576K
Event: 23.905 GC heap after
Heap after GC invocations=16 (full 3):
 PSYoungGen      total 374784K, used 6019K [0x00000000e0000000, 0x00000000fe200000, 0x0000000100000000)
  eden space 338944K, 0% used [0x00000000e0000000,0x00000000e0000000,0x00000000f4b00000)
  from space 35840K, 16% used [0x00000000f4b00000,0x00000000f50e0e88,0x00000000f6e00000)
  to   space 35328K, 0% used [0x00000000fbf80000,0x00000000fbf80000,0x00000000fe200000)
 ParOldGen       total 152064K, used 102379K [0x00000000a0000000, 0x00000000a9480000, 0x00000000e0000000)
  object space 152064K, 67% used [0x00000000a0000000,0x00000000a63fae30,0x00000000a9480000)
 Metaspace       used 28980K, capacity 29261K, committed 29568K, reserved 1075200K
  class space    used 3616K, capacity 3697K, committed 3712K, reserved 1048576K
}
Event: 33.587 GC heap before
{Heap before GC invocations=17 (full 3):
 PSYoungGen      total 374784K, used 208446K [0x00000000e0000000, 0x00000000fe200000, 0x0000000100000000)
  eden space 338944K, 59% used [0x00000000e0000000,0x00000000ec5ae988,0x00000000f4b00000)
  from space 35840K, 16% used [0x00000000f4b00000,0x00000000f50e0e88,0x00000000f6e00000)
  to   space 35328K, 0% used [0x00000000fbf80000,0x00000000fbf80000,0x00000000fe200000)
 ParOldGen       total 152064K, used 102379K [0x00000000a0000000, 0x00000000a9480000, 0x00000000e0000000)
  object space 152064K, 67% used [0x00000000a0000000,0x00000000a63fae30,0x00000000a9480000)
 Metaspace       used 29840K, capacity 30125K, committed 30464K, reserved 1075200K
  class space    used 3706K, capacity 3793K, committed 3840K, reserved 1048576K
Event: 33.604 GC heap after
Heap after GC invocations=17 (full 3):
 PSYoungGen      total 456192K, used 7354K [0x00000000e0000000, 0x00000000fe000000, 0x0000000100000000)
  eden space 422912K, 0% used [0x00000000e0000000,0x00000000e0000000,0x00000000f9d00000)
  from space 33280K, 22% used [0x00000000fbf80000,0x00000000fc6aeae8,0x00000000fe000000)
  to   space 34304K, 0% used [0x00000000f9d00000,0x00000000f9d00000,0x00000000fbe80000)
 ParOldGen       total 152064K, used 102387K [0x00000000a0000000, 0x00000000a9480000, 0x00000000e0000000)
  object space 152064K, 67% used [0x00000000a0000000,0x00000000a63fce30,0x00000000a9480000)
 Metaspace       used 29840K, capacity 30125K, committed 30464K, reserved 1075200K
  class space    used 3706K, capacity 3793K, committed 3840K, reserved 1048576K
}
Event: 33.604 GC heap before
{Heap before GC invocations=18 (full 4):
 PSYoungGen      total 456192K, used 7354K [0x00000000e0000000, 0x00000000fe000000, 0x0000000100000000)
  eden space 422912K, 0% used [0x00000000e0000000,0x00000000e0000000,0x00000000f9d00000)
  from space 33280K, 22% used [0x00000000fbf80000,0x00000000fc6aeae8,0x00000000fe000000)
  to   space 34304K, 0% used [0x00000000f9d00000,0x00000000f9d00000,0x00000000fbe80000)
 ParOldGen       total 152064K, used 102387K [0x00000000a0000000, 0x00000000a9480000, 0x00000000e0000000)
  object space 152064K, 67% used [0x00000000a0000000,0x00000000a63fce30,0x00000000a9480000)
 Metaspace       used 29840K, capacity 30125K, committed 30464K, reserved 1075200K
  class space    used 3706K, capacity 3793K, committed 3840K, reserved 1048576K
Event: 33.827 GC heap after
Heap after GC invocations=18 (full 4):
 PSYoungGen      total 456192K, used 0K [0x00000000e0000000, 0x00000000fe000000, 0x0000000100000000)
  eden space 422912K, 0% used [0x00000000e0000000,0x00000000e0000000,0x00000000f9d00000)
  from space 33280K, 0% used [0x00000000fbf80000,0x00000000fbf80000,0x00000000fe000000)
  to   space 34304K, 0% used [0x00000000f9d00000,0x00000000f9d00000,0x00000000fbe80000)
 ParOldGen       total 152064K, used 56877K [0x00000000a0000000, 0x00000000a9480000, 0x00000000e0000000)
  object space 152064K, 37% used [0x00000000a0000000,0x00000000a378b4a8,0x00000000a9480000)
 Metaspace       used 29840K, capacity 30125K, committed 30464K, reserved 1075200K
  class space    used 3706K, capacity 3793K, committed 3840K, reserved 1048576K
}
Event: 33.827 GC heap before
{Heap before GC invocations=19 (full 4):
 PSYoungGen      total 456192K, used 0K [0x00000000e0000000, 0x00000000fe000000, 0x0000000100000000)
  eden space 422912K, 0% used [0x00000000e0000000,0x00000000e0000000,0x00000000f9d00000)
  from space 33280K, 0% used [0x00000000fbf80000,0x00000000fbf80000,0x00000000fe000000)
  to   space 34304K, 0% used [0x00000000f9d00000,0x00000000f9d00000,0x00000000fbe80000)
 ParOldGen       total 152064K, used 56877K [0x00000000a0000000, 0x00000000a9480000, 0x00000000e0000000)
  object space 152064K, 37% used [0x00000000a0000000,0x00000000a378b4a8,0x00000000a9480000)
 Metaspace       used 29840K, capacity 30125K, committed 30464K, reserved 1075200K
  class space    used 3706K, capacity 3793K, committed 3840K, reserved 1048576K
Event: 33.830 GC heap after
Heap after GC invocations=19 (full 4):
 PSYoungGen      total 457216K, used 0K [0x00000000e0000000, 0x00000000fe000000, 0x0000000100000000)
  eden space 422912K, 0% used [0x00000000e0000000,0x00000000e0000000,0x00000000f9d00000)
  from space 34304K, 0% used [0x00000000f9d00000,0x00000000f9d00000,0x00000000fbe80000)
  to   space 34304K, 0% used [0x00000000fbe80000,0x00000000fbe80000,0x00000000fe000000)
 ParOldGen       total 152064K, used 56877K [0x00000000a0000000, 0x00000000a9480000, 0x00000000e0000000)
  object space 152064K, 37% used [0x00000000a0000000,0x00000000a378b4a8,0x00000000a9480000)
 Metaspace       used 29840K, capacity 30125K, committed 30464K, reserved 1075200K
  class space    used 3706K, capacity 3793K, committed 3840K, reserved 1048576K
}
Event: 33.830 GC heap before
{Heap before GC invocations=20 (full 5):
 PSYoungGen      total 457216K, used 0K [0x00000000e0000000, 0x00000000fe000000, 0x0000000100000000)
  eden space 422912K, 0% used [0x00000000e0000000,0x00000000e0000000,0x00000000f9d00000)
  from space 34304K, 0% used [0x00000000f9d00000,0x00000000f9d00000,0x00000000fbe80000)
  to   space 34304K, 0% used [0x00000000fbe80000,0x00000000fbe80000,0x00000000fe000000)
 ParOldGen       total 152064K, used 56877K [0x00000000a0000000, 0x00000000a9480000, 0x00000000e0000000)
  object space 152064K, 37% used [0x00000000a0000000,0x00000000a378b4a8,0x00000000a9480000)
 Metaspace       used 29840K, capacity 30125K, committed 30464K, reserved 1075200K
  class space    used 3706K, capacity 3793K, committed 3840K, reserved 1048576K
Event: 33.922 GC heap after
Heap after GC invocations=20 (full 5):
 PSYoungGen      total 457216K, used 0K [0x00000000e0000000, 0x00000000fe000000, 0x0000000100000000)
  eden space 422912K, 0% used [0x00000000e0000000,0x00000000e0000000,0x00000000f9d00000)
  from space 34304K, 0% used [0x00000000f9d00000,0x00000000f9d00000,0x00000000fbe80000)
  to   space 34304K, 0% used [0x00000000fbe80000,0x00000000fbe80000,0x00000000fe000000)
 ParOldGen       total 152064K, used 56877K [0x00000000a0000000, 0x00000000a9480000, 0x00000000e0000000)
  object space 152064K, 37% used [0x00000000a0000000,0x00000000a378b4a8,0x00000000a9480000)
 Metaspace       used 29840K, capacity 30125K, committed 30464K, reserved 1075200K
  class space    used 3706K, capacity 3793K, committed 3840K, reserved 1048576K
}

Deoptimization events (10 events):
Event: 33.982 Thread 0x0000000001e22000 Uncommon trap: reason=unstable_if action=reinterpret pc=0x0000000002ff2188 method=cpw.mods.fml.common.asm.transformers.TerminalTransformer$ExitVisitor$1.visitMethodInsn(ILjava/lang/String;Ljava/lang/String;Ljava/lang/String;Z)V @ 134
Event: 33.994 Thread 0x0000000001e22000 Uncommon trap: reason=unstable_if action=reinterpret pc=0x0000000002a24328 method=org.objectweb.asm.MethodWriter.visitFieldInsn(ILjava/lang/String;Ljava/lang/String;Ljava/lang/String;)V @ 111
Event: 33.995 Thread 0x0000000001e22000 Uncommon trap: reason=unstable_if action=reinterpret pc=0x0000000002ff2fc4 method=org.objectweb.asm.MethodWriter.visitFieldInsn(ILjava/lang/String;Ljava/lang/String;Ljava/lang/String;)V @ 111
Event: 33.995 Thread 0x0000000001e22000 Uncommon trap: reason=unstable_if action=reinterpret pc=0x0000000002fedf94 method=org.objectweb.asm.MethodWriter.visitFieldInsn(ILjava/lang/String;Ljava/lang/String;Ljava/lang/String;)V @ 111
Event: 34.212 Thread 0x0000000001e22000 Uncommon trap: reason=class_check action=maybe_recompile pc=0x0000000002f11974 method=java.lang.AbstractStringBuilder.append(Ljava/lang/CharSequence;)Ljava/lang/AbstractStringBuilder; @ 37
Event: 34.307 Thread 0x0000000019c13800 Uncommon trap: reason=unstable_if action=reinterpret pc=0x000000000300e3a8 method=java.math.MutableBigInteger.divideOneWord(ILjava/math/MutableBigInteger;)I @ 88
Event: 34.332 Thread 0x0000000019c13800 Uncommon trap: reason=unstable_if action=reinterpret pc=0x0000000002d8185c method=java.math.BigInteger.addOne([IIII)I @ 55
Event: 34.352 Thread 0x0000000019c13800 Uncommon trap: reason=unstable_if action=reinterpret pc=0x0000000002baf370 method=java.math.BigInteger.addOne([IIII)I @ 55
Event: 34.480 Thread 0x0000000019c13800 Uncommon trap: reason=class_check action=maybe_recompile pc=0x0000000002eaa068 method=java.util.Hashtable.get(Ljava/lang/Object;)Ljava/lang/Object; @ 6
Event: 34.480 Thread 0x0000000019c13800 Uncommon trap: reason=class_check action=maybe_recompile pc=0x0000000002eaa068 method=java.util.Hashtable.get(Ljava/lang/Object;)Ljava/lang/Object; @ 6

Internal exceptions (10 events):
Event: 32.199 Thread 0x0000000019c12000 Exception <a 'java/lang/InterruptedException': sleep interrupted> (0x00000000eaf56558) thrown at [C:\re\workspace\8-2-build-windows-amd64-cygwin\jdk8u45\3627\hotspot\src\share\vm\prims\jvm.cpp, line 3211]
Event: 32.199 Thread 0x0000000019c12000 Exception <a 'java/lang/InterruptedException': sleep interrupted> (0x00000000eaf57170) thrown at [C:\re\workspace\8-2-build-windows-amd64-cygwin\jdk8u45\3627\hotspot\src\share\vm\prims\jvm.cpp, line 3211]
Event: 32.199 Thread 0x0000000019c12000 Exception <a 'java/lang/InterruptedException': sleep interrupted> (0x00000000eaf57530) thrown at [C:\re\workspace\8-2-build-windows-amd64-cygwin\jdk8u45\3627\hotspot\src\share\vm\prims\jvm.cpp, line 3163]
Event: 32.563 Thread 0x0000000019c11800 Exception <a 'java/net/SocketTimeoutException': Peek timed out> (0x00000000ea2b1558) thrown at [C:\re\workspace\8-2-build-windows-amd64-cygwin\jdk8u45\3627\hotspot\src\share\vm\prims\jni.cpp, line 735]
Event: 32.564 Thread 0x0000000019c12000 Exception <a 'java/lang/InterruptedException': sleep interrupted> (0x00000000eaf57730) thrown at [C:\re\workspace\8-2-build-windows-amd64-cygwin\jdk8u45\3627\hotspot\src\share\vm\prims\jvm.cpp, line 3211]
Event: 33.198 Thread 0x0000000019c12000 Exception <a 'java/lang/InterruptedException': sleep interrupted> (0x00000000eaf57968) thrown at [C:\re\workspace\8-2-build-windows-amd64-cygwin\jdk8u45\3627\hotspot\src\share\vm\prims\jvm.cpp, line 3211]
Event: 33.564 Thread 0x0000000019c12000 Exception <a 'java/lang/InterruptedException': sleep interrupted> (0x00000000eaf57b68) thrown at [C:\re\workspace\8-2-build-windows-amd64-cygwin\jdk8u45\3627\hotspot\src\share\vm\prims\jvm.cpp, line 3211]
Event: 33.564 Thread 0x0000000019c12000 Exception <a 'java/lang/InterruptedException': sleep interrupted> (0x00000000eaf58940) thrown at [C:\re\workspace\8-2-build-windows-amd64-cygwin\jdk8u45\3627\hotspot\src\share\vm\prims\jvm.cpp, line 3163]
Event: 33.585 Thread 0x0000000019c12000 Exception <a 'java/lang/InterruptedException': sleep interrupted> (0x00000000eaf58b40) thrown at [C:\re\workspace\8-2-build-windows-amd64-cygwin\jdk8u45\3627\hotspot\src\share\vm\prims\jvm.cpp, line 3211]
Event: 33.970 Thread 0x0000000001e22000 Exception <a 'java/io/FileNotFoundException'> (0x00000000e045d3a0) thrown at [C:\re\workspace\8-2-build-windows-amd64-cygwin\jdk8u45\3627\hotspot\src\share\vm\prims\jni.cpp, line 709]

Events (10 events):
Event: 34.509 Thread 0x0000000015c98800 flushing nmethod 0x0000000002e724d0
Event: 34.509 Thread 0x0000000015c98800 flushing nmethod 0x0000000002e73ed0
Event: 34.509 Thread 0x0000000015c98800 flushing nmethod 0x0000000002e74ad0
Event: 34.509 Thread 0x0000000015c98800 flushing nmethod 0x0000000002e76d90
Event: 34.509 Thread 0x0000000015c98800 flushing nmethod 0x0000000002eb4310
Event: 34.509 Thread 0x0000000015c98800 flushing nmethod 0x0000000002efe1d0
Event: 34.509 Thread 0x0000000015c98800 flushing nmethod 0x0000000002efe610
Event: 34.509 Thread 0x0000000015c98800 flushing nmethod 0x0000000002efea10
Event: 34.509 Thread 0x0000000015c98800 flushing nmethod 0x0000000002f03710
Event: 34.509 Thread 0x0000000015c98800 flushing nmethod 0x0000000002f67d90


Dynamic libraries:
0x000000013fd70000 - 0x000000013fda7000 	C:\Program Files\Java\jre1.8.0_45\bin\javaw.exe
0x0000000077900000 - 0x0000000077aa9000 	C:\Windows\SYSTEM32\ntdll.dll
0x00000000776e0000 - 0x00000000777ff000 	C:\Windows\system32\kernel32.dll
0x000007fefd9e0000 - 0x000007fefda4c000 	C:\Windows\system32\KERNELBASE.dll
0x000007feff4b0000 - 0x000007feff58b000 	C:\Windows\system32\ADVAPI32.dll
0x000007feff410000 - 0x000007feff4af000 	C:\Windows\system32\msvcrt.dll
0x000007fefee40000 - 0x000007fefee5f000 	C:\Windows\SYSTEM32\sechost.dll
0x000007feff5b0000 - 0x000007feff6dd000 	C:\Windows\system32\RPCRT4.dll
0x0000000077800000 - 0x00000000778fa000 	C:\Windows\system32\USER32.dll
0x000007fefee60000 - 0x000007fefeec7000 	C:\Windows\system32\GDI32.dll
0x000007feffad0000 - 0x000007feffade000 	C:\Windows\system32\LPK.dll
0x000007fefeed0000 - 0x000007fefef99000 	C:\Windows\system32\USP10.dll
0x000007fefc260000 - 0x000007fefc454000 	C:\Windows\WinSxS\amd64_microsoft.windows.common-controls_6595b64144ccf1df_6.0.7601.18837_none_fa3b1e3d17594757\COMCTL32.dll
0x000007feff130000 - 0x000007feff1a1000 	C:\Windows\system32\SHLWAPI.dll
0x000007fefdb10000 - 0x000007fefdb3e000 	C:\Windows\system32\IMM32.DLL
0x000007fefdc40000 - 0x000007fefdd49000 	C:\Windows\system32\MSCTF.dll
0x0000000077c90000 - 0x0000000077d62000 	C:\Program Files\Java\jre1.8.0_45\bin\msvcr100.dll
0x000000006f740000 - 0x000000006ffc3000 	C:\Program Files\Java\jre1.8.0_45\bin\server\jvm.dll
0x000007fef2f20000 - 0x000007fef2f29000 	C:\Windows\system32\WSOCK32.dll
0x000007feffbc0000 - 0x000007feffc0d000 	C:\Windows\system32\WS2_32.dll
0x000007fefe0a0000 - 0x000007fefe0a8000 	C:\Windows\system32\NSI.dll
0x000007fef9310000 - 0x000007fef934b000 	C:\Windows\system32\WINMM.dll
0x000007fefc780000 - 0x000007fefc78c000 	C:\Windows\system32\VERSION.dll
0x0000000077ad0000 - 0x0000000077ad7000 	C:\Windows\system32\PSAPI.DLL
0x0000000067610000 - 0x000000006761f000 	C:\Program Files\Java\jre1.8.0_45\bin\verify.dll
0x0000000066a70000 - 0x0000000066a99000 	C:\Program Files\Java\jre1.8.0_45\bin\java.dll
0x0000000066a50000 - 0x0000000066a66000 	C:\Program Files\Java\jre1.8.0_45\bin\zip.dll
0x000007fefe0b0000 - 0x000007fefee39000 	C:\Windows\system32\SHELL32.dll
0x000007feff8c0000 - 0x000007feffac3000 	C:\Windows\system32\ole32.dll
0x000007fefd6c0000 - 0x000007fefd6cf000 	C:\Windows\system32\profapi.dll
0x000000005c650000 - 0x000000005c65d000 	C:\Program Files\Java\jre1.8.0_45\bin\management.dll
0x0000000066a30000 - 0x0000000066a4a000 	C:\Program Files\Java\jre1.8.0_45\bin\net.dll
0x000007fefce50000 - 0x000007fefcea5000 	C:\Windows\system32\mswsock.dll
0x000007fefce40000 - 0x000007fefce47000 	C:\Windows\System32\wship6.dll
0x000000005ae50000 - 0x000000005ae61000 	C:\Program Files\Java\jre1.8.0_45\bin\nio.dll
0x000007fefb670000 - 0x000007fefb685000 	C:\Windows\system32\NLAapi.dll
0x000007fefa0a0000 - 0x000007fefa0b5000 	C:\Windows\system32\napinsp.dll
0x000007fefa3f0000 - 0x000007fefa409000 	C:\Windows\system32\pnrpnsp.dll
0x000007fefccd0000 - 0x000007fefcd2b000 	C:\Windows\system32\DNSAPI.dll
0x000007fef9420000 - 0x000007fef942b000 	C:\Windows\System32\winrnr.dll
0x000007fefc870000 - 0x000007fefc877000 	C:\Windows\System32\wshtcpip.dll
0x000007fefb200000 - 0x000007fefb227000 	C:\Windows\system32\IPHLPAPI.DLL
0x000007fefb1c0000 - 0x000007fefb1cb000 	C:\Windows\system32\WINNSI.DLL
0x000007fefa720000 - 0x000007fefa728000 	C:\Windows\system32\rasadhlp.dll
0x000007fefb0f0000 - 0x000007fefb143000 	C:\Windows\System32\fwpuclnt.dll
0x0000000180000000 - 0x0000000180051000 	C:\Users\Ale\.gradle\caches\minecraft\net\minecraft\minecraft_natives\1.7.10\lwjgl64.dll
0x000007fedf720000 - 0x000007fedf83d000 	C:\Windows\system32\OPENGL32.dll
0x000007fef3250000 - 0x000007fef327d000 	C:\Windows\system32\GLU32.dll
0x000007feeac30000 - 0x000007feead21000 	C:\Windows\system32\DDRAW.dll
0x000007feebe10000 - 0x000007feebe18000 	C:\Windows\system32\DCIMAN32.dll
0x000007feff6e0000 - 0x000007feff8b7000 	C:\Windows\system32\SETUPAPI.dll
0x000007fefd6e0000 - 0x000007fefd716000 	C:\Windows\system32\CFGMGR32.dll
0x000007feffae0000 - 0x000007feffbb7000 	C:\Windows\system32\OLEAUT32.dll
0x000007fefd9b0000 - 0x000007fefd9ca000 	C:\Windows\system32\DEVOBJ.dll
0x000007fefb870000 - 0x000007fefb888000 	C:\Windows\system32\dwmapi.dll
0x000007fefceb0000 - 0x000007fefcec8000 	C:\Windows\system32\CRYPTSP.dll
0x000007fefcbb0000 - 0x000007fefcbf7000 	C:\Windows\system32\rsaenh.dll
0x000007fefda50000 - 0x000007fefda6e000 	C:\Windows\system32\USERENV.dll
0x000007fefd510000 - 0x000007fefd51f000 	C:\Windows\system32\CRYPTBASE.dll
0x000007fefb080000 - 0x000007fefb098000 	C:\Windows\system32\dhcpcsvc.DLL
0x000007fefaff0000 - 0x000007fefb001000 	C:\Windows\system32\dhcpcsvc6.DLL
0x000000006ceb0000 - 0x000000006d048000 	C:\Program Files\Java\jre1.8.0_45\bin\awt.dll
0x000007fefbc80000 - 0x000007fefbcd6000 	C:\Windows\system32\uxtheme.dll
0x000007feebd50000 - 0x000007feebd77000 	C:\Program Files (x86)\Raptr\ltc_help64-96675.dll
0x000007fefd970000 - 0x000007fefd9ab000 	C:\Windows\system32\WINTRUST.dll
0x000007fefd720000 - 0x000007fefd88d000 	C:\Windows\system32\CRYPT32.dll
0x000007fefd6b0000 - 0x000007fefd6bf000 	C:\Windows\system32\MSASN1.dll
0x000007fef7e80000 - 0x000007fef7e98000 	C:\Windows\system32\atig6pxx.dll
0x0000000068f20000 - 0x000000006aace000 	C:\Windows\system32\atio6axx.dll
0x000007feece30000 - 0x000007feecf68000 	C:\Windows\system32\atiadlxx.dll
0x000007fefbce0000 - 0x000007fefbe0c000 	C:\Windows\system32\PROPSYS.dll
0x000007fefc790000 - 0x000007fefc7a1000 	C:\Windows\system32\WTSAPI32.dll
0x000007fef3220000 - 0x000007fef3249000 	C:\Windows\system32\atig6txx.dll
0x000007fef8690000 - 0x000007fef872c000 	C:\Windows\system32\mscms.dll
0x000007fee2140000 - 0x000007fee2182000 	C:\Windows\system32\icm32.dll
0x0000000070a40000 - 0x0000000070adc000 	C:\Users\Ale\.gradle\caches\minecraft\net\minecraft\minecraft_natives\1.7.10\avutil-ttv-51.dll
0x0000000065980000 - 0x00000000659d6000 	C:\Users\Ale\.gradle\caches\minecraft\net\minecraft\minecraft_natives\1.7.10\swresample-ttv-0.dll
0x000000006eb80000 - 0x000000006ec50000 	C:\Users\Ale\.gradle\caches\minecraft\net\minecraft\minecraft_natives\1.7.10\libmp3lame-ttv.dll
0x000007fedbe20000 - 0x000007fedd1c4000 	C:\Users\Ale\.gradle\caches\minecraft\net\minecraft\minecraft_natives\1.7.10\libmfxsw64.dll
0x000007fedd6e0000 - 0x000007fedd80b000 	C:\Users\Ale\.gradle\caches\minecraft\net\minecraft\minecraft_natives\1.7.10\twitchsdk.dll
0x000007feff1b0000 - 0x000007feff40a000 	C:\Windows\system32\WININET.dll
0x000007fefd8c0000 - 0x000007fefd8c4000 	C:\Windows\system32\api-ms-win-downlevel-user32-l1-1-0.dll
0x000007fefd8b0000 - 0x000007fefd8b4000 	C:\Windows\system32\api-ms-win-downlevel-shlwapi-l1-1-0.dll
0x000007fefd890000 - 0x000007fefd894000 	C:\Windows\system32\api-ms-win-downlevel-version-l1-1-0.dll
0x000007fefd9d0000 - 0x000007fefd9d3000 	C:\Windows\system32\api-ms-win-downlevel-normaliz-l1-1-0.dll
0x0000000077ac0000 - 0x0000000077ac3000 	C:\Windows\system32\normaliz.DLL
0x000007fefddd0000 - 0x000007fefe097000 	C:\Windows\system32\iertutil.dll
0x000007fefd6d0000 - 0x000007fefd6d5000 	C:\Windows\system32\api-ms-win-downlevel-advapi32-l1-1-0.dll
0x000007fefdba0000 - 0x000007fefdc39000 	C:\Windows\system32\CLBCatQ.DLL
0x00000000167a0000 - 0x0000000016804000 	C:\Users\Ale\.gradle\caches\minecraft\net\minecraft\minecraft_natives\1.7.10\OpenAL64.dll
0x000007fefbe20000 - 0x000007fefbe6b000 	C:\Windows\System32\MMDevApi.dll
0x000007fef1940000 - 0x000007fef19c8000 	C:\Windows\system32\dsound.dll
0x000007fefc750000 - 0x000007fefc77c000 	C:\Windows\system32\POWRPROF.dll
0x000007fefaa80000 - 0x000007fefaacf000 	C:\Windows\system32\AUDIOSES.DLL
0x000007feff590000 - 0x000007feff5a9000 	C:\Windows\system32\imagehlp.dll
0x000007fefd030000 - 0x000007fefd080000 	C:\Windows\system32\ncrypt.dll
0x000007fefd000000 - 0x000007fefd022000 	C:\Windows\system32\bcrypt.dll
0x000007fefcaf0000 - 0x000007fefcb3c000 	C:\Windows\system32\bcryptprimitives.dll
0x000007fefc970000 - 0x000007fefc98b000 	C:\Windows\system32\GPAPI.dll
0x000007fef9a30000 - 0x000007fef9a57000 	C:\Windows\system32\cryptnet.dll
0x000007fefdb40000 - 0x000007fefdb92000 	C:\Windows\system32\WLDAP32.dll
0x000007fef76e0000 - 0x000007fef76e9000 	C:\Windows\system32\SensApi.dll
0x000007fedbc00000 - 0x000007fedbe14000 	C:\PROGRA~2\Raptr\ltc_game64-96675.dll
0x000007fef2170000 - 0x000007fef2295000 	C:\Windows\system32\dbghelp.dll

VM Arguments:
jvm_args: -Dfile.encoding=Cp1252 
java_command: GradleStart
java_class_path (initial): C:\Users\Ale\Desktop\Workspace\FactoryCraft\bin;C:\Users\Ale\.gradle\caches\minecraft\net\minecraftforge\forge\1.7.10-10.13.4.1448-1.7.10\forgeSrc-1.7.10-10.13.4.1448-1.7.10.jar;C:\Users\Ale\.gradle\caches\modules-2\files-2.1\net.minecraft\launchwrapper\1.11\9c0592c6e1e9ea296a70948081bd4cc84dda1289\launchwrapper-1.11.jar;C:\Users\Ale\.gradle\caches\modules-2\files-2.1\com.google.code.findbugs\jsr305\1.3.9\40719ea6961c0cb6afaeb6a921eaa1f6afd4cfdf\jsr305-1.3.9.jar;C:\Users\Ale\.gradle\caches\modules-2\files-2.1\org.ow2.asm\asm-debug-all\5.0.3\f9e364ae2a66ce2a543012a4668856e84e5dab74\asm-debug-all-5.0.3.jar;C:\Users\Ale\.gradle\caches\modules-2\files-2.1\com.typesafe.akka\akka-actor_2.11\2.3.3\ed62e9fc709ca0f2ff1a3220daa8b70a2870078e\akka-actor_2.11-2.3.3.jar;C:\Users\Ale\.gradle\caches\modules-2\files-2.1\com.typesafe\config\1.2.1\f771f71fdae3df231bcd54d5ca2d57f0bf93f467\config-1.2.1.jar;C:\Users\Ale\.gradle\caches\modules-2\files-2.1\org.scala-lang\scala-actors-migration_2.11\1.1.0\dfa8bc42b181d5b9f1a5dd147f8ae308b893eb6f\scala-actors-migration_2.11-1.1.0.jar;C:\Users\Ale\.gradle\caches\modules-2\files-2.1\org.scala-lang\scala-compiler\2.11.1\56ea2e6c025e0821f28d73ca271218b8dd04926a\scala-compiler-2.11.1.jar;C:\Users\Ale\.gradle\caches\modules-2\files-2.1\org.scala-lang.plugins\scala-continuations-library_2.11\1.0.2\e517c53a7e9acd6b1668c5a35eccbaa3bab9aac\scala-continuations-library_2.11-1.0.2.jar;C:\Users\Ale\.gradle\caches\modules-2\files-2.1\org.scala-lang.plugins\scala-continuations-plugin_2.11.1\1.0.2\f361a3283452c57fa30c1ee69448995de23c60f7\scala-continuations-plugin_2.11.1-1.0.2.jar;C:\Users\Ale\.gradle\caches\modules-2\files-2.1\org.scala-lang\scala-library\2.11.1\e11da23da3eabab9f4777b9220e60d44c1aab6a\scala-library-2.11.1.jar;C:\Users\Ale\.gradle\caches\modules-2\files-2.1\org.scala-lang\scala-parser-combinators_2.11\1.0.1\f05d7345bf5a58924f2837c6c1f4d73a938e1ff0\scala-parser-combinators_2.11-1.0.1.jar;C:\Users\Ale\.gradle\cache
Launcher Type: SUN_STANDARD

Environment Variables:
PATH=C:/Program Files/Java/jre1.8.0_45/bin/server;C:/Program Files/Java/jre1.8.0_45/bin;C:/Program Files/Java/jre1.8.0_45/lib/amd64;C:\ProgramData\Oracle\Java\javapath;C:\Windows\system32;C:\Windows;C:\Windows\System32\Wbem;C:\Windows\System32\WindowsPowerShell\v1.0\;C:\Program Files (x86)\AMD\ATI.ACE\Core-Static;C:\Users\Ale\Desktop\Nuova cartella\eclipse;
USERNAME=Ale
OS=Windows_NT
PROCESSOR_IDENTIFIER=Intel64 Family 6 Model 15 Stepping 6, GenuineIntel



---------------  S Y S T E M  ---------------

OS: Windows 7 , 64 bit Build 7601 (6.1.7601.18869)

CPU:total 2 (2 cores per cpu, 1 threads per core) family 6 model 15 stepping 6, cmov, cx8, fxsr, mmx, sse, sse2, sse3, ssse3, tsc

Memory: 4k page, physical 6289964k(2770192k free), swap 12578092k(8141568k free)

vm_info: Java HotSpot(TM) 64-Bit Server VM (25.45-b02) for windows-amd64 JRE (1.8.0_45-b15), built on Apr 30 2015 12:40:44 by "java_re" with MS VC++ 10.0 (VS2010)

time: Sat Jun 20 14:48:30 2015
elapsed time: 34 seconds (0d 0h 0m 34s)

