#
# A fatal error has been detected by the Java Runtime Environment:
#
#  EXCEPTION_ACCESS_VIOLATION (0xc0000005) at pc=0xffffffffa4345120, pid=2264, tid=2192
#
# JRE version: Java(TM) SE Runtime Environment (8.0_45-b15) (build 1.8.0_45-b15)
# Java VM: Java HotSpot(TM) 64-Bit Server VM (25.45-b02 mixed mode windows-amd64 compressed oops)
# Problematic frame:
# C  0xffffffffa4345120
#
# Failed to write core dump. Minidumps are not enabled by default on client versions of Windows
#
# If you would like to submit a bug report, please visit:
#   http://bugreport.java.com/bugreport/crash.jsp
#

---------------  T H R E A D  ---------------

Current thread (0x0000000001cd2000):  JavaThread "Client thread" [_thread_in_Java, id=2192, stack(0x0000000001f70000,0x0000000002070000)]

siginfo: ExceptionCode=0xc0000005, ExceptionInformation=0x0000000000000008 0xffffffffa4345120

Registers:
RAX=0x000000013fefb8c8, RBX=0x0000000029f09150, RCX=0x0000000000000000, RDX=0x00000000ec1f7510
RSP=0x000000000206db68, RBP=0x000000000206df08, RSI=0x00000000a291e648, RDI=0x0000000000000948
R8 =0x00000000ec1f7510, R9 =0x0000000000000003, R10=0x00000000a28dc668, R11=0xffffffeb00000056
R12=0x0000000000000000, R13=0x00000000ffffffff, R14=0x0000000000000566, R15=0x0000000001cd2000
RIP=0xffffffffa4345120, EFLAGS=0x0000000000010202

Top of Stack: (sp=0x000000000206db68)
0x000000000206db68:   0000000003248868 000000000206df08
0x000000000206db78:   00000000a1ac1238 ffffffff00000566
0x000000000206db88:   00000000ec1f7510 000000006f713130
0x000000000206db98:   0000000000000000 00000000a3a31da8
0x000000000206dba8:   ffffffeb00000056 000000000206df08
0x000000000206dbb8:   00000000034627d4 0000000000000000
0x000000000206dbc8:   0000000029f03098 0000000000000000
0x000000000206dbd8:   000000006f732fad 000000000206dc10
0x000000000206dbe8:   000000000206dc10 3f11919200000001
0x000000000206dbf8:   00000000ec1e9db8 0000000001cd0680
0x000000000206dc08:   000000006f739a62 000000000206df08
0x000000000206dc18:   00000000034621ac ffffffffffffffff
0x000000000206dc28:   000000002de0ebc0 000000000000011a
0x000000000206dc38:   000000006f7336b5 3f8000003f800000
0x000000000206dc48:   3f8000003f800000 4095980000000000
0x000000000206dc58:   4008000000000000 c074700000000000 

Instructions: (pc=0xffffffffa4345120)
0xffffffffa4345100:   
[error occurred during error reporting (printing registers, top of stack, instructions near pc), id 0xc0000005]

Register to memory mapping:

RAX=0x000000013fefb8c8 is pointing into metadata
RBX={method} {0x0000000029f09158} 'getListenerList' '()Lcpw/mods/fml/common/eventhandler/ListenerList;' in 'net/minecraftforge/event/terraingen/BiomeEvent$GetGrassColor'
RCX=0x0000000000000000 is an unknown value
RDX=0x00000000ec1f7510 is an oop
net.minecraftforge.event.terraingen.BiomeEvent$GetGrassColor 
 - klass: 'net/minecraftforge/event/terraingen/BiomeEvent$GetGrassColor'
RSP=0x000000000206db68 is pointing into the stack for thread: 0x0000000001cd2000
RBP=0x000000000206df08 is pointing into the stack for thread: 0x0000000001cd2000
RSI=0x00000000a291e648 is an oop
cpw.mods.fml.common.eventhandler.ListenerList 
 - klass: 'cpw/mods/fml/common/eventhandler/ListenerList'
RDI=0x0000000000000948 is an unknown value
R8 =0x00000000ec1f7510 is an oop
net.minecraftforge.event.terraingen.BiomeEvent$GetGrassColor 
 - klass: 'net/minecraftforge/event/terraingen/BiomeEvent$GetGrassColor'
R9 =0x0000000000000003 is an unknown value
R10=0x00000000a28dc668 is an oop
net.minecraft.world.biome.BiomeGenPlains 
 - klass: 'net/minecraft/world/biome/BiomeGenPlains'
R11=0xffffffeb00000056 is an unknown value
R12=0x0000000000000000 is an unknown value
R13=0x00000000ffffffff is an unallocated location in the heap
R14=0x0000000000000566 is an unknown value
R15=0x0000000001cd2000 is a thread


Stack: [0x0000000001f70000,0x0000000002070000],  sp=0x000000000206db68,  free space=1014k
Native frames: (J=compiled Java code, j=interpreted, Vv=VM code, C=native code)
C  0xffffffffa4345120


---------------  P R O C E S S  ---------------

Java Threads: ( => current thread )
  0x00000000198ae800 JavaThread "pool-2-thread-1" [_thread_in_native, id=2760, stack(0x000000002fcc0000,0x000000002fdc0000)]
  0x00000000198ae000 JavaThread "Chunk I/O Executor Thread-1" daemon [_thread_blocked, id=2124, stack(0x000000002e0c0000,0x000000002e1c0000)]
  0x00000000198ad000 JavaThread "Netty IO #1" daemon [_thread_in_native, id=3632, stack(0x000000002e3a0000,0x000000002e4a0000)]
  0x00000000198ac800 JavaThread "Netty Client IO #0" daemon [_thread_in_native, id=408, stack(0x000000002e200000,0x000000002e300000)]
  0x00000000198ab800 JavaThread "Netty IO #0" daemon [_thread_in_native, id=4308, stack(0x000000002dc40000,0x000000002dd40000)]
  0x00000000198a9800 JavaThread "Server thread" [_thread_blocked, id=4608, stack(0x000000002dac0000,0x000000002dbc0000)]
  0x00000000198a8800 JavaThread "Snooper Timer" daemon [_thread_in_native, id=3200, stack(0x000000002d720000,0x000000002d820000)]
  0x00000000198ab000 JavaThread "Thread-11" [_thread_blocked, id=4168, stack(0x000000002ae00000,0x000000002af00000)]
  0x00000000198aa000 JavaThread "Thread-10" [_thread_blocked, id=4860, stack(0x0000000026880000,0x0000000026980000)]
  0x0000000018e5c800 JavaThread "LWJGL Timer" daemon [_thread_blocked, id=5432, stack(0x00000000202b0000,0x00000000203b0000)]
  0x0000000019e80800 JavaThread "Java2D Disposer" daemon [_thread_blocked, id=2120, stack(0x000000001b2b0000,0x000000001b3b0000)]
  0x000000001875d800 JavaThread "Timer hack thread" daemon [_thread_blocked, id=4740, stack(0x000000001ae90000,0x000000001af90000)]
  0x0000000018bd3000 JavaThread "Snooper Timer" daemon [_thread_blocked, id=4436, stack(0x000000001ab30000,0x000000001ac30000)]
  0x0000000015ccf000 JavaThread "Service Thread" daemon [_thread_blocked, id=3068, stack(0x0000000017250000,0x0000000017350000)]
  0x0000000015c78000 JavaThread "C1 CompilerThread1" daemon [_thread_blocked, id=708, stack(0x0000000016ff0000,0x00000000170f0000)]
  0x0000000015c6f000 JavaThread "C2 CompilerThread0" daemon [_thread_in_native, id=2056, stack(0x0000000016e10000,0x0000000016f10000)]
  0x0000000015c6d800 JavaThread "Attach Listener" daemon [_thread_blocked, id=5816, stack(0x0000000016cb0000,0x0000000016db0000)]
  0x0000000015c6c000 JavaThread "Signal Dispatcher" daemon [_thread_blocked, id=2512, stack(0x0000000016550000,0x0000000016650000)]
  0x0000000015c0f800 JavaThread "Finalizer" daemon [_thread_blocked, id=3640, stack(0x0000000016ad0000,0x0000000016bd0000)]
  0x0000000015c08800 JavaThread "Reference Handler" daemon [_thread_blocked, id=4240, stack(0x00000000168e0000,0x00000000169e0000)]
=>0x0000000001cd2000 JavaThread "Client thread" [_thread_in_Java, id=2192, stack(0x0000000001f70000,0x0000000002070000)]

Other Threads:
  0x0000000015c01000 VMThread [stack: 0x00000000166d0000,0x00000000167d0000] [id=5296]
  0x0000000017354800 WatcherThread [stack: 0x00000000167d0000,0x00000000168d0000] [id=3940]

VM state:not at safepoint (normal execution)

VM Mutex/Monitor currently owned by a thread: None

Heap:
 PSYoungGen      total 427520K, used 219725K [0x00000000e0000000, 0x00000000fc900000, 0x0000000100000000)
  eden space 393216K, 55% used [0x00000000e0000000,0x00000000ed693530,0x00000000f8000000)
  from space 34304K, 0% used [0x00000000fa380000,0x00000000fa380000,0x00000000fc500000)
  to   space 36352K, 0% used [0x00000000f8000000,0x00000000f8000000,0x00000000fa380000)
 ParOldGen       total 154624K, used 77677K [0x00000000a0000000, 0x00000000a9700000, 0x00000000e0000000)
  object space 154624K, 50% used [0x00000000a0000000,0x00000000a4bdb4f8,0x00000000a9700000)
 Metaspace       used 37225K, capacity 37617K, committed 37888K, reserved 1083392K
  class space    used 4468K, capacity 4587K, committed 4608K, reserved 1048576K

Card table byte_map: [0x0000000011700000,0x0000000011a10000] byte_map_base: 0x0000000011200000

Marking Bits: (ParMarkBitMap*) 0x000000006fd24040
 Begin Bits: [0x0000000011fd0000, 0x00000000137d0000)
 End Bits:   [0x00000000137d0000, 0x0000000014fd0000)

Polling page: 0x0000000001c40000

CodeCache: size=245760Kb used=18166Kb max_used=18166Kb free=227593Kb
 bounds [0x0000000002340000, 0x0000000003520000, 0x0000000011340000]
 total_blobs=6218 nmethods=5444 adapters=687
 compilation: enabled

Compilation events (10 events):
Event: 47.084 Thread 0x0000000015c78000 nmethod 6645% 0x0000000003491950 code [0x0000000003491ae0, 0x0000000003492210]
Event: 47.084 Thread 0x0000000015c78000 6646       3       net.minecraft.client.renderer.RenderGlobal::updateRenderers (640 bytes)
Event: 47.087 Thread 0x0000000015c78000 nmethod 6646 0x0000000003492550 code [0x0000000003492a00, 0x0000000003495218]
Event: 47.087 Thread 0x0000000015c78000 6647       2       net.minecraft.client.renderer.RenderBlocks::renderFaceYNeg (825 bytes)
Event: 47.089 Thread 0x0000000015c78000 nmethod 6647 0x0000000003496d50 code [0x00000000034972a0, 0x0000000003498458]
Event: 47.089 Thread 0x0000000015c78000 6649       2       net.minecraft.block.BlockDirt::getIcon (29 bytes)
Event: 47.090 Thread 0x0000000015c78000 nmethod 6649 0x0000000003499490 code [0x00000000034995e0, 0x0000000003499770]
Event: 47.090 Thread 0x0000000015c78000 6653       1       net.minecraftforge.event.terraingen.BiomeEvent$GetGrassColor::getListenerList (4 bytes)
Event: 47.090 Thread 0x0000000015c78000 nmethod 6653 0x0000000003499810 code [0x0000000003499960, 0x0000000003499a70]
Event: 47.090 Thread 0x0000000015c78000 6648       2       net.minecraft.block.Block::getIcon (17 bytes)

GC Heap History (10 events):
Event: 39.653 GC heap before
{Heap before GC invocations=18 (full 4):
 PSYoungGen      total 426496K, used 14319K [0x00000000e0000000, 0x00000000fc300000, 0x0000000100000000)
  eden space 395264K, 0% used [0x00000000e0000000,0x00000000e0000000,0x00000000f8200000)
  from space 31232K, 45% used [0x00000000fa480000,0x00000000fb27bf68,0x00000000fc300000)
  to   space 33280K, 0% used [0x00000000f8200000,0x00000000f8200000,0x00000000fa280000)
 ParOldGen       total 154624K, used 89551K [0x00000000a0000000, 0x00000000a9700000, 0x00000000e0000000)
  object space 154624K, 57% used [0x00000000a0000000,0x00000000a5773d18,0x00000000a9700000)
 Metaspace       used 29764K, capacity 30093K, committed 30464K, reserved 1075200K
  class space    used 3679K, capacity 3761K, committed 3840K, reserved 1048576K
Event: 39.866 GC heap after
Heap after GC invocations=18 (full 4):
 PSYoungGen      total 426496K, used 0K [0x00000000e0000000, 0x00000000fc300000, 0x0000000100000000)
  eden space 395264K, 0% used [0x00000000e0000000,0x00000000e0000000,0x00000000f8200000)
  from space 31232K, 0% used [0x00000000fa480000,0x00000000fa480000,0x00000000fc300000)
  to   space 33280K, 0% used [0x00000000f8200000,0x00000000f8200000,0x00000000fa280000)
 ParOldGen       total 154624K, used 55063K [0x00000000a0000000, 0x00000000a9700000, 0x00000000e0000000)
  object space 154624K, 35% used [0x00000000a0000000,0x00000000a35c5d00,0x00000000a9700000)
 Metaspace       used 29764K, capacity 30093K, committed 30464K, reserved 1075200K
  class space    used 3679K, capacity 3761K, committed 3840K, reserved 1048576K
}
Event: 39.866 GC heap before
{Heap before GC invocations=19 (full 4):
 PSYoungGen      total 426496K, used 0K [0x00000000e0000000, 0x00000000fc300000, 0x0000000100000000)
  eden space 395264K, 0% used [0x00000000e0000000,0x00000000e0000000,0x00000000f8200000)
  from space 31232K, 0% used [0x00000000fa480000,0x00000000fa480000,0x00000000fc300000)
  to   space 33280K, 0% used [0x00000000f8200000,0x00000000f8200000,0x00000000fa280000)
 ParOldGen       total 154624K, used 55063K [0x00000000a0000000, 0x00000000a9700000, 0x00000000e0000000)
  object space 154624K, 35% used [0x00000000a0000000,0x00000000a35c5d00,0x00000000a9700000)
 Metaspace       used 29764K, capacity 30093K, committed 30464K, reserved 1075200K
  class space    used 3679K, capacity 3761K, committed 3840K, reserved 1048576K
Event: 39.868 GC heap after
Heap after GC invocations=19 (full 4):
 PSYoungGen      total 428544K, used 0K [0x00000000e0000000, 0x00000000fc500000, 0x0000000100000000)
  eden space 395264K, 0% used [0x00000000e0000000,0x00000000e0000000,0x00000000f8200000)
  from space 33280K, 0% used [0x00000000f8200000,0x00000000f8200000,0x00000000fa280000)
  to   space 34304K, 0% used [0x00000000fa380000,0x00000000fa380000,0x00000000fc500000)
 ParOldGen       total 154624K, used 55063K [0x00000000a0000000, 0x00000000a9700000, 0x00000000e0000000)
  object space 154624K, 35% used [0x00000000a0000000,0x00000000a35c5d00,0x00000000a9700000)
 Metaspace       used 29764K, capacity 30093K, committed 30464K, reserved 1075200K
  class space    used 3679K, capacity 3761K, committed 3840K, reserved 1048576K
}
Event: 39.868 GC heap before
{Heap before GC invocations=20 (full 5):
 PSYoungGen      total 428544K, used 0K [0x00000000e0000000, 0x00000000fc500000, 0x0000000100000000)
  eden space 395264K, 0% used [0x00000000e0000000,0x00000000e0000000,0x00000000f8200000)
  from space 33280K, 0% used [0x00000000f8200000,0x00000000f8200000,0x00000000fa280000)
  to   space 34304K, 0% used [0x00000000fa380000,0x00000000fa380000,0x00000000fc500000)
 ParOldGen       total 154624K, used 55063K [0x00000000a0000000, 0x00000000a9700000, 0x00000000e0000000)
  object space 154624K, 35% used [0x00000000a0000000,0x00000000a35c5d00,0x00000000a9700000)
 Metaspace       used 29764K, capacity 30093K, committed 30464K, reserved 1075200K
  class space    used 3679K, capacity 3761K, committed 3840K, reserved 1048576K
Event: 39.957 GC heap after
Heap after GC invocations=20 (full 5):
 PSYoungGen      total 428544K, used 0K [0x00000000e0000000, 0x00000000fc500000, 0x0000000100000000)
  eden space 395264K, 0% used [0x00000000e0000000,0x00000000e0000000,0x00000000f8200000)
  from space 33280K, 0% used [0x00000000f8200000,0x00000000f8200000,0x00000000fa280000)
  to   space 34304K, 0% used [0x00000000fa380000,0x00000000fa380000,0x00000000fc500000)
 ParOldGen       total 154624K, used 55063K [0x00000000a0000000, 0x00000000a9700000, 0x00000000e0000000)
  object space 154624K, 35% used [0x00000000a0000000,0x00000000a35c5d00,0x00000000a9700000)
 Metaspace       used 29764K, capacity 30093K, committed 30464K, reserved 1075200K
  class space    used 3679K, capacity 3761K, committed 3840K, reserved 1048576K
}
Event: 44.702 GC heap before
{Heap before GC invocations=21 (full 5):
 PSYoungGen      total 428544K, used 313706K [0x00000000e0000000, 0x00000000fc500000, 0x0000000100000000)
  eden space 395264K, 79% used [0x00000000e0000000,0x00000000f325a958,0x00000000f8200000)
  from space 33280K, 0% used [0x00000000f8200000,0x00000000f8200000,0x00000000fa280000)
  to   space 34304K, 0% used [0x00000000fa380000,0x00000000fa380000,0x00000000fc500000)
 ParOldGen       total 154624K, used 55063K [0x00000000a0000000, 0x00000000a9700000, 0x00000000e0000000)
  object space 154624K, 35% used [0x00000000a0000000,0x00000000a35c5d00,0x00000000a9700000)
 Metaspace       used 34901K, capacity 35267K, committed 35584K, reserved 1081344K
  class space    used 4241K, capacity 4320K, committed 4352K, reserved 1048576K
Event: 44.763 GC heap after
Heap after GC invocations=21 (full 5):
 PSYoungGen      total 427520K, used 25749K [0x00000000e0000000, 0x00000000fc900000, 0x0000000100000000)
  eden space 393216K, 0% used [0x00000000e0000000,0x00000000e0000000,0x00000000f8000000)
  from space 34304K, 75% used [0x00000000fa380000,0x00000000fbca5778,0x00000000fc500000)
  to   space 36352K, 0% used [0x00000000f8000000,0x00000000f8000000,0x00000000fa380000)
 ParOldGen       total 154624K, used 55071K [0x00000000a0000000, 0x00000000a9700000, 0x00000000e0000000)
  object space 154624K, 35% used [0x00000000a0000000,0x00000000a35c7d00,0x00000000a9700000)
 Metaspace       used 34901K, capacity 35267K, committed 35584K, reserved 1081344K
  class space    used 4241K, capacity 4320K, committed 4352K, reserved 1048576K
}
Event: 44.763 GC heap before
{Heap before GC invocations=22 (full 6):
 PSYoungGen      total 427520K, used 25749K [0x00000000e0000000, 0x00000000fc900000, 0x0000000100000000)
  eden space 393216K, 0% used [0x00000000e0000000,0x00000000e0000000,0x00000000f8000000)
  from space 34304K, 75% used [0x00000000fa380000,0x00000000fbca5778,0x00000000fc500000)
  to   space 36352K, 0% used [0x00000000f8000000,0x00000000f8000000,0x00000000fa380000)
 ParOldGen       total 154624K, used 55071K [0x00000000a0000000, 0x00000000a9700000, 0x00000000e0000000)
  object space 154624K, 35% used [0x00000000a0000000,0x00000000a35c7d00,0x00000000a9700000)
 Metaspace       used 34901K, capacity 35267K, committed 35584K, reserved 1081344K
  class space    used 4241K, capacity 4320K, committed 4352K, reserved 1048576K
Event: 45.049 GC heap after
Heap after GC invocations=22 (full 6):
 PSYoungGen      total 427520K, used 0K [0x00000000e0000000, 0x00000000fc900000, 0x0000000100000000)
  eden space 393216K, 0% used [0x00000000e0000000,0x00000000e0000000,0x00000000f8000000)
  from space 34304K, 0% used [0x00000000fa380000,0x00000000fa380000,0x00000000fc500000)
  to   space 36352K, 0% used [0x00000000f8000000,0x00000000f8000000,0x00000000fa380000)
 ParOldGen       total 154624K, used 77677K [0x00000000a0000000, 0x00000000a9700000, 0x00000000e0000000)
  object space 154624K, 50% used [0x00000000a0000000,0x00000000a4bdb4f8,0x00000000a9700000)
 Metaspace       used 34901K, capacity 35267K, committed 35584K, reserved 1081344K
  class space    used 4241K, capacity 4320K, committed 4352K, reserved 1048576K
}

Deoptimization events (10 events):
Event: 46.732 Thread 0x0000000001cd2000 Uncommon trap: reason=bimorphic action=maybe_recompile pc=0x00000000030cf4f4 method=net.minecraft.client.renderer.texture.TextureManager.bindTexture(Lnet/minecraft/util/ResourceLocation;)V @ 41
Event: 46.845 Thread 0x0000000001cd2000 Uncommon trap: reason=unstable_if action=reinterpret pc=0x00000000033b2f8c method=net.minecraft.client.renderer.Tessellator.addVertex(DDD)V @ 124
Event: 46.845 Thread 0x0000000001cd2000 Uncommon trap: reason=unstable_if action=reinterpret pc=0x00000000033b2884 method=net.minecraft.client.renderer.Tessellator.addVertex(DDD)V @ 124
Event: 46.851 Thread 0x00000000198ae800 Uncommon trap: reason=unstable_if action=reinterpret pc=0x0000000002e70468 method=java.math.MutableBigInteger.divideMagnitude(Ljava/math/MutableBigInteger;Ljava/math/MutableBigInteger;Z)Ljava/math/MutableBigInteger; @ 744
Event: 46.865 Thread 0x00000000198ae800 Uncommon trap: reason=unstable_if action=reinterpret pc=0x00000000028d5408 method=java.net.JarURLConnection.parseSpecs(Ljava/net/URL;)V @ 77
Event: 46.865 Thread 0x00000000198ae800 Uncommon trap: reason=unstable_if action=reinterpret pc=0x0000000002a9df58 method=sun.net.www.ParseUtil.decode(Ljava/lang/String;)Ljava/lang/String; @ 15
Event: 46.868 Thread 0x00000000198ae800 Uncommon trap: reason=bimorphic action=maybe_recompile pc=0x0000000002f91634 method=java.io.BufferedInputStream.read1([BII)I @ 39
Event: 46.869 Thread 0x00000000198ae800 Uncommon trap: reason=bimorphic action=maybe_recompile pc=0x0000000002f91634 method=java.io.BufferedInputStream.read1([BII)I @ 39
Event: 46.869 Thread 0x00000000198ae800 Uncommon trap: reason=bimorphic action=maybe_recompile pc=0x0000000002f91634 method=java.io.BufferedInputStream.read1([BII)I @ 39
Event: 46.869 Thread 0x00000000198ae800 Uncommon trap: reason=bimorphic action=maybe_recompile pc=0x0000000002f91634 method=java.io.BufferedInputStream.read1([BII)I @ 39

Internal exceptions (10 events):
Event: 39.624 Thread 0x00000000198aa000 Exception <a 'java/lang/InterruptedException': sleep interrupted> (0x00000000ee75ae68) thrown at [C:\re\workspace\8-2-build-windows-amd64-cygwin\jdk8u45\3627\hotspot\src\share\vm\prims\jvm.cpp, line 3211]
Event: 40.016 Thread 0x0000000001cd2000 Exception <a 'java/io/FileNotFoundException'> (0x00000000e045ad78) thrown at [C:\re\workspace\8-2-build-windows-amd64-cygwin\jdk8u45\3627\hotspot\src\share\vm\prims\jni.cpp, line 709]
Event: 43.449 Thread 0x00000000198a9800 Implicit null exception at 0x00000000026c96a2 to 0x00000000026c9949
Event: 45.172 Thread 0x00000000198ae800 Implicit null exception at 0x0000000002f6cdfd to 0x0000000002f6d501
Event: 45.172 Thread 0x00000000198ae800 Implicit null exception at 0x0000000002f4f81d to 0x0000000002f50011
Event: 45.461 Thread 0x00000000198aa000 Exception <a 'java/lang/InterruptedException': sleep interrupted> (0x00000000e262c830) thrown at [C:\re\workspace\8-2-build-windows-amd64-cygwin\jdk8u45\3627\hotspot\src\share\vm\prims\jvm.cpp, line 3211]
Event: 46.837 Thread 0x00000000198aa000 Exception <a 'java/lang/InterruptedException': sleep interrupted> (0x00000000e262ca80) thrown at [C:\re\workspace\8-2-build-windows-amd64-cygwin\jdk8u45\3627\hotspot\src\share\vm\prims\jvm.cpp, line 3211]
Event: 46.837 Thread 0x00000000198aa000 Exception <a 'java/lang/InterruptedException': sleep interrupted> (0x00000000e262cca8) thrown at [C:\re\workspace\8-2-build-windows-amd64-cygwin\jdk8u45\3627\hotspot\src\share\vm\prims\jvm.cpp, line 3211]
Event: 47.078 Thread 0x00000000198aa000 Exception <a 'java/lang/InterruptedException': sleep interrupted> (0x00000000e262ced0) thrown at [C:\re\workspace\8-2-build-windows-amd64-cygwin\jdk8u45\3627\hotspot\src\share\vm\prims\jvm.cpp, line 3211]
Event: 47.078 Thread 0x00000000198aa000 Exception <a 'java/lang/InterruptedException': sleep interrupted> (0x00000000e262d0f8) thrown at [C:\re\workspace\8-2-build-windows-amd64-cygwin\jdk8u45\3627\hotspot\src\share\vm\prims\jvm.cpp, line 3211]

Events (10 events):
Event: 47.060 Thread 0x0000000001cd2000 DEOPT PACKING pc=0x000000000331164c sp=0x000000000206e0c0
Event: 47.060 Thread 0x0000000001cd2000 DEOPT UNPACKING pc=0x00000000023871bf sp=0x000000000206dde0 mode 0
Event: 47.061 Thread 0x0000000001cd2000 DEOPT PACKING pc=0x000000000331164c sp=0x000000000206e0c0
Event: 47.061 Thread 0x0000000001cd2000 DEOPT UNPACKING pc=0x00000000023871bf sp=0x000000000206dde0 mode 0
Event: 47.062 Thread 0x0000000001cd2000 DEOPT PACKING pc=0x000000000331164c sp=0x000000000206e0c0
Event: 47.062 Thread 0x0000000001cd2000 DEOPT UNPACKING pc=0x00000000023871bf sp=0x000000000206dde0 mode 0
Event: 47.063 Thread 0x0000000001cd2000 DEOPT PACKING pc=0x000000000331164c sp=0x000000000206e0c0
Event: 47.063 Thread 0x0000000001cd2000 DEOPT UNPACKING pc=0x00000000023871bf sp=0x000000000206dde0 mode 0
Event: 47.064 Thread 0x0000000001cd2000 DEOPT PACKING pc=0x000000000331164c sp=0x000000000206e0c0
Event: 47.064 Thread 0x0000000001cd2000 DEOPT UNPACKING pc=0x00000000023871bf sp=0x000000000206dde0 mode 0


Dynamic libraries:
0x000000013fb30000 - 0x000000013fb67000 	C:\Program Files\Java\jre1.8.0_45\bin\javaw.exe
0x0000000077b00000 - 0x0000000077ca9000 	C:\Windows\SYSTEM32\ntdll.dll
0x00000000779e0000 - 0x0000000077aff000 	C:\Windows\system32\kernel32.dll
0x000007fefdbc0000 - 0x000007fefdc2c000 	C:\Windows\system32\KERNELBASE.dll
0x000007feff8c0000 - 0x000007feff99b000 	C:\Windows\system32\ADVAPI32.dll
0x000007feff150000 - 0x000007feff1ef000 	C:\Windows\system32\msvcrt.dll
0x000007feff3d0000 - 0x000007feff3ef000 	C:\Windows\SYSTEM32\sechost.dll
0x000007feff1f0000 - 0x000007feff31d000 	C:\Windows\system32\RPCRT4.dll
0x00000000778e0000 - 0x00000000779da000 	C:\Windows\system32\USER32.dll
0x000007fefde00000 - 0x000007fefde67000 	C:\Windows\system32\GDI32.dll
0x000007fefde70000 - 0x000007fefde7e000 	C:\Windows\system32\LPK.dll
0x000007fefec80000 - 0x000007fefed49000 	C:\Windows\system32\USP10.dll
0x000007fefc2c0000 - 0x000007fefc4b4000 	C:\Windows\WinSxS\amd64_microsoft.windows.common-controls_6595b64144ccf1df_6.0.7601.18837_none_fa3b1e3d17594757\COMCTL32.dll
0x000007feff840000 - 0x000007feff8b1000 	C:\Windows\system32\SHLWAPI.dll
0x000007feff3a0000 - 0x000007feff3ce000 	C:\Windows\system32\IMM32.DLL
0x000007feff9a0000 - 0x000007feffaa9000 	C:\Windows\system32\MSCTF.dll
0x00000000791e0000 - 0x00000000792b2000 	C:\Program Files\Java\jre1.8.0_45\bin\msvcr100.dll
0x000000006f520000 - 0x000000006fda3000 	C:\Program Files\Java\jre1.8.0_45\bin\server\jvm.dll
0x000007fef6b20000 - 0x000007fef6b29000 	C:\Windows\system32\WSOCK32.dll
0x000007fefec30000 - 0x000007fefec7d000 	C:\Windows\system32\WS2_32.dll
0x000007feff140000 - 0x000007feff148000 	C:\Windows\system32\NSI.dll
0x000007fef9500000 - 0x000007fef953b000 	C:\Windows\system32\WINMM.dll
0x000007fefc950000 - 0x000007fefc95c000 	C:\Windows\system32\VERSION.dll
0x0000000077cd0000 - 0x0000000077cd7000 	C:\Windows\system32\PSAPI.DLL
0x0000000059310000 - 0x000000005931f000 	C:\Program Files\Java\jre1.8.0_45\bin\verify.dll
0x00000000592e0000 - 0x0000000059309000 	C:\Program Files\Java\jre1.8.0_45\bin\java.dll
0x00000000592c0000 - 0x00000000592d6000 	C:\Program Files\Java\jre1.8.0_45\bin\zip.dll
0x000007fefde80000 - 0x000007fefec09000 	C:\Windows\system32\SHELL32.dll
0x000007fefed50000 - 0x000007fefef53000 	C:\Windows\system32\ole32.dll
0x000007fefd8c0000 - 0x000007fefd8cf000 	C:\Windows\system32\profapi.dll
0x0000000001db0000 - 0x0000000001dbd000 	C:\Program Files\Java\jre1.8.0_45\bin\management.dll
0x00000000592a0000 - 0x00000000592ba000 	C:\Program Files\Java\jre1.8.0_45\bin\net.dll
0x000007fefd050000 - 0x000007fefd0a5000 	C:\Windows\system32\mswsock.dll
0x000007fefd040000 - 0x000007fefd047000 	C:\Windows\System32\wship6.dll
0x0000000059280000 - 0x0000000059291000 	C:\Program Files\Java\jre1.8.0_45\bin\nio.dll
0x000007fefb890000 - 0x000007fefb8a5000 	C:\Windows\system32\NLAapi.dll
0x000007fefa5e0000 - 0x000007fefa5f5000 	C:\Windows\system32\napinsp.dll
0x000007fefa600000 - 0x000007fefa619000 	C:\Windows\system32\pnrpnsp.dll
0x000007fefced0000 - 0x000007fefcf2b000 	C:\Windows\system32\DNSAPI.dll
0x000007fef9540000 - 0x000007fef954b000 	C:\Windows\System32\winrnr.dll
0x000007fefca70000 - 0x000007fefca77000 	C:\Windows\System32\wshtcpip.dll
0x000007fefb570000 - 0x000007fefb597000 	C:\Windows\system32\IPHLPAPI.DLL
0x000007fefb530000 - 0x000007fefb53b000 	C:\Windows\system32\WINNSI.DLL
0x000007fefa920000 - 0x000007fefa928000 	C:\Windows\system32\rasadhlp.dll
0x000007fefb2f0000 - 0x000007fefb343000 	C:\Windows\System32\fwpuclnt.dll
0x0000000180000000 - 0x0000000180051000 	C:\Users\Ale\.gradle\caches\minecraft\net\minecraft\minecraft_natives\1.7.10\lwjgl64.dll
0x000007fedefb0000 - 0x000007fedf0cd000 	C:\Windows\system32\OPENGL32.dll
0x000007fef34c0000 - 0x000007fef34ed000 	C:\Windows\system32\GLU32.dll
0x000007feead30000 - 0x000007feeae21000 	C:\Windows\system32\DDRAW.dll
0x000007feec240000 - 0x000007feec248000 	C:\Windows\system32\DCIMAN32.dll
0x000007fefef60000 - 0x000007feff137000 	C:\Windows\system32\SETUPAPI.dll
0x000007fefd9a0000 - 0x000007fefd9d6000 	C:\Windows\system32\CFGMGR32.dll
0x000007feff760000 - 0x000007feff837000 	C:\Windows\system32\OLEAUT32.dll
0x000007fefdba0000 - 0x000007fefdbba000 	C:\Windows\system32\DEVOBJ.dll
0x000007fefb830000 - 0x000007fefb848000 	C:\Windows\system32\dwmapi.dll
0x000007fefd0b0000 - 0x000007fefd0c8000 	C:\Windows\system32\CRYPTSP.dll
0x000007fefcdb0000 - 0x000007fefcdf7000 	C:\Windows\system32\rsaenh.dll
0x000007fefd970000 - 0x000007fefd98e000 	C:\Windows\system32\USERENV.dll
0x000007fefd710000 - 0x000007fefd71f000 	C:\Windows\system32\CRYPTBASE.dll
0x000007fefb280000 - 0x000007fefb298000 	C:\Windows\system32\dhcpcsvc.DLL
0x000007fefb200000 - 0x000007fefb211000 	C:\Windows\system32\dhcpcsvc6.DLL
0x000000006c9e0000 - 0x000000006cb78000 	C:\Program Files\Java\jre1.8.0_45\bin\awt.dll
0x000007fefbe80000 - 0x000007fefbed6000 	C:\Windows\system32\uxtheme.dll
0x000007feebff0000 - 0x000007feec017000 	C:\Program Files (x86)\Raptr\ltc_help64-96675.dll
0x000007fefdc30000 - 0x000007fefdc6b000 	C:\Windows\system32\WINTRUST.dll
0x000007fefda20000 - 0x000007fefdb8d000 	C:\Windows\system32\CRYPT32.dll
0x000007fefd8b0000 - 0x000007fefd8bf000 	C:\Windows\system32\MSASN1.dll
0x000007fef7d20000 - 0x000007fef7d38000 	C:\Windows\system32\atig6pxx.dll
0x00000000683c0000 - 0x0000000069f6e000 	C:\Windows\system32\atio6axx.dll
0x000007feedc50000 - 0x000007feedd88000 	C:\Windows\system32\atiadlxx.dll
0x000007fefbee0000 - 0x000007fefc00c000 	C:\Windows\system32\PROPSYS.dll
0x000007fefc990000 - 0x000007fefc9a1000 	C:\Windows\system32\WTSAPI32.dll
0x000007feee450000 - 0x000007feee479000 	C:\Windows\system32\atig6txx.dll
0x000007feffab0000 - 0x000007feffb49000 	C:\Windows\system32\CLBCatQ.DLL
0x000007fef88e0000 - 0x000007fef897c000 	C:\Windows\system32\mscms.dll
0x000007fee2520000 - 0x000007fee2562000 	C:\Windows\system32\icm32.dll
0x0000000070a40000 - 0x0000000070adc000 	C:\Users\Ale\.gradle\caches\minecraft\net\minecraft\minecraft_natives\1.7.10\avutil-ttv-51.dll
0x0000000065980000 - 0x00000000659d6000 	C:\Users\Ale\.gradle\caches\minecraft\net\minecraft\minecraft_natives\1.7.10\swresample-ttv-0.dll
0x000000006eb80000 - 0x000000006ec50000 	C:\Users\Ale\.gradle\caches\minecraft\net\minecraft\minecraft_natives\1.7.10\libmp3lame-ttv.dll
0x000007fedbbc0000 - 0x000007fedcf64000 	C:\Users\Ale\.gradle\caches\minecraft\net\minecraft\minecraft_natives\1.7.10\libmfxsw64.dll
0x000007fedd770000 - 0x000007fedd89b000 	C:\Users\Ale\.gradle\caches\minecraft\net\minecraft\minecraft_natives\1.7.10\twitchsdk.dll
0x000007feffb50000 - 0x000007feffdaa000 	C:\Windows\system32\WININET.dll
0x000007fefd990000 - 0x000007fefd994000 	C:\Windows\system32\api-ms-win-downlevel-user32-l1-1-0.dll
0x000007fefda00000 - 0x000007fefda04000 	C:\Windows\system32\api-ms-win-downlevel-shlwapi-l1-1-0.dll
0x000007fefd9f0000 - 0x000007fefd9f4000 	C:\Windows\system32\api-ms-win-downlevel-version-l1-1-0.dll
0x000007fefd9e0000 - 0x000007fefd9e3000 	C:\Windows\system32\api-ms-win-downlevel-normaliz-l1-1-0.dll
0x0000000077cc0000 - 0x0000000077cc3000 	C:\Windows\system32\normaliz.DLL
0x000007feff490000 - 0x000007feff757000 	C:\Windows\system32\iertutil.dll
0x000007fefda10000 - 0x000007fefda15000 	C:\Windows\system32\api-ms-win-downlevel-advapi32-l1-1-0.dll
0x0000000017f50000 - 0x0000000017fb4000 	C:\Users\Ale\.gradle\caches\minecraft\net\minecraft\minecraft_natives\1.7.10\OpenAL64.dll
0x000007fefc010000 - 0x000007fefc05b000 	C:\Windows\System32\MMDevApi.dll
0x000007fef15b0000 - 0x000007fef1638000 	C:\Windows\system32\dsound.dll
0x000007fefc960000 - 0x000007fefc98c000 	C:\Windows\system32\POWRPROF.dll
0x000007fefae70000 - 0x000007fefaebf000 	C:\Windows\system32\AUDIOSES.DLL
0x000007fefec10000 - 0x000007fefec29000 	C:\Windows\system32\imagehlp.dll
0x000007fefd230000 - 0x000007fefd280000 	C:\Windows\system32\ncrypt.dll
0x000007fefd200000 - 0x000007fefd222000 	C:\Windows\system32\bcrypt.dll
0x000007fefccf0000 - 0x000007fefcd3c000 	C:\Windows\system32\bcryptprimitives.dll
0x000007fefcb60000 - 0x000007fefcb7b000 	C:\Windows\system32\GPAPI.dll
0x000007fef9e10000 - 0x000007fef9e37000 	C:\Windows\system32\cryptnet.dll
0x000007feffdb0000 - 0x000007feffe02000 	C:\Windows\system32\WLDAP32.dll
0x000007fef77a0000 - 0x000007fef77a9000 	C:\Windows\system32\SensApi.dll
0x000007fedb7d0000 - 0x000007fedb9e4000 	C:\PROGRA~2\Raptr\ltc_game64-96675.dll
0x000007fef2550000 - 0x000007fef2675000 	C:\Windows\system32\dbghelp.dll
0x0000000059040000 - 0x0000000059064000 	C:\Program Files\Java\jre1.8.0_45\bin\sunec.dll

VM Arguments:
jvm_args: -Dfile.encoding=Cp1252 
java_command: GradleStart
java_class_path (initial): C:\Users\Ale\Desktop\Workspace\FactoryCraft\bin;C:\Users\Ale\.gradle\caches\minecraft\net\minecraftforge\forge\1.7.10-10.13.4.1448-1.7.10\forgeSrc-1.7.10-10.13.4.1448-1.7.10.jar;C:\Users\Ale\.gradle\caches\modules-2\files-2.1\net.minecraft\launchwrapper\1.11\9c0592c6e1e9ea296a70948081bd4cc84dda1289\launchwrapper-1.11.jar;C:\Users\Ale\.gradle\caches\modules-2\files-2.1\com.google.code.findbugs\jsr305\1.3.9\40719ea6961c0cb6afaeb6a921eaa1f6afd4cfdf\jsr305-1.3.9.jar;C:\Users\Ale\.gradle\caches\modules-2\files-2.1\org.ow2.asm\asm-debug-all\5.0.3\f9e364ae2a66ce2a543012a4668856e84e5dab74\asm-debug-all-5.0.3.jar;C:\Users\Ale\.gradle\caches\modules-2\files-2.1\com.typesafe.akka\akka-actor_2.11\2.3.3\ed62e9fc709ca0f2ff1a3220daa8b70a2870078e\akka-actor_2.11-2.3.3.jar;C:\Users\Ale\.gradle\caches\modules-2\files-2.1\com.typesafe\config\1.2.1\f771f71fdae3df231bcd54d5ca2d57f0bf93f467\config-1.2.1.jar;C:\Users\Ale\.gradle\caches\modules-2\files-2.1\org.scala-lang\scala-actors-migration_2.11\1.1.0\dfa8bc42b181d5b9f1a5dd147f8ae308b893eb6f\scala-actors-migration_2.11-1.1.0.jar;C:\Users\Ale\.gradle\caches\modules-2\files-2.1\org.scala-lang\scala-compiler\2.11.1\56ea2e6c025e0821f28d73ca271218b8dd04926a\scala-compiler-2.11.1.jar;C:\Users\Ale\.gradle\caches\modules-2\files-2.1\org.scala-lang.plugins\scala-continuations-library_2.11\1.0.2\e517c53a7e9acd6b1668c5a35eccbaa3bab9aac\scala-continuations-library_2.11-1.0.2.jar;C:\Users\Ale\.gradle\caches\modules-2\files-2.1\org.scala-lang.plugins\scala-continuations-plugin_2.11.1\1.0.2\f361a3283452c57fa30c1ee69448995de23c60f7\scala-continuations-plugin_2.11.1-1.0.2.jar;C:\Users\Ale\.gradle\caches\modules-2\files-2.1\org.scala-lang\scala-library\2.11.1\e11da23da3eabab9f4777b9220e60d44c1aab6a\scala-library-2.11.1.jar;C:\Users\Ale\.gradle\caches\modules-2\files-2.1\org.scala-lang\scala-parser-combinators_2.11\1.0.1\f05d7345bf5a58924f2837c6c1f4d73a938e1ff0\scala-parser-combinators_2.11-1.0.1.jar;C:\Users\Ale\.gradle\cache
Launcher Type: SUN_STANDARD

Environment Variables:
PATH=C:/Program Files/Java/jre1.8.0_45/bin/server;C:/Program Files/Java/jre1.8.0_45/bin;C:/Program Files/Java/jre1.8.0_45/lib/amd64;C:\ProgramData\Oracle\Java\javapath;C:\Windows\system32;C:\Windows;C:\Windows\System32\Wbem;C:\Windows\System32\WindowsPowerShell\v1.0\;C:\Program Files (x86)\AMD\ATI.ACE\Core-Static;C:\Users\Ale\Desktop\Nuova cartella\eclipse;
USERNAME=Ale
OS=Windows_NT
PROCESSOR_IDENTIFIER=Intel64 Family 6 Model 15 Stepping 6, GenuineIntel



---------------  S Y S T E M  ---------------

OS: Windows 7 , 64 bit Build 7601 (6.1.7601.18869)

CPU:total 2 (2 cores per cpu, 1 threads per core) family 6 model 15 stepping 6, cmov, cx8, fxsr, mmx, sse, sse2, sse3, ssse3, tsc

Memory: 4k page, physical 6289964k(2796836k free), swap 12578092k(8162824k free)

vm_info: Java HotSpot(TM) 64-Bit Server VM (25.45-b02) for windows-amd64 JRE (1.8.0_45-b15), built on Apr 30 2015 12:40:44 by "java_re" with MS VC++ 10.0 (VS2010)

time: Thu Jun 18 23:41:06 2015
elapsed time: 47 seconds (0d 0h 0m 47s)

