#
# A fatal error has been detected by the Java Runtime Environment:
#
#  EXCEPTION_ACCESS_VIOLATION (0xc0000005) at pc=0xffffffffa3685120, pid=4828, tid=6372
#
# JRE version: Java(TM) SE Runtime Environment (8.0_45-b15) (build 1.8.0_45-b15)
# Java VM: Java HotSpot(TM) 64-Bit Server VM (25.45-b02 mixed mode windows-amd64 compressed oops)
# Problematic frame:
# C  0xffffffffa3685120
#
# Failed to write core dump. Minidumps are not enabled by default on client versions of Windows
#
# If you would like to submit a bug report, please visit:
#   http://bugreport.java.com/bugreport/crash.jsp
#

---------------  T H R E A D  ---------------

Current thread (0x0000000001e5d800):  JavaThread "main" [_thread_in_Java, id=6372, stack(0x00000000022b0000,0x00000000023b0000)]

siginfo: ExceptionCode=0xc0000005, ExceptionInformation=0x0000000000000008 0xffffffffa3685120

Registers:
RAX=0x000000001568dbb8, RBX=0x000000001568dbb8, RCX=0x00000000e003f028, RDX=0x00000000e003f028
RSP=0x00000000023aee08, RBP=0x00000000023aee70, RSI=0x0000000000000118, RDI=0x000000000000126e
R8 =0x0000000000000077, R9 =0x00000000e025b128, R10=0x000000006229bba0, R11=0x00000000027894c0
R12=0x0000000000000000, R13=0x00000000023aee20, R14=0x00000000157e1368, R15=0x0000000001e5d800
RIP=0xffffffffa3685120, EFLAGS=0x0000000000010202

Top of Stack: (sp=0x00000000023aee08)
0x00000000023aee08:   0000000002687470 0000000100000000
0x00000000023aee18:   0000000002687470 0000000000000077
0x00000000023aee28:   00000000e003f028 00000000023aee30
0x00000000023aee38:   000000001568e8d4 00000000023aeea0
0x00000000023aee48:   000000001568eba8 00000000157e1368
0x00000000023aee58:   000000001568e918 00000000023aee20
0x00000000023aee68:   00000000023aeeb0 00000000023aef48
0x00000000023aee78:   00000000027bf624 0000000000000000
0x00000000023aee88:   0000000000000000 0000000000000077
0x00000000023aee98:   0000000000000077 00000000e003f028
0x00000000023aeea8:   00000000027bf624 00000000023aeeb0
0x00000000023aeeb8:   000000001566f254 00000000023aef00
0x00000000023aeec8:   0000000015671b60 0000000000000077
0x00000000023aeed8:   000000001566f258 00000000023aef48
0x00000000023aeee8:   0000000002687470 00000000023aef48
0x00000000023aeef8:   0000000002687470 0000000000000077 

Instructions: (pc=0xffffffffa3685120)
0xffffffffa3685100:   
[error occurred during error reporting (printing registers, top of stack, instructions near pc), id 0xc0000005]

Register to memory mapping:

RAX={method} {0x000000001568dbc0} 'getProperties' '(I)I' in 'java/lang/CharacterDataLatin1'
RBX={method} {0x000000001568dbc0} 'getProperties' '(I)I' in 'java/lang/CharacterDataLatin1'
RCX=0x00000000e003f028 is an oop
java.lang.CharacterDataLatin1 
 - klass: 'java/lang/CharacterDataLatin1'
RDX=0x00000000e003f028 is an oop
java.lang.CharacterDataLatin1 
 - klass: 'java/lang/CharacterDataLatin1'
RSP=0x00000000023aee08 is pointing into the stack for thread: 0x0000000001e5d800
RBP=0x00000000023aee70 is pointing into the stack for thread: 0x0000000001e5d800
RSI=0x0000000000000118 is an unknown value
RDI=0x000000000000126e is an unknown value
R8 =0x0000000000000077 is an unknown value
R9 =0x00000000e025b128 is an oop

[error occurred during error reporting (printing register info), id 0xc0000005]

Stack: [0x00000000022b0000,0x00000000023b0000],  sp=0x00000000023aee08,  free space=1019k
Native frames: (J=compiled Java code, j=interpreted, Vv=VM code, C=native code)
C  0xffffffffa3685120


---------------  P R O C E S S  ---------------

Java Threads: ( => current thread )
  0x0000000015eef800 JavaThread "Service Thread" daemon [_thread_blocked, id=1708, stack(0x00000000175f0000,0x00000000176f0000)]
  0x0000000015ea3800 JavaThread "C1 CompilerThread1" daemon [_thread_blocked, id=7072, stack(0x0000000017060000,0x0000000017160000)]
  0x0000000015e8e000 JavaThread "C2 CompilerThread0" daemon [_thread_blocked, id=6784, stack(0x0000000016e70000,0x0000000016f70000)]
  0x0000000015e86800 JavaThread "Attach Listener" daemon [_thread_blocked, id=4216, stack(0x00000000169a0000,0x0000000016aa0000)]
  0x0000000015e85000 JavaThread "Signal Dispatcher" daemon [_thread_blocked, id=3672, stack(0x0000000016c10000,0x0000000016d10000)]
  0x0000000015e2b800 JavaThread "Finalizer" daemon [_thread_blocked, id=6860, stack(0x0000000016b00000,0x0000000016c00000)]
  0x0000000015e24800 JavaThread "Reference Handler" daemon [_thread_blocked, id=840, stack(0x00000000168a0000,0x00000000169a0000)]
=>0x0000000001e5d800 JavaThread "main" [_thread_in_Java, id=6372, stack(0x00000000022b0000,0x00000000023b0000)]

Other Threads:
  0x0000000015e1c800 VMThread [stack: 0x00000000166c0000,0x00000000167c0000] [id=7056]
  0x0000000017192800 WatcherThread [stack: 0x0000000017780000,0x0000000017880000] [id=4764]

VM state:not at safepoint (normal execution)

VM Mutex/Monitor currently owned by a thread: None

Heap:
 PSYoungGen      total 28672K, used 2457K [0x00000000e0000000, 0x00000000e2000000, 0x0000000100000000)
  eden space 24576K, 10% used [0x00000000e0000000,0x00000000e02667e8,0x00000000e1800000)
  from space 4096K, 0% used [0x00000000e1c00000,0x00000000e1c00000,0x00000000e2000000)
  to   space 4096K, 0% used [0x00000000e1800000,0x00000000e1800000,0x00000000e1c00000)
 ParOldGen       total 65536K, used 0K [0x00000000a0000000, 0x00000000a4000000, 0x00000000e0000000)
  object space 65536K, 0% used [0x00000000a0000000,0x00000000a0000000,0x00000000a4000000)
 Metaspace       used 3520K, capacity 4704K, committed 4864K, reserved 1056768K
  class space    used 410K, capacity 464K, committed 512K, reserved 1048576K

Card table byte_map: [0x0000000011a40000,0x0000000011d50000] byte_map_base: 0x0000000011540000

Marking Bits: (ParMarkBitMap*) 0x00000000622b4040
 Begin Bits: [0x00000000121f0000, 0x00000000139f0000)
 End Bits:   [0x00000000139f0000, 0x00000000151f0000)

Polling page: 0x00000000000a0000

CodeCache: size=245760Kb used=1283Kb max_used=1284Kb free=244476Kb
 bounds [0x0000000002680000, 0x00000000028f0000, 0x0000000011680000]
 total_blobs=362 nmethods=107 adapters=170
 compilation: enabled

Compilation events (10 events):
Event: 0.189 Thread 0x0000000015ea3800 nmethod 102 0x00000000027c0750 code [0x00000000027c0920, 0x00000000027c10b8]
Event: 0.189 Thread 0x0000000015ea3800  103       3       java.util.Hashtable::addEntry (87 bytes)
Event: 0.190 Thread 0x0000000015ea3800 nmethod 103 0x00000000027bfc10 code [0x00000000027bfdc0, 0x00000000027c0418]
Event: 0.190 Thread 0x0000000015ea3800  104       3       java.util.Hashtable$Entry::<init> (26 bytes)
Event: 0.190 Thread 0x0000000015ea3800 nmethod 104 0x00000000027bf810 code [0x00000000027bf960, 0x00000000027bfb50]
Event: 0.190 Thread 0x0000000015ea3800  105       3       java.lang.Character::toUpperCaseEx (30 bytes)
Event: 0.191 Thread 0x0000000015ea3800 nmethod 105 0x00000000027bf390 code [0x00000000027bf500, 0x00000000027bf758]
Event: 0.191 Thread 0x0000000015ea3800  107       1       java.lang.CharacterDataLatin1::getProperties (11 bytes)
Event: 0.191 Thread 0x0000000015ea3800 nmethod 107 0x00000000027bf010 code [0x00000000027bf160, 0x00000000027bf2b0]
Event: 0.191 Thread 0x0000000015ea3800  106       3       java.lang.CharacterDataLatin1::toUpperCaseEx (71 bytes)

GC Heap History (0 events):
No events

Deoptimization events (0 events):
No events

Internal exceptions (6 events):
Event: 0.039 Thread 0x0000000001e5d800 Exception <a 'java/lang/NoSuchMethodError': Method sun.misc.Unsafe.defineClass(Ljava/lang/String;[BII)Ljava/lang/Class; name or signature does not match> (0x00000000e000cfc8) thrown at [C:\re\workspace\8-2-build-windows-amd64-cygwin\jdk8u45\3627\hotspot\sr˘IC˘TÒ£?
Event: 0.039 Thread 0x0000000001e5d800 Exception <a 'java/lang/NoSuchMethodError': Method sun.misc.Unsafe.prefetchRead(Ljava/lang/Object;J)V name or signature does not match> (0x00000000e000d258) thrown at [C:\re\workspace\8-2-build-windows-amd64-cygwin\jdk8u45\3627\hotspot\src\share\vm\prims\j†¿˝è≈?
Event: 0.168 Thread 0x0000000001e5d800 Exception <a 'java/security/PrivilegedActionException'> (0x00000000e021a288) thrown at [C:\re\workspace\8-2-build-windows-amd64-cygwin\jdk8u45\3627\hotspot\src\share\vm\prims\jvm.cpp, line 1382]
Event: 0.168 Thread 0x0000000001e5d800 Exception <a 'java/security/PrivilegedActionException'> (0x00000000e021a440) thrown at [C:\re\workspace\8-2-build-windows-amd64-cygwin\jdk8u45\3627\hotspot\src\share\vm\prims\jvm.cpp, line 1382]
Event: 0.172 Thread 0x0000000001e5d800 Exception <a 'java/security/PrivilegedActionException'> (0x00000000e021df38) thrown at [C:\re\workspace\8-2-build-windows-amd64-cygwin\jdk8u45\3627\hotspot\src\share\vm\prims\jvm.cpp, line 1382]
Event: 0.172 Thread 0x0000000001e5d800 Exception <a 'java/security/PrivilegedActionException'> (0x00000000e021e0f0) thrown at [C:\re\workspace\8-2-build-windows-amd64-cygwin\jdk8u45\3627\hotspot\src\share\vm\prims\jvm.cpp, line 1382]

Events (10 events):
Event: 0.189 loading class java/util/LinkedHashMap$LinkedEntrySet
Event: 0.189 loading class java/util/LinkedHashMap$LinkedEntrySet done
Event: 0.189 loading class java/util/LinkedHashMap$LinkedEntryIterator
Event: 0.189 loading class java/util/LinkedHashMap$LinkedHashIterator
Event: 0.189 loading class java/util/LinkedHashMap$LinkedHashIterator done
Event: 0.189 loading class java/util/LinkedHashMap$LinkedEntryIterator done
Event: 0.190 loading class java/security/Provider$Service
Event: 0.190 loading class java/security/Provider$Service done
Event: 0.190 loading class java/security/Provider$UString
Event: 0.190 loading class java/security/Provider$UString done


Dynamic libraries:
0x000000013f1e0000 - 0x000000013f217000 	C:\ProgramData\Oracle\Java\javapath\java.exe
0x0000000077690000 - 0x0000000077839000 	C:\Windows\SYSTEM32\ntdll.dll
0x0000000077470000 - 0x000000007758f000 	C:\Windows\system32\kernel32.dll
0x000007fefd4b0000 - 0x000007fefd51c000 	C:\Windows\system32\KERNELBASE.dll
0x000007fefe150000 - 0x000007fefe22b000 	C:\Windows\system32\ADVAPI32.dll
0x000007fefdcf0000 - 0x000007fefdd8f000 	C:\Windows\system32\msvcrt.dll
0x000007fefe500000 - 0x000007fefe51f000 	C:\Windows\SYSTEM32\sechost.dll
0x000007fefd800000 - 0x000007fefd92d000 	C:\Windows\system32\RPCRT4.dll
0x0000000077590000 - 0x000000007768a000 	C:\Windows\system32\USER32.dll
0x000007fefdbd0000 - 0x000007fefdc37000 	C:\Windows\system32\GDI32.dll
0x000007fefd9e0000 - 0x000007fefd9ee000 	C:\Windows\system32\LPK.dll
0x000007fefe5c0000 - 0x000007fefe689000 	C:\Windows\system32\USP10.dll
0x000007fefbff0000 - 0x000007fefc1e4000 	C:\Windows\WinSxS\amd64_microsoft.windows.common-controls_6595b64144ccf1df_6.0.7601.18837_none_fa3b1e3d17594757\COMCTL32.dll
0x000007feff920000 - 0x000007feff991000 	C:\Windows\system32\SHLWAPI.dll
0x000007fefdc40000 - 0x000007fefdc6e000 	C:\Windows\system32\IMM32.DLL
0x000007fefe8f0000 - 0x000007fefe9f9000 	C:\Windows\system32\MSCTF.dll
0x0000000079430000 - 0x0000000079502000 	C:\Program Files\Java\jre1.8.0_45\bin\msvcr100.dll
0x0000000061ab0000 - 0x0000000062333000 	C:\Program Files\Java\jre1.8.0_45\bin\server\jvm.dll
0x000007fefa940000 - 0x000007fefa949000 	C:\Windows\system32\WSOCK32.dll
0x000007feff7f0000 - 0x000007feff83d000 	C:\Windows\system32\WS2_32.dll
0x000007fefd9d0000 - 0x000007fefd9d8000 	C:\Windows\system32\NSI.dll
0x000007fef9090000 - 0x000007fef90cb000 	C:\Windows\system32\WINMM.dll
0x000007fefc4e0000 - 0x000007fefc4ec000 	C:\Windows\system32\VERSION.dll
0x0000000077850000 - 0x0000000077857000 	C:\Windows\system32\PSAPI.DLL
0x0000000061400000 - 0x000000006140f000 	C:\Program Files\Java\jre1.8.0_45\bin\verify.dll
0x00000000613d0000 - 0x00000000613f9000 	C:\Program Files\Java\jre1.8.0_45\bin\java.dll
0x00000000613b0000 - 0x00000000613c6000 	C:\Program Files\Java\jre1.8.0_45\bin\zip.dll
0x000007fefea00000 - 0x000007feff789000 	C:\Windows\system32\SHELL32.dll
0x000007fefdf40000 - 0x000007fefe143000 	C:\Windows\system32\ole32.dll
0x000007fefd450000 - 0x000007fefd45f000 	C:\Windows\system32\profapi.dll
0x000007fef2100000 - 0x000007fef2225000 	C:\Windows\system32\dbghelp.dll

VM Arguments:
jvm_args: -Dorg.gradle.appname=gradlew 
java_command: org.gradle.wrapper.GradleWrapperMain build
java_class_path (initial): C:\Users\Ale\Desktop\Workspace\FactoryCraft\\gradle\wrapper\gradle-wrapper.jar
Launcher Type: SUN_STANDARD

Environment Variables:
CLASSPATH=C:\Users\Ale\Desktop\Workspace\FactoryCraft\\gradle\wrapper\gradle-wrapper.jar
PATH=C:\ProgramData\Oracle\Java\javapath;C:\Windows\system32;C:\Windows;C:\Windows\System32\Wbem;C:\Windows\System32\WindowsPowerShell\v1.0\;C:\Program Files (x86)\AMD\ATI.ACE\Core-Static
USERNAME=Ale
OS=Windows_NT
PROCESSOR_IDENTIFIER=Intel64 Family 6 Model 15 Stepping 6, GenuineIntel



---------------  S Y S T E M  ---------------

OS: Windows 7 , 64 bit Build 7601 (6.1.7601.18869)

CPU:total 2 (2 cores per cpu, 1 threads per core) family 6 model 15 stepping 6, cmov, cx8, fxsr, mmx, sse, sse2, sse3, ssse3, tsc

Memory: 4k page, physical 6289964k(2218468k free), swap 12578092k(7131348k free)

vm_info: Java HotSpot(TM) 64-Bit Server VM (25.45-b02) for windows-amd64 JRE (1.8.0_45-b15), built on Apr 30 2015 12:40:44 by "java_re" with MS VC++ 10.0 (VS2010)

time: Fri Jun 19 15:43:02 2015
elapsed time: 0 seconds (0d 0h 0m 0s)

