[12:50:13] [main/INFO]: Setting user: Player167
[12:50:14] [Client thread/INFO]: LWJGL Version: 2.9.1
[12:50:23] [Client thread/INFO]: Reloading ResourceManager: Default, FMLFileResourcePack:Forge Mod Loader, FMLFileResourcePack:Minecraft Forge, FMLFileResourcePack:FactoryCraft
[12:50:24] [Sound Library Loader/INFO]: Sound engine started
[12:50:26] [Client thread/INFO]: Created: 512x256 textures/blocks-atlas
[12:50:27] [Client thread/INFO]: Created: 256x256 textures/items-atlas
[12:50:27] [Client thread/INFO]: Reloading ResourceManager: Default, FMLFileResourcePack:Forge Mod Loader, FMLFileResourcePack:Minecraft Forge, FMLFileResourcePack:FactoryCraft
[12:50:27] [Client thread/INFO]: Created: 512x256 textures/blocks-atlas
[12:50:27] [Client thread/INFO]: Created: 256x256 textures/items-atlas
[12:50:28] [Sound Library Loader/INFO]: Sound engine started
[12:50:33] [Server thread/INFO]: Starting integrated minecraft server version 1.7.10
[12:50:33] [Server thread/INFO]: Generating keypair
[12:50:33] [Server thread/INFO]: Preparing start region for level 0
[12:50:34] [Server thread/INFO]: Preparing spawn area: 71%
[12:50:35] [Server thread/INFO]: Changing view distance to 12, from 10
[12:50:36] [Server thread/INFO]: Player167[local:E:56407ebb] logged in with entity id 199 at (1379.8490640186956, 4.0, -337.0397936128667)
[12:50:36] [Server thread/INFO]: Player167 joined the game
[12:50:45] [Server thread/INFO]: Player167 has just earned the achievement [Taking Inventory]
[12:50:45] [Client thread/INFO]: [CHAT] Player167 has just earned the achievement [Taking Inventory]
[12:51:06] [Server thread/INFO]: Saving and pausing game...
[12:51:06] [Server thread/INFO]: Saving chunks for level 'New World'/Overworld
[12:51:06] [Server thread/INFO]: Saving chunks for level 'New World'/Nether
[12:51:06] [Server thread/INFO]: Saving chunks for level 'New World'/The End
[12:51:21] [Client thread/INFO]: [CHAT] Unknown command. Try /help for a list of commands
[12:51:26] [Server thread/INFO]: [Player167: Set own game mode to Creative Mode]
[12:51:26] [Client thread/INFO]: [CHAT] Your game mode has been updated
[12:51:31] [Server thread/INFO]: [Player167: Set own game mode to Survival Mode]
[12:51:31] [Client thread/INFO]: [CHAT] Your game mode has been updated
[13:08:08] [main/INFO]: Setting user: Player453
[13:08:10] [Client thread/INFO]: LWJGL Version: 2.9.1
[13:08:20] [Client thread/INFO]: Reloading ResourceManager: Default, FMLFileResourcePack:Forge Mod Loader, FMLFileResourcePack:Minecraft Forge, FMLFileResourcePack:FactoryCraft
[13:08:24] [Sound Library Loader/INFO]: Sound engine started
[13:08:24] [Client thread/INFO]: Created: 512x256 textures/blocks-atlas
[13:08:24] [Client thread/INFO]: Created: 256x256 textures/items-atlas
[13:08:24] [Client thread/INFO]: Reloading ResourceManager: Default, FMLFileResourcePack:Forge Mod Loader, FMLFileResourcePack:Minecraft Forge, FMLFileResourcePack:FactoryCraft
[13:08:25] [Client thread/INFO]: Created: 512x256 textures/blocks-atlas
[13:08:25] [Client thread/INFO]: Created: 256x256 textures/items-atlas
[13:08:26] [Sound Library Loader/INFO]: Sound engine started
[13:08:45] [Server thread/INFO]: Starting integrated minecraft server version 1.7.10
[13:08:45] [Server thread/INFO]: Generating keypair
[13:08:46] [Server thread/INFO]: Preparing start region for level 0
[13:08:47] [Server thread/INFO]: Preparing spawn area: 66%
[13:08:48] [Server thread/INFO]: Changing view distance to 12, from 10
[13:08:49] [Server thread/INFO]: Player453[local:E:aef2ec41] logged in with entity id 191 at (1372.0594285211494, 4.0, -342.63673345777664)
[13:08:49] [Server thread/INFO]: Player453 joined the game
[13:08:56] [Server thread/INFO]: Saving and pausing game...
[13:08:57] [Server thread/INFO]: Saving chunks for level 'New World'/Overworld
[13:08:57] [Server thread/INFO]: Saving chunks for level 'New World'/Nether
[13:08:57] [Server thread/INFO]: Saving chunks for level 'New World'/The End
[13:09:20] [Server thread/INFO]: Player453 has just earned the achievement [Taking Inventory]
[13:09:20] [Client thread/INFO]: [CHAT] Player453 has just earned the achievement [Taking Inventory]
[13:09:27] [Server thread/INFO]: [Player453: Set own game mode to Creative Mode]
[13:09:27] [Client thread/INFO]: [CHAT] Your game mode has been updated
[13:09:48] [Client thread/INFO]: Stopping!
[13:09:48] [Server thread/INFO]: Stopping server
[13:09:48] [Server thread/INFO]: Saving players
[13:09:48] [Server thread/INFO]: Saving worlds
[13:09:48] [Server thread/INFO]: Saving chunks for level 'New World'/Overworld
[13:09:48] [Server thread/INFO]: Saving chunks for level 'New World'/Nether
[13:09:48] [Server thread/INFO]: Saving chunks for level 'New World'/The End
[13:09:49] [Client Shutdown Thread/INFO]: Stopping server
[13:19:22] [main/INFO]: Setting user: Player253
[13:19:23] [Client thread/INFO]: LWJGL Version: 2.9.1
[13:19:32] [Client thread/INFO]: Reloading ResourceManager: Default, FMLFileResourcePack:Forge Mod Loader, FMLFileResourcePack:Minecraft Forge, FMLFileResourcePack:FactoryCraft
[13:19:34] [Sound Library Loader/INFO]: Sound engine started
[13:19:36] [Client thread/INFO]: Created: 512x256 textures/blocks-atlas
[13:19:37] [Client thread/INFO]: Created: 256x256 textures/items-atlas
[13:19:37] [Client thread/INFO]: Reloading ResourceManager: Default, FMLFileResourcePack:Forge Mod Loader, FMLFileResourcePack:Minecraft Forge, FMLFileResourcePack:FactoryCraft
[13:19:38] [Client thread/INFO]: Created: 512x256 textures/blocks-atlas
[13:19:38] [Client thread/INFO]: Created: 256x256 textures/items-atlas
[13:19:39] [Sound Library Loader/INFO]: Sound engine started
[13:19:53] [Server thread/INFO]: Starting integrated minecraft server version 1.7.10
[13:19:53] [Server thread/INFO]: Generating keypair
[13:19:54] [Server thread/INFO]: Preparing start region for level 0
[13:19:55] [Server thread/INFO]: Preparing spawn area: 96%
[13:19:55] [Server thread/INFO]: Changing view distance to 12, from 10
[13:19:56] [Server thread/INFO]: Player253[local:E:aef71074] logged in with entity id 186 at (1371.3984568572052, 4.0, -342.30000001192093)
[13:19:56] [Server thread/INFO]: Player253 joined the game
[13:20:05] [Server thread/INFO]: Player253 has just earned the achievement [Taking Inventory]
[13:20:06] [Client thread/INFO]: [CHAT] Player253 has just earned the achievement [Taking Inventory]
[13:20:08] [Server thread/INFO]: Stopping server
[13:20:08] [Server thread/INFO]: Saving players
[13:20:08] [Server thread/INFO]: Saving worlds
[13:20:08] [Server thread/INFO]: Saving chunks for level 'New World'/Overworld
[13:20:08] [Server thread/INFO]: Saving chunks for level 'New World'/Nether
[13:20:08] [Server thread/INFO]: Saving chunks for level 'New World'/The End
[13:20:09] [Client thread/FATAL]: Reported exception thrown!
net.minecraft.util.ReportedException: Rendering item
	at net.minecraft.client.renderer.EntityRenderer.updateCameraAndRender(EntityRenderer.java:1168) ~[EntityRenderer.class:?]
	at net.minecraft.client.Minecraft.runGameLoop(Minecraft.java:1067) ~[Minecraft.class:?]
	at net.minecraft.client.Minecraft.run(Minecraft.java:962) [Minecraft.class:?]
	at net.minecraft.client.main.Main.main(Main.java:164) [Main.class:?]
	at sun.reflect.NativeMethodAccessorImpl.invoke0(Native Method) ~[?:1.8.0_45]
	at sun.reflect.NativeMethodAccessorImpl.invoke(Unknown Source) ~[?:1.8.0_45]
	at sun.reflect.DelegatingMethodAccessorImpl.invoke(Unknown Source) ~[?:1.8.0_45]
	at java.lang.reflect.Method.invoke(Unknown Source) ~[?:1.8.0_45]
	at net.minecraft.launchwrapper.Launch.launch(Launch.java:135) [launchwrapper-1.11.jar:?]
	at net.minecraft.launchwrapper.Launch.main(Launch.java:28) [launchwrapper-1.11.jar:?]
	at net.minecraftforge.gradle.GradleStartCommon.launch(Unknown Source) [start/:?]
	at GradleStart.main(Unknown Source) [start/:?]
Caused by: java.lang.NullPointerException
	at net.minecraft.item.ItemStack.getItemDamage(ItemStack.java:265) ~[ItemStack.class:?]
	at net.minecraft.client.renderer.entity.RenderItem.renderItemIntoGUI(RenderItem.java:419) ~[RenderItem.class:?]
	at net.minecraft.client.renderer.entity.RenderItem.renderItemAndEffectIntoGUI(RenderItem.java:585) ~[RenderItem.class:?]
	at net.minecraft.client.gui.inventory.GuiContainerCreative.func_147051_a(GuiContainerCreative.java:968) ~[GuiContainerCreative.class:?]
	at net.minecraft.client.gui.inventory.GuiContainerCreative.drawGuiContainerBackgroundLayer(GuiContainerCreative.java:795) ~[GuiContainerCreative.class:?]
	at net.minecraft.client.gui.inventory.GuiContainer.drawScreen(GuiContainer.java:93) ~[GuiContainer.class:?]
	at net.minecraft.client.renderer.InventoryEffectRenderer.drawScreen(InventoryEffectRenderer.java:44) ~[InventoryEffectRenderer.class:?]
	at net.minecraft.client.gui.inventory.GuiContainerCreative.drawScreen(GuiContainerCreative.java:673) ~[GuiContainerCreative.class:?]
	at net.minecraft.client.renderer.EntityRenderer.updateCameraAndRender(EntityRenderer.java:1137) ~[EntityRenderer.class:?]
	... 11 more
[13:20:18] [main/INFO]: Setting user: Player691
[13:20:21] [Client thread/INFO]: LWJGL Version: 2.9.1
[13:20:30] [Client thread/INFO]: Reloading ResourceManager: Default, FMLFileResourcePack:Forge Mod Loader, FMLFileResourcePack:Minecraft Forge, FMLFileResourcePack:FactoryCraft
[13:20:33] [Sound Library Loader/INFO]: Sound engine started
[13:20:34] [Client thread/INFO]: Created: 512x256 textures/blocks-atlas
[13:20:34] [Client thread/INFO]: Created: 256x256 textures/items-atlas
[13:20:35] [Client thread/INFO]: Reloading ResourceManager: Default, FMLFileResourcePack:Forge Mod Loader, FMLFileResourcePack:Minecraft Forge, FMLFileResourcePack:FactoryCraft
[13:20:35] [Client thread/INFO]: Created: 512x256 textures/blocks-atlas
[13:20:35] [Client thread/INFO]: Created: 256x256 textures/items-atlas
[13:20:36] [Sound Library Loader/INFO]: Sound engine started
[13:20:45] [Server thread/INFO]: Starting integrated minecraft server version 1.7.10
[13:20:45] [Server thread/INFO]: Generating keypair
[13:20:45] [Server thread/INFO]: Preparing start region for level 0
[13:20:46] [Server thread/INFO]: Preparing spawn area: 94%
[13:20:47] [Server thread/INFO]: Changing view distance to 12, from 10
[13:20:48] [Server thread/INFO]: Player691[local:E:3ca33cae] logged in with entity id 187 at (1372.1213230281867, 4.0, -342.7508857203522)
[13:20:48] [Server thread/INFO]: Player691 joined the game
[13:20:55] [Server thread/INFO]: Player691 has just earned the achievement [Taking Inventory]
[13:20:55] [Client thread/INFO]: [CHAT] Player691 has just earned the achievement [Taking Inventory]
[13:21:00] [Server thread/INFO]: Stopping server
[13:21:00] [Server thread/INFO]: Saving players
[13:21:00] [Server thread/INFO]: Saving worlds
[13:21:00] [Server thread/INFO]: Saving chunks for level 'New World'/Overworld
[13:21:00] [Server thread/INFO]: Saving chunks for level 'New World'/Nether
[13:21:00] [Server thread/INFO]: Saving chunks for level 'New World'/The End
[13:21:00] [Client thread/FATAL]: Reported exception thrown!
net.minecraft.util.ReportedException: Rendering item
	at net.minecraft.client.renderer.EntityRenderer.updateCameraAndRender(EntityRenderer.java:1168) ~[EntityRenderer.class:?]
	at net.minecraft.client.Minecraft.runGameLoop(Minecraft.java:1067) ~[Minecraft.class:?]
	at net.minecraft.client.Minecraft.run(Minecraft.java:962) [Minecraft.class:?]
	at net.minecraft.client.main.Main.main(Main.java:164) [Main.class:?]
	at sun.reflect.NativeMethodAccessorImpl.invoke0(Native Method) ~[?:1.8.0_45]
	at sun.reflect.NativeMethodAccessorImpl.invoke(Unknown Source) ~[?:1.8.0_45]
	at sun.reflect.DelegatingMethodAccessorImpl.invoke(Unknown Source) ~[?:1.8.0_45]
	at java.lang.reflect.Method.invoke(Unknown Source) ~[?:1.8.0_45]
	at net.minecraft.launchwrapper.Launch.launch(Launch.java:135) [launchwrapper-1.11.jar:?]
	at net.minecraft.launchwrapper.Launch.main(Launch.java:28) [launchwrapper-1.11.jar:?]
	at net.minecraftforge.gradle.GradleStartCommon.launch(Unknown Source) [start/:?]
	at GradleStart.main(Unknown Source) [start/:?]
Caused by: java.lang.NullPointerException
	at net.minecraft.item.ItemStack.getItemDamage(ItemStack.java:265) ~[ItemStack.class:?]
	at net.minecraft.client.renderer.entity.RenderItem.renderItemIntoGUI(RenderItem.java:419) ~[RenderItem.class:?]
	at net.minecraft.client.renderer.entity.RenderItem.renderItemAndEffectIntoGUI(RenderItem.java:585) ~[RenderItem.class:?]
	at net.minecraft.client.gui.inventory.GuiContainerCreative.func_147051_a(GuiContainerCreative.java:968) ~[GuiContainerCreative.class:?]
	at net.minecraft.client.gui.inventory.GuiContainerCreative.drawGuiContainerBackgroundLayer(GuiContainerCreative.java:795) ~[GuiContainerCreative.class:?]
	at net.minecraft.client.gui.inventory.GuiContainer.drawScreen(GuiContainer.java:93) ~[GuiContainer.class:?]
	at net.minecraft.client.renderer.InventoryEffectRenderer.drawScreen(InventoryEffectRenderer.java:44) ~[InventoryEffectRenderer.class:?]
	at net.minecraft.client.gui.inventory.GuiContainerCreative.drawScreen(GuiContainerCreative.java:673) ~[GuiContainerCreative.class:?]
	at net.minecraft.client.renderer.EntityRenderer.updateCameraAndRender(EntityRenderer.java:1137) ~[EntityRenderer.class:?]
	... 11 more
[13:25:41] [main/INFO]: Setting user: Player561
[13:25:43] [Client thread/INFO]: LWJGL Version: 2.9.1
[13:25:51] [Client thread/INFO]: Reloading ResourceManager: Default, FMLFileResourcePack:Forge Mod Loader, FMLFileResourcePack:Minecraft Forge, FMLFileResourcePack:FactoryCraft
[13:25:54] [Sound Library Loader/INFO]: Sound engine started
[13:25:55] [Client thread/INFO]: Created: 512x256 textures/blocks-atlas
[13:25:55] [Client thread/INFO]: Created: 256x256 textures/items-atlas
[13:25:55] [Client thread/INFO]: Reloading ResourceManager: Default, FMLFileResourcePack:Forge Mod Loader, FMLFileResourcePack:Minecraft Forge, FMLFileResourcePack:FactoryCraft
[13:25:56] [Client thread/INFO]: Created: 512x256 textures/blocks-atlas
[13:25:56] [Client thread/INFO]: Created: 256x256 textures/items-atlas
[13:25:57] [Sound Library Loader/INFO]: Sound engine started
[13:26:06] [Server thread/INFO]: Starting integrated minecraft server version 1.7.10
[13:26:06] [Server thread/INFO]: Generating keypair
[13:26:06] [Server thread/INFO]: Preparing start region for level 0
[13:26:07] [Server thread/INFO]: Preparing spawn area: 95%
[13:26:08] [Server thread/INFO]: Changing view distance to 12, from 10
[13:26:08] [Server thread/INFO]: Player561[local:E:86ac62a3] logged in with entity id 188 at (1370.0190506114388, 4.0, -345.545663607871)
[13:26:08] [Server thread/INFO]: Player561 joined the game
[13:26:27] [Server thread/INFO]: Player561 has just earned the achievement [Taking Inventory]
[13:26:27] [Client thread/INFO]: [CHAT] Player561 has just earned the achievement [Taking Inventory]
[13:26:44] [Server thread/INFO]: Stopping server
[13:26:44] [Server thread/INFO]: Saving players
[13:26:44] [Server thread/INFO]: Saving worlds
[13:26:44] [Server thread/INFO]: Saving chunks for level 'New World'/Overworld
[13:26:44] [Server thread/INFO]: Saving chunks for level 'New World'/Nether
[13:26:44] [Server thread/INFO]: Saving chunks for level 'New World'/The End
[13:26:44] [Client thread/FATAL]: Reported exception thrown!
net.minecraft.util.ReportedException: Rendering item
	at net.minecraft.client.renderer.EntityRenderer.updateCameraAndRender(EntityRenderer.java:1168) ~[EntityRenderer.class:?]
	at net.minecraft.client.Minecraft.runGameLoop(Minecraft.java:1067) ~[Minecraft.class:?]
	at net.minecraft.client.Minecraft.run(Minecraft.java:962) [Minecraft.class:?]
	at net.minecraft.client.main.Main.main(Main.java:164) [Main.class:?]
	at sun.reflect.NativeMethodAccessorImpl.invoke0(Native Method) ~[?:1.8.0_45]
	at sun.reflect.NativeMethodAccessorImpl.invoke(Unknown Source) ~[?:1.8.0_45]
	at sun.reflect.DelegatingMethodAccessorImpl.invoke(Unknown Source) ~[?:1.8.0_45]
	at java.lang.reflect.Method.invoke(Unknown Source) ~[?:1.8.0_45]
	at net.minecraft.launchwrapper.Launch.launch(Launch.java:135) [launchwrapper-1.11.jar:?]
	at net.minecraft.launchwrapper.Launch.main(Launch.java:28) [launchwrapper-1.11.jar:?]
	at net.minecraftforge.gradle.GradleStartCommon.launch(Unknown Source) [start/:?]
	at GradleStart.main(Unknown Source) [start/:?]
Caused by: java.lang.NullPointerException
	at net.minecraft.item.ItemStack.getItemDamage(ItemStack.java:265) ~[ItemStack.class:?]
	at net.minecraft.client.renderer.entity.RenderItem.renderItemIntoGUI(RenderItem.java:419) ~[RenderItem.class:?]
	at net.minecraft.client.renderer.entity.RenderItem.renderItemAndEffectIntoGUI(RenderItem.java:585) ~[RenderItem.class:?]
	at net.minecraft.client.gui.inventory.GuiContainerCreative.func_147051_a(GuiContainerCreative.java:968) ~[GuiContainerCreative.class:?]
	at net.minecraft.client.gui.inventory.GuiContainerCreative.drawGuiContainerBackgroundLayer(GuiContainerCreative.java:795) ~[GuiContainerCreative.class:?]
	at net.minecraft.client.gui.inventory.GuiContainer.drawScreen(GuiContainer.java:93) ~[GuiContainer.class:?]
	at net.minecraft.client.renderer.InventoryEffectRenderer.drawScreen(InventoryEffectRenderer.java:44) ~[InventoryEffectRenderer.class:?]
	at net.minecraft.client.gui.inventory.GuiContainerCreative.drawScreen(GuiContainerCreative.java:673) ~[GuiContainerCreative.class:?]
	at net.minecraft.client.renderer.EntityRenderer.updateCameraAndRender(EntityRenderer.java:1137) ~[EntityRenderer.class:?]
	... 11 more
[13:35:56] [main/INFO]: Setting user: Player556
[13:35:58] [Client thread/INFO]: LWJGL Version: 2.9.1
[13:36:09] [Client thread/INFO]: Reloading ResourceManager: Default, FMLFileResourcePack:Forge Mod Loader, FMLFileResourcePack:Minecraft Forge, FMLFileResourcePack:FactoryCraft
[13:36:11] [Sound Library Loader/INFO]: Sound engine started
[13:36:13] [Client thread/INFO]: Created: 512x256 textures/blocks-atlas
[13:36:14] [Client thread/INFO]: Created: 256x256 textures/items-atlas
[13:36:14] [Client thread/INFO]: Reloading ResourceManager: Default, FMLFileResourcePack:Forge Mod Loader, FMLFileResourcePack:Minecraft Forge, FMLFileResourcePack:FactoryCraft
[13:36:14] [Client thread/INFO]: Created: 512x256 textures/blocks-atlas
[13:36:15] [Client thread/INFO]: Created: 256x256 textures/items-atlas
[13:36:15] [Sound Library Loader/INFO]: Sound engine started
[13:36:22] [Server thread/INFO]: Starting integrated minecraft server version 1.7.10
[13:36:22] [Server thread/INFO]: Generating keypair
[13:36:23] [Server thread/INFO]: Preparing start region for level 0
[13:36:24] [Server thread/INFO]: Preparing spawn area: 65%
[13:36:24] [Server thread/INFO]: Changing view distance to 12, from 10
[13:36:26] [Server thread/INFO]: Player556[local:E:adb22b8e] logged in with entity id 181 at (1370.0190506114388, 4.0, -345.545663607871)
[13:36:26] [Server thread/INFO]: Player556 joined the game
[13:36:50] [main/INFO]: Setting user: Player233
[13:36:52] [Client thread/INFO]: LWJGL Version: 2.9.1
[13:37:00] [Client thread/INFO]: Reloading ResourceManager: Default, FMLFileResourcePack:Forge Mod Loader, FMLFileResourcePack:Minecraft Forge, FMLFileResourcePack:FactoryCraft
[13:37:02] [Sound Library Loader/INFO]: Sound engine started
[13:37:04] [Client thread/INFO]: Created: 512x256 textures/blocks-atlas
[13:37:04] [Client thread/INFO]: Created: 256x256 textures/items-atlas
[13:37:05] [Client thread/INFO]: Reloading ResourceManager: Default, FMLFileResourcePack:Forge Mod Loader, FMLFileResourcePack:Minecraft Forge, FMLFileResourcePack:FactoryCraft
[13:37:05] [Client thread/INFO]: Created: 512x256 textures/blocks-atlas
[13:37:05] [Client thread/INFO]: Created: 256x256 textures/items-atlas
[13:37:07] [Sound Library Loader/INFO]: Sound engine started
[13:37:13] [Server thread/INFO]: Starting integrated minecraft server version 1.7.10
[13:37:13] [Server thread/INFO]: Generating keypair
[13:37:13] [Server thread/INFO]: Preparing start region for level 0
[13:37:14] [Server thread/INFO]: Preparing spawn area: 58%
[13:37:15] [Server thread/INFO]: Changing view distance to 12, from 10
[13:37:16] [Server thread/INFO]: Player233[local:E:4270f480] logged in with entity id 181 at (1370.0190506114388, 4.0, -345.545663607871)
[13:37:16] [Server thread/INFO]: Player233 joined the game
[13:37:59] [Server thread/INFO]: Player233 has just earned the achievement [Taking Inventory]
[13:37:59] [Client thread/INFO]: [CHAT] Player233 has just earned the achievement [Taking Inventory]
[13:38:04] [Server thread/INFO]: Stopping server
[13:38:04] [Server thread/INFO]: Saving players
[13:38:04] [Server thread/INFO]: Saving worlds
[13:38:04] [Server thread/INFO]: Saving chunks for level 'New World'/Overworld
[13:38:04] [Server thread/INFO]: Saving chunks for level 'New World'/Nether
[13:38:04] [Server thread/INFO]: Saving chunks for level 'New World'/The End
[13:38:04] [Client thread/FATAL]: Reported exception thrown!
net.minecraft.util.ReportedException: Rendering item
	at net.minecraft.client.renderer.EntityRenderer.updateCameraAndRender(EntityRenderer.java:1168) ~[EntityRenderer.class:?]
	at net.minecraft.client.Minecraft.runGameLoop(Minecraft.java:1067) ~[Minecraft.class:?]
	at net.minecraft.client.Minecraft.run(Minecraft.java:962) [Minecraft.class:?]
	at net.minecraft.client.main.Main.main(Main.java:164) [Main.class:?]
	at sun.reflect.NativeMethodAccessorImpl.invoke0(Native Method) ~[?:1.8.0_45]
	at sun.reflect.NativeMethodAccessorImpl.invoke(Unknown Source) ~[?:1.8.0_45]
	at sun.reflect.DelegatingMethodAccessorImpl.invoke(Unknown Source) ~[?:1.8.0_45]
	at java.lang.reflect.Method.invoke(Unknown Source) ~[?:1.8.0_45]
	at net.minecraft.launchwrapper.Launch.launch(Launch.java:135) [launchwrapper-1.11.jar:?]
	at net.minecraft.launchwrapper.Launch.main(Launch.java:28) [launchwrapper-1.11.jar:?]
	at net.minecraftforge.gradle.GradleStartCommon.launch(Unknown Source) [start/:?]
	at GradleStart.main(Unknown Source) [start/:?]
Caused by: java.lang.NullPointerException
	at net.minecraft.item.ItemStack.getItemDamage(ItemStack.java:265) ~[ItemStack.class:?]
	at net.minecraft.client.renderer.entity.RenderItem.renderItemIntoGUI(RenderItem.java:419) ~[RenderItem.class:?]
	at net.minecraft.client.renderer.entity.RenderItem.renderItemAndEffectIntoGUI(RenderItem.java:585) ~[RenderItem.class:?]
	at net.minecraft.client.gui.inventory.GuiContainerCreative.func_147051_a(GuiContainerCreative.java:968) ~[GuiContainerCreative.class:?]
	at net.minecraft.client.gui.inventory.GuiContainerCreative.drawGuiContainerBackgroundLayer(GuiContainerCreative.java:795) ~[GuiContainerCreative.class:?]
	at net.minecraft.client.gui.inventory.GuiContainer.drawScreen(GuiContainer.java:93) ~[GuiContainer.class:?]
	at net.minecraft.client.renderer.InventoryEffectRenderer.drawScreen(InventoryEffectRenderer.java:44) ~[InventoryEffectRenderer.class:?]
	at net.minecraft.client.gui.inventory.GuiContainerCreative.drawScreen(GuiContainerCreative.java:673) ~[GuiContainerCreative.class:?]
	at net.minecraft.client.renderer.EntityRenderer.updateCameraAndRender(EntityRenderer.java:1137) ~[EntityRenderer.class:?]
	... 11 more
[13:46:13] [main/INFO]: Setting user: Player462
[13:46:15] [Client thread/INFO]: LWJGL Version: 2.9.1
[13:46:24] [Client thread/INFO]: Reloading ResourceManager: Default, FMLFileResourcePack:Forge Mod Loader, FMLFileResourcePack:Minecraft Forge, FMLFileResourcePack:FactoryCraft
[13:46:27] [Sound Library Loader/INFO]: Sound engine started
[13:46:28] [Client thread/INFO]: Created: 512x256 textures/blocks-atlas
[13:46:29] [Client thread/INFO]: Created: 256x256 textures/items-atlas
[13:46:29] [Client thread/INFO]: Reloading ResourceManager: Default, FMLFileResourcePack:Forge Mod Loader, FMLFileResourcePack:Minecraft Forge, FMLFileResourcePack:FactoryCraft
[13:46:29] [Client thread/INFO]: Created: 512x256 textures/blocks-atlas
[13:46:30] [Client thread/INFO]: Created: 256x256 textures/items-atlas
[13:46:30] [Sound Library Loader/INFO]: Sound engine started
[13:46:36] [Server thread/INFO]: Starting integrated minecraft server version 1.7.10
[13:46:36] [Server thread/INFO]: Generating keypair
[13:46:36] [Server thread/INFO]: Preparing start region for level 0
[13:46:37] [Server thread/INFO]: Preparing spawn area: 84%
[13:46:38] [Server thread/INFO]: Changing view distance to 12, from 10
[13:46:39] [Server thread/INFO]: Player462[local:E:e7662b51] logged in with entity id 176 at (1366.771772715344, 4.0, -346.21672788987)
[13:46:39] [Server thread/INFO]: Player462 joined the game
[13:46:47] [Server thread/INFO]: Player462 has just earned the achievement [Taking Inventory]
[13:46:47] [Client thread/INFO]: [CHAT] Player462 has just earned the achievement [Taking Inventory]
[13:47:05] [Server thread/INFO]: Stopping server
[13:47:05] [Server thread/INFO]: Saving players
[13:47:05] [Server thread/INFO]: Saving worlds
[13:47:05] [Server thread/INFO]: Saving chunks for level 'New World'/Overworld
[13:47:05] [Server thread/INFO]: Saving chunks for level 'New World'/Nether
[13:47:05] [Server thread/INFO]: Saving chunks for level 'New World'/The End
[13:47:05] [Client thread/FATAL]: Reported exception thrown!
net.minecraft.util.ReportedException: Rendering item
	at net.minecraft.client.renderer.EntityRenderer.updateCameraAndRender(EntityRenderer.java:1168) ~[EntityRenderer.class:?]
	at net.minecraft.client.Minecraft.runGameLoop(Minecraft.java:1067) ~[Minecraft.class:?]
	at net.minecraft.client.Minecraft.run(Minecraft.java:962) [Minecraft.class:?]
	at net.minecraft.client.main.Main.main(Main.java:164) [Main.class:?]
	at sun.reflect.NativeMethodAccessorImpl.invoke0(Native Method) ~[?:1.8.0_45]
	at sun.reflect.NativeMethodAccessorImpl.invoke(Unknown Source) ~[?:1.8.0_45]
	at sun.reflect.DelegatingMethodAccessorImpl.invoke(Unknown Source) ~[?:1.8.0_45]
	at java.lang.reflect.Method.invoke(Unknown Source) ~[?:1.8.0_45]
	at net.minecraft.launchwrapper.Launch.launch(Launch.java:135) [launchwrapper-1.11.jar:?]
	at net.minecraft.launchwrapper.Launch.main(Launch.java:28) [launchwrapper-1.11.jar:?]
	at net.minecraftforge.gradle.GradleStartCommon.launch(Unknown Source) [start/:?]
	at GradleStart.main(Unknown Source) [start/:?]
Caused by: java.lang.NullPointerException
	at net.minecraft.item.ItemStack.getItemDamage(ItemStack.java:265) ~[ItemStack.class:?]
	at net.minecraft.client.renderer.entity.RenderItem.renderItemIntoGUI(RenderItem.java:419) ~[RenderItem.class:?]
	at net.minecraft.client.renderer.entity.RenderItem.renderItemAndEffectIntoGUI(RenderItem.java:585) ~[RenderItem.class:?]
	at net.minecraft.client.gui.inventory.GuiContainerCreative.func_147051_a(GuiContainerCreative.java:968) ~[GuiContainerCreative.class:?]
	at net.minecraft.client.gui.inventory.GuiContainerCreative.drawGuiContainerBackgroundLayer(GuiContainerCreative.java:795) ~[GuiContainerCreative.class:?]
	at net.minecraft.client.gui.inventory.GuiContainer.drawScreen(GuiContainer.java:93) ~[GuiContainer.class:?]
	at net.minecraft.client.renderer.InventoryEffectRenderer.drawScreen(InventoryEffectRenderer.java:44) ~[InventoryEffectRenderer.class:?]
	at net.minecraft.client.gui.inventory.GuiContainerCreative.drawScreen(GuiContainerCreative.java:673) ~[GuiContainerCreative.class:?]
	at net.minecraft.client.renderer.EntityRenderer.updateCameraAndRender(EntityRenderer.java:1137) ~[EntityRenderer.class:?]
	... 11 more
[13:52:35] [main/INFO]: Setting user: Player664
[13:52:37] [Client thread/INFO]: LWJGL Version: 2.9.1
[13:52:45] [Client thread/INFO]: Reloading ResourceManager: Default, FMLFileResourcePack:Forge Mod Loader, FMLFileResourcePack:Minecraft Forge, FMLFileResourcePack:FactoryCraft
[13:52:48] [Sound Library Loader/INFO]: Sound engine started
[13:52:49] [Client thread/INFO]: Created: 512x256 textures/blocks-atlas
[13:52:49] [Client thread/INFO]: Created: 256x256 textures/items-atlas
[13:52:49] [Client thread/INFO]: Reloading ResourceManager: Default, FMLFileResourcePack:Forge Mod Loader, FMLFileResourcePack:Minecraft Forge, FMLFileResourcePack:FactoryCraft
[13:52:50] [Client thread/INFO]: Created: 512x256 textures/blocks-atlas
[13:52:50] [Client thread/INFO]: Created: 256x256 textures/items-atlas
[13:52:51] [Sound Library Loader/INFO]: Sound engine started
[13:52:55] [Server thread/INFO]: Starting integrated minecraft server version 1.7.10
[13:52:55] [Server thread/INFO]: Generating keypair
[13:52:56] [Server thread/INFO]: Preparing start region for level 0
[13:52:57] [Server thread/INFO]: Preparing spawn area: 96%
[13:52:57] [Server thread/INFO]: Changing view distance to 12, from 10
[13:52:58] [Server thread/INFO]: Player664[local:E:b6ef05f7] logged in with entity id 176 at (1366.771772715344, 4.0, -346.21672788987)
[13:52:58] [Server thread/INFO]: Player664 joined the game
[13:53:45] [Server thread/INFO]: Player664 has just earned the achievement [Taking Inventory]
[13:53:45] [Client thread/INFO]: [CHAT] Player664 has just earned the achievement [Taking Inventory]
[13:53:49] [Server thread/INFO]: Stopping server
[13:53:49] [Server thread/INFO]: Saving players
[13:53:49] [Server thread/INFO]: Saving worlds
[13:53:49] [Server thread/INFO]: Saving chunks for level 'New World'/Overworld
[13:53:49] [Server thread/INFO]: Saving chunks for level 'New World'/Nether
[13:53:49] [Server thread/INFO]: Saving chunks for level 'New World'/The End
[13:53:50] [Client thread/FATAL]: Reported exception thrown!
net.minecraft.util.ReportedException: Rendering item
	at net.minecraft.client.renderer.EntityRenderer.updateCameraAndRender(EntityRenderer.java:1168) ~[EntityRenderer.class:?]
	at net.minecraft.client.Minecraft.runGameLoop(Minecraft.java:1067) ~[Minecraft.class:?]
	at net.minecraft.client.Minecraft.run(Minecraft.java:962) [Minecraft.class:?]
	at net.minecraft.client.main.Main.main(Main.java:164) [Main.class:?]
	at sun.reflect.NativeMethodAccessorImpl.invoke0(Native Method) ~[?:1.8.0_45]
	at sun.reflect.NativeMethodAccessorImpl.invoke(Unknown Source) ~[?:1.8.0_45]
	at sun.reflect.DelegatingMethodAccessorImpl.invoke(Unknown Source) ~[?:1.8.0_45]
	at java.lang.reflect.Method.invoke(Unknown Source) ~[?:1.8.0_45]
	at net.minecraft.launchwrapper.Launch.launch(Launch.java:135) [launchwrapper-1.11.jar:?]
	at net.minecraft.launchwrapper.Launch.main(Launch.java:28) [launchwrapper-1.11.jar:?]
	at net.minecraftforge.gradle.GradleStartCommon.launch(Unknown Source) [start/:?]
	at GradleStart.main(Unknown Source) [start/:?]
Caused by: java.lang.NullPointerException
	at net.minecraft.item.ItemStack.getItemDamage(ItemStack.java:265) ~[ItemStack.class:?]
	at net.minecraft.client.renderer.entity.RenderItem.renderItemIntoGUI(RenderItem.java:419) ~[RenderItem.class:?]
	at net.minecraft.client.renderer.entity.RenderItem.renderItemAndEffectIntoGUI(RenderItem.java:585) ~[RenderItem.class:?]
	at net.minecraft.client.gui.inventory.GuiContainerCreative.func_147051_a(GuiContainerCreative.java:968) ~[GuiContainerCreative.class:?]
	at net.minecraft.client.gui.inventory.GuiContainerCreative.drawGuiContainerBackgroundLayer(GuiContainerCreative.java:795) ~[GuiContainerCreative.class:?]
	at net.minecraft.client.gui.inventory.GuiContainer.drawScreen(GuiContainer.java:93) ~[GuiContainer.class:?]
	at net.minecraft.client.renderer.InventoryEffectRenderer.drawScreen(InventoryEffectRenderer.java:44) ~[InventoryEffectRenderer.class:?]
	at net.minecraft.client.gui.inventory.GuiContainerCreative.drawScreen(GuiContainerCreative.java:673) ~[GuiContainerCreative.class:?]
	at net.minecraft.client.renderer.EntityRenderer.updateCameraAndRender(EntityRenderer.java:1137) ~[EntityRenderer.class:?]
	... 11 more
[13:54:42] [main/INFO]: Setting user: Player393
[13:54:44] [Client thread/INFO]: LWJGL Version: 2.9.1
[13:54:51] [Client thread/INFO]: Reloading ResourceManager: Default, FMLFileResourcePack:Forge Mod Loader, FMLFileResourcePack:Minecraft Forge, FMLFileResourcePack:FactoryCraft
[13:54:54] [Client thread/INFO]: Created: 512x256 textures/blocks-atlas
[13:54:54] [Sound Library Loader/INFO]: Sound engine started
[13:54:55] [Client thread/INFO]: Created: 256x256 textures/items-atlas
[13:54:55] [Client thread/INFO]: Reloading ResourceManager: Default, FMLFileResourcePack:Forge Mod Loader, FMLFileResourcePack:Minecraft Forge, FMLFileResourcePack:FactoryCraft
[13:54:55] [Client thread/INFO]: Created: 512x256 textures/blocks-atlas
[13:54:55] [Client thread/INFO]: Created: 256x256 textures/items-atlas
[13:54:56] [Sound Library Loader/INFO]: Sound engine started
[13:55:42] [Server thread/INFO]: Starting integrated minecraft server version 1.7.10
[13:55:42] [Server thread/INFO]: Generating keypair
[13:55:43] [Server thread/INFO]: Preparing start region for level 0
[13:55:44] [Server thread/INFO]: Preparing spawn area: 90%
[13:55:44] [Server thread/INFO]: Changing view distance to 12, from 10
[13:55:45] [Server thread/INFO]: Player393[local:E:71a6f5e4] logged in with entity id 174 at (1366.017538917799, 4.0, -346.60848219703)
[13:55:45] [Server thread/INFO]: Player393 joined the game
[13:55:56] [Server thread/INFO]: Player393 has just earned the achievement [Taking Inventory]
[13:55:56] [Client thread/INFO]: [CHAT] Player393 has just earned the achievement [Taking Inventory]
[13:56:01] [Server thread/INFO]: Stopping server
[13:56:01] [Server thread/INFO]: Saving players
[13:56:01] [Server thread/INFO]: Saving worlds
[13:56:01] [Server thread/INFO]: Saving chunks for level 'New World'/Overworld
[13:56:01] [Server thread/INFO]: Saving chunks for level 'New World'/Nether
[13:56:01] [Server thread/INFO]: Saving chunks for level 'New World'/The End
[13:56:01] [Client thread/FATAL]: Reported exception thrown!
net.minecraft.util.ReportedException: Rendering item
	at net.minecraft.client.renderer.EntityRenderer.updateCameraAndRender(EntityRenderer.java:1168) ~[EntityRenderer.class:?]
	at net.minecraft.client.Minecraft.runGameLoop(Minecraft.java:1067) ~[Minecraft.class:?]
	at net.minecraft.client.Minecraft.run(Minecraft.java:962) [Minecraft.class:?]
	at net.minecraft.client.main.Main.main(Main.java:164) [Main.class:?]
	at sun.reflect.NativeMethodAccessorImpl.invoke0(Native Method) ~[?:1.8.0_45]
	at sun.reflect.NativeMethodAccessorImpl.invoke(Unknown Source) ~[?:1.8.0_45]
	at sun.reflect.DelegatingMethodAccessorImpl.invoke(Unknown Source) ~[?:1.8.0_45]
	at java.lang.reflect.Method.invoke(Unknown Source) ~[?:1.8.0_45]
	at net.minecraft.launchwrapper.Launch.launch(Launch.java:135) [launchwrapper-1.11.jar:?]
	at net.minecraft.launchwrapper.Launch.main(Launch.java:28) [launchwrapper-1.11.jar:?]
	at net.minecraftforge.gradle.GradleStartCommon.launch(Unknown Source) [start/:?]
	at GradleStart.main(Unknown Source) [start/:?]
Caused by: java.lang.NullPointerException
	at net.minecraft.item.ItemStack.getItemDamage(ItemStack.java:265) ~[ItemStack.class:?]
	at net.minecraft.client.renderer.entity.RenderItem.renderItemIntoGUI(RenderItem.java:419) ~[RenderItem.class:?]
	at net.minecraft.client.renderer.entity.RenderItem.renderItemAndEffectIntoGUI(RenderItem.java:585) ~[RenderItem.class:?]
	at net.minecraft.client.gui.inventory.GuiContainerCreative.func_147051_a(GuiContainerCreative.java:968) ~[GuiContainerCreative.class:?]
	at net.minecraft.client.gui.inventory.GuiContainerCreative.drawGuiContainerBackgroundLayer(GuiContainerCreative.java:795) ~[GuiContainerCreative.class:?]
	at net.minecraft.client.gui.inventory.GuiContainer.drawScreen(GuiContainer.java:93) ~[GuiContainer.class:?]
	at net.minecraft.client.renderer.InventoryEffectRenderer.drawScreen(InventoryEffectRenderer.java:44) ~[InventoryEffectRenderer.class:?]
	at net.minecraft.client.gui.inventory.GuiContainerCreative.drawScreen(GuiContainerCreative.java:673) ~[GuiContainerCreative.class:?]
	at net.minecraft.client.renderer.EntityRenderer.updateCameraAndRender(EntityRenderer.java:1137) ~[EntityRenderer.class:?]
	... 11 more
[14:12:49] [main/INFO]: Setting user: Player952
[14:12:50] [Client thread/INFO]: LWJGL Version: 2.9.1
[14:13:00] [Client thread/INFO]: Reloading ResourceManager: Default, FMLFileResourcePack:Forge Mod Loader, FMLFileResourcePack:Minecraft Forge, FMLFileResourcePack:FactoryCraft
[14:13:02] [Sound Library Loader/INFO]: Sound engine started
[14:13:04] [Client thread/INFO]: Created: 512x256 textures/blocks-atlas
[14:13:04] [Client thread/INFO]: Created: 256x256 textures/items-atlas
[14:13:05] [Client thread/INFO]: Reloading ResourceManager: Default, FMLFileResourcePack:Forge Mod Loader, FMLFileResourcePack:Minecraft Forge, FMLFileResourcePack:FactoryCraft
[14:13:05] [Client thread/INFO]: Created: 512x256 textures/blocks-atlas
[14:13:05] [Client thread/INFO]: Created: 256x256 textures/items-atlas
[14:13:06] [Sound Library Loader/INFO]: Sound engine started
[14:13:13] [Server thread/INFO]: Starting integrated minecraft server version 1.7.10
[14:13:13] [Server thread/INFO]: Generating keypair
[14:13:13] [Server thread/INFO]: Preparing start region for level 0
[14:13:14] [Server thread/INFO]: Preparing spawn area: 81%
[14:13:15] [Server thread/INFO]: Changing view distance to 12, from 10
[14:13:16] [Server thread/INFO]: Player952[local:E:416047ff] logged in with entity id 174 at (1366.017538917799, 4.0, -346.60848219703)
[14:13:16] [Server thread/INFO]: Player952 joined the game
[14:13:36] [Server thread/INFO]: Player952 has just earned the achievement [Taking Inventory]
[14:13:36] [Client thread/INFO]: [CHAT] Player952 has just earned the achievement [Taking Inventory]
[14:13:56] [Server thread/INFO]: Saving and pausing game...
[14:13:56] [Server thread/INFO]: Saving chunks for level 'New World'/Overworld
[14:13:56] [Server thread/INFO]: Saving chunks for level 'New World'/Nether
[14:13:56] [Server thread/INFO]: Saving chunks for level 'New World'/The End
[14:13:57] [Server thread/INFO]: Stopping server
[14:13:57] [Server thread/INFO]: Saving players
[14:13:57] [Server thread/INFO]: Saving worlds
[14:13:57] [Server thread/INFO]: Saving chunks for level 'New World'/Overworld
[14:13:57] [Server thread/INFO]: Saving chunks for level 'New World'/Nether
[14:13:57] [Server thread/INFO]: Saving chunks for level 'New World'/The End
[14:14:14] [Client thread/INFO]: Stopping!
[14:15:05] [main/INFO]: Setting user: Player73
[14:15:07] [Client thread/INFO]: LWJGL Version: 2.9.1
[14:15:15] [Client thread/INFO]: Reloading ResourceManager: Default, FMLFileResourcePack:Forge Mod Loader, FMLFileResourcePack:Minecraft Forge, FMLFileResourcePack:FactoryCraft
[14:15:16] [Sound Library Loader/INFO]: Sound engine started
[14:15:19] [Client thread/INFO]: Created: 512x256 textures/blocks-atlas
[14:15:19] [Client thread/INFO]: Created: 256x256 textures/items-atlas
[14:15:19] [Client thread/INFO]: Reloading ResourceManager: Default, FMLFileResourcePack:Forge Mod Loader, FMLFileResourcePack:Minecraft Forge, FMLFileResourcePack:FactoryCraft
[14:15:20] [Client thread/INFO]: Created: 512x256 textures/blocks-atlas
[14:15:20] [Client thread/INFO]: Created: 256x256 textures/items-atlas
[14:15:21] [Sound Library Loader/INFO]: Sound engine started
[14:15:26] [Server thread/INFO]: Starting integrated minecraft server version 1.7.10
[14:15:26] [Server thread/INFO]: Generating keypair
[14:15:26] [Server thread/INFO]: Preparing start region for level 0
[14:15:27] [Server thread/INFO]: Preparing spawn area: 76%
[14:15:28] [Server thread/INFO]: Changing view distance to 12, from 10
[14:15:40] [Server thread/INFO]: Stopping server
[14:15:40] [Server thread/INFO]: Saving players
[14:15:40] [Server thread/INFO]: Saving worlds
[14:15:40] [Server thread/INFO]: Saving chunks for level 'New World'/Overworld
[14:15:40] [Server thread/INFO]: Saving chunks for level 'New World'/Nether
[14:15:40] [Server thread/INFO]: Saving chunks for level 'New World'/The End
[14:15:41] [Server thread/INFO]: Starting integrated minecraft server version 1.7.10
[14:15:41] [Server thread/INFO]: Generating keypair
[14:15:41] [Server thread/INFO]: Preparing start region for level 0
[14:15:42] [Server thread/INFO]: Changing view distance to 12, from 10
[14:15:42] [Server thread/INFO]: Player73[local:E:07169983] logged in with entity id 346 at (1355.5, 4.0, -341.5)
[14:15:42] [Server thread/INFO]: Player73 joined the game
[14:15:56] [Server thread/INFO]: Player73 has just earned the achievement [Taking Inventory]
[14:15:56] [Client thread/INFO]: [CHAT] Player73 has just earned the achievement [Taking Inventory]
[14:16:15] [Server thread/INFO]: Saving and pausing game...
[14:16:15] [Server thread/INFO]: Saving chunks for level 'New World'/Overworld
[14:16:15] [Server thread/INFO]: Saving chunks for level 'New World'/Nether
[14:16:15] [Server thread/INFO]: Saving chunks for level 'New World'/The End
[14:16:16] [Server thread/INFO]: Stopping server
[14:16:16] [Server thread/INFO]: Saving players
[14:16:16] [Server thread/INFO]: Saving worlds
[14:16:16] [Server thread/INFO]: Saving chunks for level 'New World'/Overworld
[14:16:16] [Server thread/INFO]: Saving chunks for level 'New World'/Nether
[14:16:16] [Server thread/INFO]: Saving chunks for level 'New World'/The End
[14:21:08] [Client thread/INFO]: Stopping!
425
[14:17:52] [Client thread/INFO]: LWJGL Version: 2.9.1
[14:18:01] [Client thread/INFO]: Reloading ResourceManager: Default, FMLFileResourcePack:Forge Mod Loader, FMLFileResourcePack:Minecraft Forge, FMLFileResourcePack:FactoryCraft
[14:18:02] [Sound Library Loader/INFO]: Sound engine started
[14:18:05] [Client thread/INFO]: Created: 512x256 textures/blocks-atlas
[14:18:05] [Client thread/INFO]: Created: 256x256 textures/items-atlas
[14:18:05] [Client thread/INFO]: Reloading ResourceManager: Default, FMLFileResourcePack:Forge Mod Loader, FMLFileResourcePack:Minecraft Forge, FMLFileResourcePack:FactoryCraft
[14:18:06] [Client thread/INFO]: Created: 512x256 textures/blocks-atlas
[14:18:06] [Client thread/INFO]: Created: 256x256 textures/items-atlas
[14:18:07] [Sound Library Loader/INFO]: Sound engine started
[14:18:12] [Server thread/INFO]: Starting integrated minecraft server version 1.7.10
[14:18:12] [Server thread/INFO]: Generating keypair
[14:18:12] [Server thread/INFO]: Preparing start region for level 0
[14:18:14] [Server thread/INFO]: Preparing spawn area: 96%
[14:18:14] [Server thread/INFO]: Changing view distance to 12, from 10
[14:18:19] [Server thread/INFO]: Stopping server
[14:18:19] [Server thread/INFO]: Saving players
[14:18:19] [Server thread/INFO]: Saving worlds
[14:18:19] [Server thread/INFO]: Saving chunks for level 'New World'/Overworld
[14:18:19] [Server thread/INFO]: Saving chunks for level 'New World'/Nether
[14:18:19] [Server thread/INFO]: Saving chunks for level 'New World'/The End
[14:18:20] [Server thread/INFO]: Starting integrated minecraft server version 1.7.10
[14:18:20] [Server thread/INFO]: Generating keypair
[14:18:20] [Server thread/INFO]: Preparing start region for level 0
[14:18:21] [Server thread/INFO]: Changing view distance to 12, from 10
[14:18:21] [Server thread/INFO]: Player425[local:E:221ba240] logged in with entity id 360 at (1354.5, 4.0, -349.5)
[14:18:21] [Server thread/INFO]: Player425 joined the game
[14:18:34] [Server thread/INFO]: Player425 has just earned the achievement [Taking Inventory]
[14:18:34] [Client thread/INFO]: [CHAT] Player425 has just earned the achievement [Taking Inventory]
[14:18:49] [Server thread/INFO]: Saving and pausing game...
[14:18:49] [Server thread/INFO]: Saving chunks for level 'New World'/Overworld
[14:18:49] [Server thread/INFO]: Saving chunks for level 'New World'/Nether
[14:18:49] [Server thread/INFO]: Saving chunks for level 'New World'/The End
[14:19:02] [Client thread/INFO]: [CHAT] Unknown command. Try /help for a list of commands
[14:19:07] [Server thread/INFO]: [Player425: Set the time to 0]
[14:19:07] [Client thread/INFO]: [CHAT] Set the time to 0
[14:19:23] [Server thread/INFO]: Saving and pausing game...
[14:19:23] [Server thread/INFO]: Saving chunks for level 'New World'/Overworld
[14:19:23] [Server thread/INFO]: Saving chunks for level 'New World'/Nether
[14:19:23] [Server thread/INFO]: Saving chunks for level 'New World'/The End
[14:19:23] [Server thread/INFO]: Stopping server
[14:19:23] [Server thread/INFO]: Saving players
[14:19:23] [Server thread/INFO]: Saving worlds
[14:19:23] [Server thread/INFO]: Saving chunks for level 'New World'/Overworld
[14:19:23] [Server thread/INFO]: Saving chunks for level 'New World'/Nether
[14:19:23] [Server thread/INFO]: Saving chunks for level 'New World'/The End
[14:21:06] [Client thread/INFO]: Stopping!
[14:21:44] [main/INFO]: Setting user: Player171
[14:21:45] [Client thread/INFO]: LWJGL Version: 2.9.1
[14:21:54] [Client thread/INFO]: Reloading ResourceManager: Default, FMLFileResourcePack:Forge Mod Loader, FMLFileResourcePack:Minecraft Forge, FMLFileResourcePack:FactoryCraft
[14:21:55] [Sound Library Loader/INFO]: Sound engine started
[14:21:58] [Client thread/INFO]: Created: 512x256 textures/blocks-atlas
[14:21:58] [Client thread/INFO]: Created: 256x256 textures/items-atlas
[14:21:58] [Client thread/INFO]: Reloading ResourceManager: Default, FMLFileResourcePack:Forge Mod Loader, FMLFileResourcePack:Minecraft Forge, FMLFileResourcePack:FactoryCraft
[14:21:59] [Client thread/INFO]: Created: 512x256 textures/blocks-atlas
[14:21:59] [Client thread/INFO]: Created: 256x256 textures/items-atlas
[14:22:00] [Sound Library Loader/INFO]: Sound engine started
[14:22:09] [Server thread/INFO]: Starting integrated minecraft server version 1.7.10
[14:22:09] [Server thread/INFO]: Generating keypair
[14:22:09] [Server thread/INFO]: Preparing start region for level 0
[14:22:11] [Server thread/INFO]: Changing view distance to 12, from 10
[14:22:12] [Server thread/INFO]: Player171[local:E:d5dd61c3] logged in with entity id 183 at (1368.2042400809448, 7.0, -340.983190450594)
[14:22:12] [Server thread/INFO]: Player171 joined the game
[14:22:30] [main/INFO]: Setting user: Player450
[14:22:32] [Client thread/INFO]: LWJGL Version: 2.9.1
[14:22:39] [Client thread/INFO]: Reloading ResourceManager: Default, FMLFileResourcePack:Forge Mod Loader, FMLFileResourcePack:Minecraft Forge, FMLFileResourcePack:FactoryCraft
[14:22:43] [Client thread/INFO]: Created: 512x256 textures/blocks-atlas
[14:22:43] [Client thread/INFO]: Created: 256x256 textures/items-atlas
[14:22:44] [Client thread/INFO]: Reloading ResourceManager: Default, FMLFileResourcePack:Forge Mod Loader, FMLFileResourcePack:Minecraft Forge, FMLFileResourcePack:FactoryCraft
[14:22:44] [Client thread/INFO]: Created: 512x256 textures/blocks-atlas
[14:22:44] [Sound Library Loader/INFO]: Sound engine started
[14:22:44] [Client thread/INFO]: Created: 256x256 textures/items-atlas
[14:22:45] [Sound Library Loader/INFO]: Sound engine started
[14:22:59] [Server thread/INFO]: Starting integrated minecraft server version 1.7.10
[14:22:59] [Server thread/INFO]: Generating keypair
[14:22:59] [Server thread/INFO]: Preparing start region for level 0
[14:23:00] [Server thread/INFO]: Preparing spawn area: 96%
[14:23:00] [Server thread/INFO]: Changing view distance to 12, from 10
[14:23:02] [Server thread/INFO]: Player450[local:E:978aa713] logged in with entity id 183 at (1368.2042400809448, 7.0, -340.983190450594)
[14:23:02] [Server thread/INFO]: Player450 joined the game
[14:23:10] [Server thread/INFO]: Player450 has just earned the achievement [Taking Inventory]
[14:23:10] [Client thread/INFO]: [CHAT] Player450 has just earned the achievement [Taking Inventory]
[14:23:35] [Client thread/INFO]: Stopping!
[14:23:35] [Server thread/INFO]: Stopping server
[14:23:35] [Server thread/INFO]: Saving players
[14:23:35] [Server thread/INFO]: Saving worlds
[14:23:35] [Server thread/INFO]: Saving chunks for level 'New World'/Overworld
[14:23:36] [Server thread/INFO]: Saving chunks for level 'New World'/Nether
[14:23:36] [Server thread/INFO]: Saving chunks for level 'New World'/The End
[14:23:53] [main/INFO]: Setting user: Player958
[14:23:54] [Client thread/INFO]: LWJGL Version: 2.9.1
[14:24:03] [Client thread/INFO]: Reloading ResourceManager: Default, FMLFileResourcePack:Forge Mod Loader, FMLFileResourcePack:Minecraft Forge, FMLFileResourcePack:FactoryCraft
[14:24:05] [Sound Library Loader/INFO]: Sound engine started
[14:24:07] [Client thread/INFO]: Created: 512x256 textures/blocks-atlas
[14:24:07] [Client thread/INFO]: Created: 256x256 textures/items-atlas
[14:24:08] [Client thread/INFO]: Reloading ResourceManager: Default, FMLFileResourcePack:Forge Mod Loader, FMLFileResourcePack:Minecraft Forge, FMLFileResourcePack:FactoryCraft
[14:24:08] [Client thread/INFO]: Created: 512x256 textures/blocks-atlas
[14:24:08] [Client thread/INFO]: Created: 256x256 textures/items-atlas
[14:24:09] [Sound Library Loader/INFO]: Sound engine started
[14:24:13] [Server thread/INFO]: Starting integrated minecraft server version 1.7.10
[14:24:13] [Server thread/INFO]: Generating keypair
[14:24:14] [Server thread/INFO]: Preparing start region for level 0
[14:24:15] [Server thread/INFO]: Preparing spawn area: 92%
[14:24:15] [Server thread/INFO]: Changing view distance to 12, from 10
[14:24:16] [Server thread/INFO]: Player958[local:E:d95df428] logged in with entity id 181 at (1368.2042400809448, 7.0, -340.983190450594)
[14:24:16] [Server thread/INFO]: Player958 joined the game
[14:24:28] [Server thread/INFO]: Player958 has just earned the achievement [Taking Inventory]
[14:24:29] [Client thread/INFO]: [CHAT] Player958 has just earned the achievement [Taking Inventory]
[14:25:32] [Server thread/INFO]: Saving and pausing game...
[14:25:32] [Server thread/INFO]: Saving chunks for level 'New World'/Overworld
[14:25:32] [Server thread/INFO]: Saving chunks for level 'New World'/Nether
[14:25:32] [Server thread/INFO]: Saving chunks for level 'New World'/The End
[14:25:33] [Server thread/INFO]: Stopping server
[14:25:33] [Server thread/INFO]: Saving players
[14:25:33] [Server thread/INFO]: Saving worlds
[14:25:33] [Server thread/INFO]: Saving chunks for level 'New World'/Overworld
[14:25:33] [Server thread/INFO]: Saving chunks for level 'New World'/Nether
[14:25:33] [Server thread/INFO]: Saving chunks for level 'New World'/The End
[14:25:36] [Client thread/INFO]: Stopping!
[14:26:17] [main/INFO]: Setting user: Player900
[14:26:19] [Client thread/INFO]: LWJGL Version: 2.9.1
[14:26:28] [Client thread/INFO]: Reloading ResourceManager: Default, FMLFileResourcePack:Forge Mod Loader, FMLFileResourcePack:Minecraft Forge, FMLFileResourcePack:FactoryCraft
[14:26:30] [Sound Library Loader/INFO]: Sound engine started
[14:26:32] [Client thread/INFO]: Created: 512x256 textures/blocks-atlas
[14:26:33] [Client thread/INFO]: Created: 256x256 textures/items-atlas
[14:26:33] [Client thread/INFO]: Reloading ResourceManager: Default, FMLFileResourcePack:Forge Mod Loader, FMLFileResourcePack:Minecraft Forge, FMLFileResourcePack:FactoryCraft
[14:26:33] [Client thread/INFO]: Created: 512x256 textures/blocks-atlas
[14:26:33] [Client thread/INFO]: Created: 256x256 textures/items-atlas
[14:26:34] [Sound Library Loader/INFO]: Sound engine started
[14:26:39] [Server thread/INFO]: Starting integrated minecraft server version 1.7.10
[14:26:39] [Server thread/INFO]: Generating keypair
[14:26:39] [Server thread/INFO]: Preparing start region for level 0
[14:26:40] [Server thread/INFO]: Preparing spawn area: 93%
[14:26:41] [Server thread/INFO]: Changing view distance to 12, from 10
[14:26:42] [Server thread/INFO]: Player900[local:E:60832532] logged in with entity id 179 at (1362.74348831555, 7.614881234876714, -330.6487119512336)
[14:26:42] [Server thread/INFO]: Player900 joined the game
[14:26:52] [Server thread/INFO]: Player900 has just earned the achievement [Taking Inventory]
[14:26:52] [Client thread/INFO]: [CHAT] Player900 has just earned the achievement [Taking Inventory]
[14:26:59] [Server thread/INFO]: Saving and pausing game...
[14:26:59] [Server thread/INFO]: Saving chunks for level 'New World'/Overworld
[14:26:59] [Server thread/INFO]: Saving chunks for level 'New World'/Nether
[14:26:59] [Server thread/INFO]: Saving chunks for level 'New World'/The End
[14:31:44] [Client thread/INFO]: Stopping!
[14:31:45] [Server thread/INFO]: Stopping server
[14:31:45] [Server thread/INFO]: Saving players
[14:31:45] [Server thread/INFO]: Saving worlds
[14:31:45] [Server thread/INFO]: Saving chunks for level 'New World'/Overworld
[14:31:45] [Server thread/INFO]: Saving chunks for level 'New World'/Nether
[14:31:45] [Server thread/INFO]: Saving chunks for level 'New World'/The End
[14:47:24] [main/INFO]: Setting user: Player508
[14:47:26] [Client thread/INFO]: LWJGL Version: 2.9.1
[14:47:35] [Client thread/INFO]: Reloading ResourceManager: Default, FMLFileResourcePack:Forge Mod Loader, FMLFileResourcePack:Minecraft Forge, FMLFileResourcePack:FactoryCraft
[14:47:37] [Sound Library Loader/INFO]: Sound engine started
[14:47:39] [Client thread/INFO]: Created: 512x256 textures/blocks-atlas
[14:47:39] [Client thread/INFO]: Created: 256x256 textures/items-atlas
[14:47:40] [Client thread/INFO]: Reloading ResourceManager: Default, FMLFileResourcePack:Forge Mod Loader, FMLFileResourcePack:Minecraft Forge, FMLFileResourcePack:FactoryCraft
[14:47:40] [Client thread/INFO]: Created: 512x256 textures/blocks-atlas
[14:47:40] [Client thread/INFO]: Created: 256x256 textures/items-atlas
[14:47:41] [Sound Library Loader/INFO]: Sound engine started
[14:47:47] [Server thread/INFO]: Starting integrated minecraft server version 1.7.10
[14:47:47] [Server thread/INFO]: Generating keypair
[14:47:47] [Server thread/INFO]: Preparing start region for level 0
[14:47:48] [Server thread/INFO]: Preparing spawn area: 87%
[14:47:49] [Server thread/INFO]: Changing view distance to 12, from 10
[14:47:50] [Server thread/INFO]: Player508[local:E:b9f8788a] logged in with entity id 174 at (1363.9284263389425, 4.0, -331.7854160979856)
[14:47:50] [Server thread/INFO]: Player508 joined the game
[14:48:05] [main/INFO]: Setting user: Player547
[14:48:46] [main/INFO]: Setting user: Player955
[14:48:50] [Client thread/INFO]: LWJGL Version: 2.9.1
[14:49:01] [Client thread/INFO]: Reloading ResourceManager: Default, FMLFileResourcePack:Forge Mod Loader, FMLFileResourcePack:Minecraft Forge, FMLFileResourcePack:FactoryCraft
[14:49:04] [Sound Library Loader/INFO]: Sound engine started
[14:49:05] [Client thread/INFO]: Created: 512x256 textures/blocks-atlas
[14:49:05] [Client thread/INFO]: Created: 256x256 textures/items-atlas
[14:49:06] [Client thread/INFO]: Reloading ResourceManager: Default, FMLFileResourcePack:Forge Mod Loader, FMLFileResourcePack:Minecraft Forge, FMLFileResourcePack:FactoryCraft
[14:49:06] [Client thread/INFO]: Created: 512x256 textures/blocks-atlas
[14:49:07] [Client thread/INFO]: Created: 256x256 textures/items-atlas
[14:49:07] [Sound Library Loader/INFO]: Sound engine started
[14:49:14] [Server thread/INFO]: Starting integrated minecraft server version 1.7.10
[14:49:14] [Server thread/INFO]: Generating keypair
[14:49:14] [Server thread/INFO]: Preparing start region for level 0
[14:49:15] [Server thread/INFO]: Preparing spawn area: 77%
[14:49:16] [Server thread/INFO]: Changing view distance to 12, from 10
[14:49:17] [Server thread/INFO]: Player955[local:E:0d57fc0f] logged in with entity id 174 at (1363.9284263389425, 4.0, -331.7854160979856)
[14:49:17] [Server thread/INFO]: Player955 joined the game
[14:49:22] [Server thread/INFO]: Saving and pausing game...
[14:49:22] [Server thread/INFO]: Saving chunks for level 'New World'/Overworld
[14:49:22] [Server thread/INFO]: Saving chunks for level 'New World'/Nether
[14:49:22] [Server thread/INFO]: Saving chunks for level 'New World'/The End
[14:49:49] [Server thread/INFO]: Player955 has just earned the achievement [Taking Inventory]
[14:49:49] [Client thread/INFO]: [CHAT] Player955 has just earned the achievement [Taking Inventory]
[14:50:41] [Server thread/INFO]: Saving and pausing game...
[14:50:41] [Server thread/INFO]: Saving chunks for level 'New World'/Overworld
[14:50:41] [Server thread/INFO]: Saving chunks for level 'New World'/Nether
[14:50:41] [Server thread/INFO]: Saving chunks for level 'New World'/The End
[14:50:42] [Server thread/INFO]: Stopping server
[14:50:42] [Server thread/INFO]: Saving players
[14:50:42] [Server thread/INFO]: Saving worlds
[14:50:42] [Server thread/INFO]: Saving chunks for level 'New World'/Overworld
[14:50:42] [Server thread/INFO]: Saving chunks for level 'New World'/Nether
[14:50:42] [Server thread/INFO]: Saving chunks for level 'New World'/The End
[14:52:47] [Client thread/INFO]: Stopping!
[14:58:25] [main/INFO]: Setting user: Player130
[14:58:27] [Client thread/INFO]: LWJGL Version: 2.9.1
[14:58:36] [Client thread/INFO]: Reloading ResourceManager: Default, FMLFileResourcePack:Forge Mod Loader, FMLFileResourcePack:Minecraft Forge, FMLFileResourcePack:FactoryCraft
[14:58:38] [Sound Library Loader/INFO]: Sound engine started
[14:58:40] [Client thread/INFO]: Created: 512x256 textures/blocks-atlas
[14:58:40] [Client thread/INFO]: Created: 256x256 textures/items-atlas
[14:58:40] [Client thread/INFO]: Reloading ResourceManager: Default, FMLFileResourcePack:Forge Mod Loader, FMLFileResourcePack:Minecraft Forge, FMLFileResourcePack:FactoryCraft
[14:58:41] [Client thread/INFO]: Created: 512x256 textures/blocks-atlas
[14:58:41] [Client thread/INFO]: Created: 256x256 textures/items-atlas
[14:58:42] [Sound Library Loader/INFO]: Sound engine started
[14:58:48] [Server thread/INFO]: Starting integrated minecraft server version 1.7.10
[14:58:48] [Server thread/INFO]: Generating keypair
[14:58:49] [Server thread/INFO]: Preparing start region for level 0
[14:58:50] [Server thread/INFO]: Preparing spawn area: 75%
[14:58:50] [Server thread/INFO]: Changing view distance to 12, from 10
[14:58:51] [Server thread/INFO]: Player130[local:E:4d1a9696] logged in with entity id 173 at (1361.6901593390178, 4.0, -334.47635876163685)
[14:58:51] [Server thread/INFO]: Player130 joined the game
[14:59:23] [Server thread/INFO]: Player130 has just earned the achievement [Taking Inventory]
[14:59:23] [Client thread/INFO]: [CHAT] Player130 has just earned the achievement [Taking Inventory]
[14:59:35] [Server thread/INFO]: Saving and pausing game...
[14:59:35] [Server thread/INFO]: Saving chunks for level 'New World'/Overworld
[14:59:35] [Server thread/INFO]: Saving chunks for level 'New World'/Nether
[14:59:35] [Server thread/INFO]: Saving chunks for level 'New World'/The End
[14:59:36] [Server thread/INFO]: Stopping server
[14:59:36] [Server thread/INFO]: Saving players
[14:59:36] [Server thread/INFO]: Saving worlds
[14:59:36] [Server thread/INFO]: Saving chunks for level 'New World'/Overworld
[14:59:36] [Server thread/INFO]: Saving chunks for level 'New World'/Nether
[14:59:36] [Server thread/INFO]: Saving chunks for level 'New World'/The End
[14:59:37] [Client thread/INFO]: Stopping!
[15:08:25] [main/INFO]: Setting user: Player531
[15:08:27] [Client thread/INFO]: LWJGL Version: 2.9.1
[15:08:35] [Client thread/INFO]: Reloading ResourceManager: Default, FMLFileResourcePack:Forge Mod Loader, FMLFileResourcePack:Minecraft Forge, FMLFileResourcePack:FactoryCraft
[15:08:39] [Client thread/INFO]: Created: 512x256 textures/blocks-atlas
[15:08:39] [Client thread/INFO]: Created: 256x256 textures/items-atlas
[15:08:39] [Client thread/INFO]: Reloading ResourceManager: Default, FMLFileResourcePack:Forge Mod Loader, FMLFileResourcePack:Minecraft Forge, FMLFileResourcePack:FactoryCraft
[15:08:40] [Client thread/INFO]: Created: 512x256 textures/blocks-atlas
[15:08:40] [Sound Library Loader/INFO]: Sound engine started
[15:08:40] [Client thread/INFO]: Created: 256x256 textures/items-atlas
[15:08:41] [Sound Library Loader/INFO]: Sound engine started
[15:08:47] [Server thread/INFO]: Starting integrated minecraft server version 1.7.10
[15:08:47] [Server thread/INFO]: Generating keypair
[15:08:48] [Server thread/INFO]: Preparing start region for level 0
[15:08:49] [Server thread/INFO]: Preparing spawn area: 81%
[15:08:49] [Server thread/INFO]: Changing view distance to 12, from 10
[15:08:50] [Server thread/INFO]: Player531[local:E:b7d8a1ff] logged in with entity id 173 at (1361.6901593390178, 4.0, -334.47635876163685)
[15:08:50] [Server thread/INFO]: Player531 joined the game
[15:09:02] [Client thread/INFO]: Stopping!
[15:09:02] [Server thread/INFO]: Stopping server
[15:09:02] [Server thread/INFO]: Saving players
[15:09:02] [Server thread/INFO]: Saving worlds
[15:09:02] [Server thread/INFO]: Saving chunks for level 'New World'/Overworld
[15:09:02] [Server thread/INFO]: Saving chunks for level 'New World'/Nether
[15:09:02] [Server thread/INFO]: Saving chunks for level 'New World'/The End
