[15:07:21] [main/INFO]: Setting user: Player50
[15:07:23] [Client thread/INFO]: LWJGL Version: 2.9.1
[15:07:32] [Client thread/INFO]: Reloading ResourceManager: Default, FMLFileResourcePack:Forge Mod Loader, FMLFileResourcePack:Minecraft Forge, FMLFileResourcePack:FactoryCraft
[15:07:34] [Sound Library Loader/INFO]: Sound engine started
[15:07:36] [Client thread/INFO]: Created: 512x256 textures/blocks-atlas
[15:07:36] [Client thread/INFO]: Created: 256x256 textures/items-atlas
[15:07:36] [Client thread/INFO]: Reloading ResourceManager: Default, FMLFileResourcePack:Forge Mod Loader, FMLFileResourcePack:Minecraft Forge, FMLFileResourcePack:FactoryCraft
[15:07:37] [Client thread/INFO]: Created: 512x256 textures/blocks-atlas
[15:07:37] [Client thread/INFO]: Created: 256x256 textures/items-atlas
[15:07:38] [Sound Library Loader/INFO]: Sound engine started
[15:07:43] [Server thread/INFO]: Starting integrated minecraft server version 1.7.10
[15:07:43] [Server thread/INFO]: Generating keypair
[15:07:44] [Server thread/INFO]: Preparing start region for level 0
[15:07:45] [Server thread/INFO]: Preparing spawn area: 96%
[15:07:45] [Server thread/INFO]: Changing view distance to 12, from 10
[15:07:46] [Server thread/INFO]: Player50[local:E:9d6d4e78] logged in with entity id 187 at (1360.893526149432, 4.0, -334.23226685782413)
[15:07:46] [Server thread/INFO]: Player50 joined the game
[15:07:56] [Server thread/INFO]: Player50 has just earned the achievement [Taking Inventory]
[15:07:56] [Client thread/INFO]: [CHAT] Player50 has just earned the achievement [Taking Inventory]
[15:12:10] [Client thread/INFO]: Stopping!
[15:12:10] [Server thread/INFO]: Stopping server
[15:12:10] [Server thread/INFO]: Saving players
[15:12:10] [Server thread/INFO]: Saving worlds
[15:12:10] [Server thread/INFO]: Saving chunks for level 'New World'/Overworld
[15:12:10] [Server thread/INFO]: Saving chunks for level 'New World'/Nether
[15:12:10] [Server thread/INFO]: Saving chunks for level 'New World'/The End
